Timestamp               Ty Process[PID:TID]
2023-02-02 12:20:53.693 Db SpringBoard[14001:253efe] [com.apple.locationd.Motion:Motion] Ping timer fired, resetting watchdog
2023-02-02 12:20:53.769 I  locationd[14020:264473] [com.apple.locationd.Core:Simulation] {"msg":"Nowhere to go; not preparing next location"}
2023-02-02 12:20:53.770 Db locationd[14020:264473] [com.apple.locationd.Core:Simulation] {"msg":"Dealing with no more locations", "repeatBehavior":1}
2023-02-02 12:20:53.770 Db locationd[14020:264473] [com.apple.locationd.Core:Simulation] {"msg":"Adjust next location timestamp", "originalTimestamp_s":"697044054.770092010", "delta_s":"0.079818010"}
2023-02-02 12:20:53.770 Db locationd[14020:264473] [com.apple.locationd.Core:Simulation] {"msg":"Preparing next location"}
2023-02-02 12:20:53.770 Db locationd[14020:264473] [com.apple.locationd.Core:Simulation] {"msg":"No more pending locations"}
2023-02-02 12:20:53.770 Db locationd[14020:264473] [com.apple.locationd.Core:Simulation] {"msg":"Notify location is", "location":'00 00 00 00 FF FF 00 00 DD 0A 61 35 96 E4 42 40 76 E2 72 BC 02 9A 5E C0 00 00 00 00 00 00 14 40 00 00 00 00 00 00 00 00 00 00 00 00 00 00 F0 BF 00 00 00 00 00 00 F0 BF 00 00 00 00 00 00 F0 BF 00 00 00 00 00 00 F0 BF 00 00 00 00 00 00 F0 BF 00 00 00 00 00 00 F0 BF 00 00 00 00 00 00 F0 BF DA C9 6C 2B 06 C6 C4 41 00 00 00 00 00 00 00 00 00 00 F0 BF 01 00 00 00 00 00 00 00 00 00 00 00 00 00 00 00 00 00 00 00 00 00 00 00 00 00 F0 BF FF FF FF 7F 00 00 00 00 00 00 00 00 00 00 00 00 00 00 00 00 00 00 00 00 00 00 00 00 00 00 00 00'}
2023-02-02 12:20:53.770 Df locationd[14020:264473] [com.apple.locationd.Position:GeneralCLX] @ClxSimulated, Fix, 1, ll, 37.7858340, -122.4064170, acc, 5.00, course, -1.0, time, 697044054.8, deltaDistance, 0.0, deltaDistanceAccuracy, 1.9, odometer, 0.0, timestampGps, 697044054.8
2023-02-02 12:20:53.770 Db locationd[14020:264473] [com.apple.locationd.Core:Simulation] {"msg":"Notification delay", "notificationDelay_s":"1.000000000"}
2023-02-02 12:20:53.770 Db locationd[14020:264473] [com.apple.locationd.Core:Simulation] Sending through simulated location for simulated
2023-02-02 12:20:53.770 A  locationd[14020:264473] CL: notifyClientsWithData (Fallback)
2023-02-02 12:20:53.770 Db locationd[14020:264473] [com.apple.locationd.Core:Notifier] {"msg":"notifyClientsWithData", "event":activity, "name":simulated, "notification":3}
2023-02-02 12:20:53.770 A  locationd[14020:264473] CL: notifyClientsWithData (Fallback)
2023-02-02 12:20:53.770 Db locationd[14020:264473] [com.apple.locationd.Core:Notifier] {"msg":"notifyClientsWithData", "event":activity, "name":simulated, "notification":4}
2023-02-02 12:20:53.770 A  locationd[14020:264473] CL: notifyClientsWithData (Fallback)
2023-02-02 12:20:53.770 Db locationd[14020:264473] [com.apple.locationd.Core:Notifier] {"msg":"notifyClientsWithData", "event":activity, "name":simulated, "notification":40}
2023-02-02 12:20:53.770 A  locationd[14020:264473] CL: notifyClientsWithData (Fallback)
2023-02-02 12:20:53.770 Db locationd[14020:264473] [com.apple.locationd.Core:Notifier] {"msg":"notifyClientsWithData", "event":activity, "name":simulated, "notification":2}
2023-02-02 12:20:53.771 A  locationd[14020:264473] CL: notifyClientsWithData (Fallback)
2023-02-02 12:20:53.771 Db locationd[14020:264473] [com.apple.locationd.Core:Notifier] {"msg":"notifyClientsWithData", "event":activity, "name":simulated, "notification":1}
2023-02-02 12:20:53.771 A  locationd[14020:264473] CL: notifyClientsWithData (Fallback)
2023-02-02 12:20:53.771 Db locationd[14020:264473] [com.apple.locationd.Core:Notifier] {"msg":"notifyClientsWithData", "event":activity, "name":simulated, "notification":5}
2023-02-02 12:20:53.771 A  locationd[14020:264473] CL: notifyClientsWithData (Fallback)
2023-02-02 12:20:53.771 Db locationd[14020:264473] [com.apple.locationd.Core:Notifier] {"msg":"notifyClientsWithData", "event":activity, "name":simulated, "notification":0}
2023-02-02 12:20:53.920 Df proactiveeventtrackerd[31499:267fc6] PET daemon has launched
2023-02-02 12:20:53.921 I  proactiveeventtrackerd[31499:267fc6] (ProactiveSupport) _PASEntitlement: Found boolean entitlement: "com.apple.proactive.eventtracker" --> YES
2023-02-02 12:20:53.925 Db cfprefsd[14034:267aed] [com.apple.defaults:cfprefsd] Process 31394 (coreidvd) sent a request related to { kCFPreferencesAnyApplication, user: mobile, kCFPreferencesCurrentHost, /Library/Managed Preferences/mobile/.GlobalPreferences.plist, managed: 1 } (0x6000026d0120)
2023-02-02 12:20:53.925 Db cfprefsd[14034:2665b3] [com.apple.defaults:cfprefsd] Process 31499 (proactiveeventtrackerd) sent a request related to { com.apple.proactiveeventtrackerd, user: mobile, kCFPreferencesCurrentHost, /Library/Managed Preferences/mobile/com.apple.proactiveeventtrackerd.plist, managed: 1 } (0x6000026d9cb0)
2023-02-02 12:20:53.925 E  cfprefsd[14034:2665b3] [com.apple.defaults:cfprefsd] Couldn't open parent path due to [2: No such file or directory]
2023-02-02 12:20:53.925 E  cfprefsd[14034:267aed] [com.apple.defaults:cfprefsd] Couldn't open parent path due to [2: No such file or directory]
2023-02-02 12:20:53.925 Db cfprefsd[14034:2665b3] [com.apple.defaults:cfprefsd] Couldn't open /Library/Managed Preferences/mobile/com.apple.proactiveeventtrackerd.plist due to No such file or directory
2023-02-02 12:20:53.925 Db cfprefsd[14034:267aed] [com.apple.defaults:cfprefsd] Couldn't open /Library/Managed Preferences/mobile/.GlobalPreferences.plist due to No such file or directory
2023-02-02 12:20:53.925 Db cfprefsd[14034:2665b3] [com.apple.defaults:cfprefsd] Process 31499 (proactiveeventtrackerd) sent a request related to { com.apple.proactiveeventtrackerd, user: kCFPreferencesAnyUser, kCFPreferencesCurrentHost, /Library/Managed Preferences/com.apple.proactiveeventtrackerd.plist, managed: 1 } (0x6000026d9cb0)
2023-02-02 12:20:53.926 E  cfprefsd[14034:2665b3] [com.apple.defaults:cfprefsd] Couldn't open parent path due to [2: No such file or directory]
2023-02-02 12:20:53.926 Db cfprefsd[14034:2665b3] [com.apple.defaults:cfprefsd] Couldn't open /Library/Managed Preferences/com.apple.proactiveeventtrackerd.plist due to No such file or directory
2023-02-02 12:20:53.926 Db cfprefsd[14034:2665b3] [com.apple.defaults:cfprefsd] Process 31499 (proactiveeventtrackerd) sent a request related to { com.apple.proactiveeventtrackerd, user: mobile, kCFPreferencesAnyHost, /Users/ggard/Library/Developer/CoreSimulator/Devices/773105ED-D5BC-4800-A2E6-239ECE9FE9FA/data/Library/Preferences/com.apple.proactiveeventtrackerd.plist, managed: 0 } (0x6000025d9ae0)
2023-02-02 12:20:53.926 Db cfprefsd[14034:2665b3] [com.apple.defaults:cfprefsd] Couldn't open /Users/ggard/Library/Developer/CoreSimulator/Devices/773105ED-D5BC-4800-A2E6-239ECE9FE9FA/data/Library/Preferences/com.apple.proactiveeventtrackerd.plist due to No such file or directory
2023-02-02 12:20:53.926 Db cfprefsd[14034:267aed] [com.apple.defaults:cfprefsd] Process 31394 (coreidvd) sent a request related to { com.apple.coreidv.coreidvd, user: mobile, kCFPreferencesAnyHost, /Users/ggard/Library/Developer/CoreSimulator/Devices/773105ED-D5BC-4800-A2E6-239ECE9FE9FA/data/Library/Preferences/com.apple.coreidv.coreidvd.plist, managed: 0 } (0x6000025d5400)
2023-02-02 12:20:53.926 Db cfprefsd[14034:2665b3] [com.apple.defaults:cfprefsd] Process 31499 (proactiveeventtrackerd) sent a request related to { kCFPreferencesAnyApplication, user: mobile, kCFPreferencesCurrentHost, /Library/Managed Preferences/mobile/.GlobalPreferences.plist, managed: 1 } (0x6000026d0120)
2023-02-02 12:20:53.926 E  cfprefsd[14034:2665b3] [com.apple.defaults:cfprefsd] Couldn't open parent path due to [2: No such file or directory]
2023-02-02 12:20:53.926 Db cfprefsd[14034:267aed] [com.apple.defaults:cfprefsd] Couldn't open /Users/ggard/Library/Developer/CoreSimulator/Devices/773105ED-D5BC-4800-A2E6-239ECE9FE9FA/data/Library/Preferences/com.apple.coreidv.coreidvd.plist due to No such file or directory
2023-02-02 12:20:53.926 Db cfprefsd[14034:267aed] [com.apple.defaults:cfprefsd] Process 31394 (coreidvd) sent a request related to { kCFPreferencesAnyApplication, user: mobile, kCFPreferencesAnyHost, /Users/ggard/Library/Developer/CoreSimulator/Devices/773105ED-D5BC-4800-A2E6-239ECE9FE9FA/data/Library/Preferences/.GlobalPreferences.plist, managed: 0 } (0x6000025d4140)
2023-02-02 12:20:53.926 Db cfprefsd[14034:267aed] [com.apple.defaults:cfprefsd] Process 31394 (coreidvd) read data for { kCFPreferencesAnyApplication, mobile, kCFPreferencesAnyHost, /Users/ggard/Library/Developer/CoreSimulator/Devices/773105ED-D5BC-4800-A2E6-239ECE9FE9FA/data/Library/Preferences/.GlobalPreferences.plist, managed: 0 }, backed by /Users/ggard/Library/Developer/CoreSimulator/Devices/773105ED-D5BC-4800-A2E6-239ECE9FE9FA/data/Library/Preferences/.GlobalPreferences.plist
2023-02-02 12:20:53.926 Db cfprefsd[14034:267aed] [com.apple.defaults:cfprefsd] Process 31394 (coreidvd) sent a request related to { kCFPreferencesAnyApplication, user: mobile, kCFPreferencesAnyHost, /Users/ggard/Library/Developer/CoreSimulator/Devices/773105ED-D5BC-4800-A2E6-239ECE9FE9FA/data/Library/Preferences/.GlobalPreferences.plist, managed: 0 } (0x6000025d4140)
2023-02-02 12:20:53.926 Db cfprefsd[14034:267aed] [com.apple.defaults:cfprefsd] Process 31394 (coreidvd) read data for { kCFPreferencesAnyApplication, mobile, kCFPreferencesAnyHost, /Users/ggard/Library/Developer/CoreSimulator/Devices/773105ED-D5BC-4800-A2E6-239ECE9FE9FA/data/Library/Preferences/.GlobalPreferences.plist, managed: 0 }, backed by /Users/ggard/Library/Developer/CoreSimulator/Devices/773105ED-D5BC-4800-A2E6-239ECE9FE9FA/data/Library/Preferences/.GlobalPreferences.plist
2023-02-02 12:20:53.926 Db cfprefsd[14034:2665b3] [com.apple.defaults:cfprefsd] Couldn't open /Library/Managed Preferences/mobile/.GlobalPreferences.plist due to No such file or directory
2023-02-02 12:20:53.926 Db cfprefsd[14034:267aed] [com.apple.defaults:cfprefsd] Process 31394 (coreidvd) sent a request related to { com.apple.coreidv.coreidvd, user: mobile, kCFPreferencesCurrentHost, /Users/ggard/Library/Developer/CoreSimulator/Devices/773105ED-D5BC-4800-A2E6-239ECE9FE9FA/data/Library/Preferences/ByHost/com.apple.coreidv.coreidvd..plist, managed: 0 } (0x6000025d5400)
2023-02-02 12:20:53.927 E  cfprefsd[14034:267aed] [com.apple.defaults:cfprefsd] Couldn't open parent path due to [2: No such file or directory]
2023-02-02 12:20:53.927 Db cfprefsd[14034:267aed] [com.apple.defaults:cfprefsd] Couldn't open /Users/ggard/Library/Developer/CoreSimulator/Devices/773105ED-D5BC-4800-A2E6-239ECE9FE9FA/data/Library/Preferences/ByHost/com.apple.coreidv.coreidvd..plist due to No such file or directory
2023-02-02 12:20:53.927 Db cfprefsd[14034:2665b3] [com.apple.defaults:cfprefsd] Process 31499 (proactiveeventtrackerd) sent a request related to { com.apple.proactiveeventtrackerd, user: mobile, kCFPreferencesAnyHost, /Users/ggard/Library/Developer/CoreSimulator/Devices/773105ED-D5BC-4800-A2E6-239ECE9FE9FA/data/Library/Preferences/com.apple.proactiveeventtrackerd.plist, managed: 0 } (0x6000025d9ae0)
2023-02-02 12:20:53.927 Db cfprefsd[14034:2665b3] [com.apple.defaults:cfprefsd] Couldn't open /Users/ggard/Library/Developer/CoreSimulator/Devices/773105ED-D5BC-4800-A2E6-239ECE9FE9FA/data/Library/Preferences/com.apple.proactiveeventtrackerd.plist due to No such file or directory
2023-02-02 12:20:53.927 Db cfprefsd[14034:2665b3] [com.apple.defaults:cfprefsd] Process 31499 (proactiveeventtrackerd) sent a request related to { kCFPreferencesAnyApplication, user: mobile, kCFPreferencesAnyHost, /Users/ggard/Library/Developer/CoreSimulator/Devices/773105ED-D5BC-4800-A2E6-239ECE9FE9FA/data/Library/Preferences/.GlobalPreferences.plist, managed: 0 } (0x6000025d4140)
2023-02-02 12:20:53.927 Db cfprefsd[14034:2665b3] [com.apple.defaults:cfprefsd] Process 31499 (proactiveeventtrackerd) read data for { kCFPreferencesAnyApplication, mobile, kCFPreferencesAnyHost, /Users/ggard/Library/Developer/CoreSimulator/Devices/773105ED-D5BC-4800-A2E6-239ECE9FE9FA/data/Library/Preferences/.GlobalPreferences.plist, managed: 0 }, backed by /Users/ggard/Library/Developer/CoreSimulator/Devices/773105ED-D5BC-4800-A2E6-239ECE9FE9FA/data/Library/Preferences/.GlobalPreferences.plist
2023-02-02 12:20:53.927 Db cfprefsd[14034:2665b3] [com.apple.defaults:cfprefsd] Process 31499 (proactiveeventtrackerd) sent a request related to { kCFPreferencesAnyApplication, user: mobile, kCFPreferencesAnyHost, /Users/ggard/Library/Developer/CoreSimulator/Devices/773105ED-D5BC-4800-A2E6-239ECE9FE9FA/data/Library/Preferences/.GlobalPreferences.plist, managed: 0 } (0x6000025d4140)
2023-02-02 12:20:53.927 Db cfprefsd[14034:2665b3] [com.apple.defaults:cfprefsd] Process 31499 (proactiveeventtrackerd) read data for { kCFPreferencesAnyApplication, mobile, kCFPreferencesAnyHost, /Users/ggard/Library/Developer/CoreSimulator/Devices/773105ED-D5BC-4800-A2E6-239ECE9FE9FA/data/Library/Preferences/.GlobalPreferences.plist, managed: 0 }, backed by /Users/ggard/Library/Developer/CoreSimulator/Devices/773105ED-D5BC-4800-A2E6-239ECE9FE9FA/data/Library/Preferences/.GlobalPreferences.plist
2023-02-02 12:20:53.927 Db cfprefsd[14034:2665b3] [com.apple.defaults:cfprefsd] Process 31499 (proactiveeventtrackerd) sent a request related to { com.apple.proactiveeventtrackerd, user: mobile, kCFPreferencesCurrentHost, /Users/ggard/Library/Developer/CoreSimulator/Devices/773105ED-D5BC-4800-A2E6-239ECE9FE9FA/data/Library/Preferences/ByHost/com.apple.proactiveeventtrackerd..plist, managed: 0 } (0x6000025d61c0)
2023-02-02 12:20:53.927 E  cfprefsd[14034:2665b3] [com.apple.defaults:cfprefsd] Couldn't open parent path due to [2: No such file or directory]
2023-02-02 12:20:53.927 Db cfprefsd[14034:2665b3] [com.apple.defaults:cfprefsd] Couldn't open /Users/ggard/Library/Developer/CoreSimulator/Devices/773105ED-D5BC-4800-A2E6-239ECE9FE9FA/data/Library/Preferences/ByHost/com.apple.proactiveeventtrackerd..plist due to No such file or directory
2023-02-02 12:20:53.927 Db cfprefsd[14034:2665b3] [com.apple.defaults:cfprefsd] Process 31499 (proactiveeventtrackerd) sent a request related to { kCFPreferencesAnyApplication, user: mobile, kCFPreferencesCurrentHost, /Users/ggard/Library/Developer/CoreSimulator/Devices/773105ED-D5BC-4800-A2E6-239ECE9FE9FA/data/Library/Preferences/ByHost/.GlobalPreferences..plist, managed: 0 } (0x6000025d41e0)
2023-02-02 12:20:53.927 E  cfprefsd[14034:2665b3] [com.apple.defaults:cfprefsd] Couldn't open parent path due to [2: No such file or directory]
2023-02-02 12:20:53.927 Db cfprefsd[14034:2665b3] [com.apple.defaults:cfprefsd] Couldn't open /Users/ggard/Library/Developer/CoreSimulator/Devices/773105ED-D5BC-4800-A2E6-239ECE9FE9FA/data/Library/Preferences/ByHost/.GlobalPreferences..plist due to No such file or directory
2023-02-02 12:20:53.927 Db proactiveeventtrackerd[31499:267fc6] [com.apple.defaults:User Defaults] CFPrefsManagedSource<0x6000001fc100> (Domain: com.apple.proactiveeventtrackerd, User: kCFPreferencesCurrentUser, ByHost: Yes, Container: (null), Contents Need Refresh: No) loaded: an empty base plist and no additional changes from the base plist
2023-02-02 12:20:53.927 Db proactiveeventtrackerd[31499:267fc6] [com.apple.defaults:User Defaults] CFPrefsManagedSource<0x6000001fc180> (Domain: com.apple.proactiveeventtrackerd, User: kCFPreferencesAnyUser, ByHost: Yes, Container: (null), Contents Need Refresh: No) loaded: an empty base plist and no additional changes from the base plist
2023-02-02 12:20:53.927 Db proactiveeventtrackerd[31499:267fc6] [com.apple.defaults:User Defaults] CFPrefsPlistSource<0x6000001fc200> (Domain: com.apple.proactiveeventtrackerd, User: kCFPreferencesCurrentUser, ByHost: No, Container: (null), Contents Need Refresh: No) loaded: an empty base plist and no additional changes from the base plist
2023-02-02 12:20:53.927 Db proactiveeventtrackerd[31499:267fc6] [com.apple.defaults:User Defaults] CFPrefsManagedSource<0x6000001fc380> (Domain: kCFPreferencesAnyApplication, User: kCFPreferencesCurrentUser, ByHost: Yes, Container: (null), Contents Need Refresh: No) loaded: an empty base plist and no additional changes from the base plist
2023-02-02 12:20:53.927 Db proactiveeventtrackerd[31499:267fc6] [com.apple.defaults:User Defaults] CFPrefsPlistSource<0x6000001fc400> (Domain: com.apple.proactiveeventtrackerd, User: kCFPreferencesCurrentUser, ByHost: No, Container: /Users/ggard/Library/Developer/CoreSimulator/Devices/773105ED-D5BC-4800-A2E6-239ECE9FE9FA/data, Contents Need Refresh: No) loaded: an empty base plist and no additional changes from the base plist
2023-02-02 12:20:53.927 Db proactiveeventtrackerd[31499:267fc6] [com.apple.defaults:User Defaults] CFPrefsPlistSource<0x6000001fc480> (Domain: kCFPreferencesAnyApplication, User: kCFPreferencesCurrentUser, ByHost: No, Container: (null), Contents Need Refresh: No) loaded: a new base plist and no additional changes from the base plist
2023-02-02 12:20:53.928 Db proactiveeventtrackerd[31499:267fc6] [com.apple.defaults:User Defaults] CFPrefsPlistSource<0x6000001fc580> (Domain: kCFPreferencesAnyApplication, User: kCFPreferencesCurrentUser, ByHost: No, Container: /Users/ggard/Library/Developer/CoreSimulator/Devices/773105ED-D5BC-4800-A2E6-239ECE9FE9FA/data, Contents Need Refresh: No) loaded: a new base plist and no additional changes from the base plist
2023-02-02 12:20:53.928 Db proactiveeventtrackerd[31499:267fc6] [com.apple.defaults:User Defaults] CFPrefsPlistSource<0x6000001fc600> (Domain: com.apple.proactiveeventtrackerd, User: kCFPreferencesCurrentUser, ByHost: Yes, Container: (null), Contents Need Refresh: No) loaded: an empty base plist and no additional changes from the base plist
2023-02-02 12:20:53.928 Db proactiveeventtrackerd[31499:267fc6] [com.apple.defaults:User Defaults] CFPrefsPlistSource<0x6000001fc780> (Domain: kCFPreferencesAnyApplication, User: kCFPreferencesCurrentUser, ByHost: Yes, Container: (null), Contents Need Refresh: No) loaded: an empty base plist and no additional changes from the base plist
2023-02-02 12:20:53.928 Db proactiveeventtrackerd[31499:267fc6] [com.apple.defaults:User Defaults] found no value for key AppleLanguages in CFPrefsSearchListSource<0x6000001fc000> (Domain: com.apple.proactiveeventtrackerd, Container: (null))
2023-02-02 12:20:53.928 I  proactiveeventtrackerd[31499:267fc6] [com.apple.defaults:User Defaults] using backstop value (
    en
) to avoid returning NULL for key AppleLanguages in kCFPreferencesCurrentApplication
2023-02-02 12:20:53.929 Db proactiveeventtrackerd[31499:267fc6] [com.apple.CFBundle:resources] Language lookup at CFBundle 0x13a904b30 </Applications/Xcode.app/Contents/Developer/Platforms/iPhoneOS.platform/Library/Developer/CoreSimulator/Profiles/Runtimes/iOS.simruntime/Contents/Resources/RuntimeRoot/usr/libexec> (executable, loaded)
	Localizations : [en]
	Dev language  : en
	User prefs    : [en]
	Main bundle   : [<null>]
	Allow mixed   : 0
	Result        : [en]
2023-02-02 12:20:53.929 Db proactiveeventtrackerd[31499:267fc6] [com.apple.CFBundle:resources] Language lookup at CFBundle 0x13a904d50 </Applications/Xcode.app/Contents/Developer/Platforms/iPhoneOS.platform/Library/Developer/CoreSimulator/Profiles/Runtimes/iOS.simruntime/Contents/Resources/RuntimeRoot/System/Library/PrivateFrameworks/ProactiveEventTracker.framework> (not loaded)
	Localizations : [en]
	Dev language  : en
	User prefs    : [en]
	Main bundle   : [en]
	Allow mixed   : 0
	Result        : [en]
2023-02-02 12:20:53.929 Db proactiveeventtrackerd[31499:267fc6] [com.apple.CFBundle:resources] Using ~iphone resources
2023-02-02 12:20:53.929 Db proactiveeventtrackerd[31499:267fc6] [com.apple.CFBundle:resources] Resource lookup at CFBundle 0x13a904d50 </Applications/Xcode.app/Contents/Developer/Platforms/iPhoneOS.platform/Library/Developer/CoreSimulator/Profiles/Runtimes/iOS.simruntime/Contents/Resources/RuntimeRoot/System/Library/PrivateFrameworks/ProactiveEventTracker.framework> (not loaded)
	Request       : pet_config type: bin
	Result        : file:///Applications/Xcode.app/Contents/Developer/Platforms/iPhoneOS.platform/Library/Developer/CoreSimulator/Profiles/Runtimes/iOS.simruntime/Contents/Resources/RuntimeRoot/System/Library/PrivateFrameworks/ProactiveEventTracker.framework/pet_config.bin
2023-02-02 12:20:53.930 Db proactiveeventtrackerd[31499:267fc6] (ProactiveSupport) _PASLazyPlist: Successfully traversed object graph for lazy plist "/Applications/Xcode.app/Contents/Developer/Platforms/iPhoneOS.platform/Library/Developer/CoreSimulator/Profiles/Runtimes/iOS.simruntime/Contents/Resources/RuntimeRoot/System/Library/PrivateFrameworks/ProactiveEventTracker.framework/pet_config.bin".  Object statistics:
2023-02-02 12:20:53.930 Db proactiveeventtrackerd[31499:267fc6] (ProactiveSupport) _PASLazyPlist: Boolean:        52
2023-02-02 12:20:53.930 Db proactiveeventtrackerd[31499:267fc6] (ProactiveSupport) _PASLazyPlist: Tagged integer: 1562
2023-02-02 12:20:53.930 Db proactiveeventtrackerd[31499:267fc6] (ProactiveSupport) _PASLazyPlist: Boxed integer:  0
2023-02-02 12:20:53.930 Db proactiveeventtrackerd[31499:267fc6] (ProactiveSupport) _PASLazyPlist: Tagged real:    173
2023-02-02 12:20:53.930 Db proactiveeventtrackerd[31499:267fc6] (ProactiveSupport) _PASLazyPlist: Boxed real:     117
2023-02-02 12:20:53.930 Db proactiveeventtrackerd[31499:267fc6] (ProactiveSupport) _PASLazyPlist: Date:           0
2023-02-02 12:20:53.932 Db proactiveeventtrackerd[31499:267fc6] (ProactiveSupport) _PASLazyPlist: String:         1068 (356 unique dictionary keys)
2023-02-02 12:20:53.932 Db proactiveeventtrackerd[31499:267fc6] (ProactiveSupport) _PASLazyPlist: Data:           0 (0 total bytes)
2023-02-02 12:20:53.932 Db proactiveeventtrackerd[31499:267fc6] (ProactiveSupport) _PASLazyPlist: Dictionary:     302 (868 total key/value mappings)
2023-02-02 12:20:53.932 Db proactiveeventtrackerd[31499:267fc6] (ProactiveSupport) _PASLazyPlist: Array:          235 (1772 total elements)
2023-02-02 12:20:53.932 Db proactiveeventtrackerd[31499:267fc6] (ProactiveSupport) _PASLazyPlist: Object graph maximum depth: 6
2023-02-02 12:20:53.932 I  proactiveeventtrackerd[31499:267fc6] (ProactiveSupport) _PASLazyPlist: Loaded "/Applications/Xcode.app/Contents/Developer/Platforms/iPhoneOS.platform/Library/Developer/CoreSimulator/Profiles/Runtimes/iOS.simruntime/Contents/Resources/RuntimeRoot/System/Library/PrivateFrameworks/ProactiveEventTracker.framework/pet_config.bin" (mapping 0x104674000, size 18684, string table [0x10, 0x1e12), root 0x48f8)
2023-02-02 12:20:53.932 Db proactiveeventtrackerd[31499:267fc6] (ProactiveSupport) _PASLazyPlist: cache hit for object value at 0x104675e54
2023-02-02 12:20:53.932 Db proactiveeventtrackerd[31499:267fc6] (ProactiveSupport) _PASLazyPlist: cache hit for object value at 0x104675e58
2023-02-02 12:20:53.932 Db proactiveeventtrackerd[31499:267fc6] (ProactiveSupport) _PASLazyPlist: cache hit for object value at 0x104675e5c
2023-02-02 12:20:53.932 Db proactiveeventtrackerd[31499:267fc6] (ProactiveSupport) _PASLazyPlist: cache hit for object value at 0x104675e60
2023-02-02 12:20:53.932 Db proactiveeventtrackerd[31499:267fc6] (ProactiveSupport) _PASLazyPlist: cache hit for object value at 0x104675e64
2023-02-02 12:20:53.932 Db proactiveeventtrackerd[31499:267fc6] (ProactiveSupport) _PASLazyPlist: cache hit for object value at 0x104675e68
2023-02-02 12:20:53.932 Db proactiveeventtrackerd[31499:267fc6] (ProactiveSupport) _PASLazyPlist: cache hit for object value at 0x104675e6c
2023-02-02 12:20:53.932 Db proactiveeventtrackerd[31499:267fc6] (ProactiveSupport) _PASLazyPlist: cache hit for object value at 0x104675ea8
2023-02-02 12:20:53.932 Db proactiveeventtrackerd[31499:267fc6] (ProactiveSupport) _PASLazyPlist: cache hit for object value at 0x104675eac
2023-02-02 12:20:53.932 Db proactiveeventtrackerd[31499:267fc6] (ProactiveSupport) _PASLazyPlist: cache hit for object value at 0x104675ee0
2023-02-02 12:20:53.932 Db proactiveeventtrackerd[31499:267fc6] (ProactiveSupport) _PASLazyPlist: cache hit for object value at 0x104675ee4
2023-02-02 12:20:53.932 Db proactiveeventtrackerd[31499:267fc6] (ProactiveSupport) _PASLazyPlist: cache hit for object value at 0x104675f30
2023-02-02 12:20:53.932 Db proactiveeventtrackerd[31499:267fc6] (ProactiveSupport) _PASLazyPlist: cache hit for object value at 0x104676090
2023-02-02 12:20:53.932 Db proactiveeventtrackerd[31499:267fc6] (ProactiveSupport) _PASLazyPlist: cache hit for object value at 0x104676094
2023-02-02 12:20:53.932 Db proactiveeventtrackerd[31499:267fc6] (ProactiveSupport) _PASLazyPlist: cache hit for object value at 0x104676098
2023-02-02 12:20:53.933 Db proactiveeventtrackerd[31499:267fc6] (ProactiveSupport) _PASLazyPlist: cache hit for object value at 0x10467609c
2023-02-02 12:20:53.933 Db proactiveeventtrackerd[31499:267fc6] (ProactiveSupport) _PASLazyPlist: cache hit for object value at 0x1046760a0
2023-02-02 12:20:53.933 Db proactiveeventtrackerd[31499:267fc6] (ProactiveSupport) _PASLazyPlist: cache hit for object value at 0x1046760a4
2023-02-02 12:20:53.933 Db proactiveeventtrackerd[31499:267fc6] (ProactiveSupport) _PASLazyPlist: cache hit for object value at 0x1046760a8
2023-02-02 12:20:53.933 Db proactiveeventtrackerd[31499:267fc6] (ProactiveSupport) _PASLazyPlist: cache hit for object value at 0x1046760ac
2023-02-02 12:20:53.933 Db proactiveeventtrackerd[31499:267fc6] (ProactiveSupport) _PASLazyPlist: cache hit for object value at 0x1046760b0
2023-02-02 12:20:53.933 Db proactiveeventtrackerd[31499:267fc6] (ProactiveSupport) _PASLazyPlist: cache hit for object value at 0x1046761f8
2023-02-02 12:20:53.933 Db proactiveeventtrackerd[31499:267fc6] (ProactiveSupport) _PASLazyPlist: cache hit for object value at 0x1046761fc
2023-02-02 12:20:53.933 Db proactiveeventtrackerd[31499:267fc6] (ProactiveSupport) _PASLazyPlist: cache hit for object value at 0x104676264
2023-02-02 12:20:53.933 Db proactiveeventtrackerd[31499:267fc6] (ProactiveSupport) _PASLazyPlist: cache hit for object value at 0x104676268
2023-02-02 12:20:53.933 Db proactiveeventtrackerd[31499:267fc6] (ProactiveSupport) _PASLazyPlist: cache hit for object value at 0x10467628c
2023-02-02 12:20:53.933 Db proactiveeventtrackerd[31499:267fc6] (ProactiveSupport) _PASLazyPlist: cache hit for object value at 0x104676290
2023-02-02 12:20:53.933 Db proactiveeventtrackerd[31499:267fc6] (ProactiveSupport) _PASLazyPlist: cache hit for object value at 0x1046762bc
2023-02-02 12:20:53.933 Db proactiveeventtrackerd[31499:267fc6] (ProactiveSupport) _PASLazyPlist: cache hit for object value at 0x1046762c0
2023-02-02 12:20:53.933 Db proactiveeventtrackerd[31499:267fc6] (ProactiveSupport) _PASLazyPlist: cache hit for object value at 0x1046762c4
2023-02-02 12:20:53.933 Db proactiveeventtrackerd[31499:267fc6] (ProactiveSupport) _PASLazyPlist: cache hit for object value at 0x1046762c8
2023-02-02 12:20:53.933 Db proactiveeventtrackerd[31499:267fc6] (ProactiveSupport) _PASLazyPlist: cache hit for object value at 0x1046763a0
2023-02-02 12:20:53.933 Db proactiveeventtrackerd[31499:267fc6] (ProactiveSupport) _PASLazyPlist: cache hit for object value at 0x10467641c
2023-02-02 12:20:53.933 Db proactiveeventtrackerd[31499:267fc6] (ProactiveSupport) _PASLazyPlist: cache hit for object value at 0x104676420
2023-02-02 12:20:53.933 Db proactiveeventtrackerd[31499:267fc6] (ProactiveSupport) _PASLazyPlist: cache hit for object value at 0x1046764e0
2023-02-02 12:20:53.933 Db proactiveeventtrackerd[31499:267fc6] (ProactiveSupport) _PASLazyPlist: cache hit for object value at 0x104676540
2023-02-02 12:20:53.933 Db proactiveeventtrackerd[31499:267fc6] (ProactiveSupport) _PASLazyPlist: cache hit for object value at 0x104676568
2023-02-02 12:20:53.933 Db proactiveeventtrackerd[31499:267fc6] (ProactiveSupport) _PASLazyPlist: cache hit for object value at 0x10467656c
2023-02-02 12:20:53.933 Db proactiveeventtrackerd[31499:267fc6] (ProactiveSupport) _PASLazyPlist: cache hit for object value at 0x104676570
2023-02-02 12:20:53.933 Db proactiveeventtrackerd[31499:267fc6] (ProactiveSupport) _PASLazyPlist: cache hit for object value at 0x104676590
2023-02-02 12:20:53.933 Db proactiveeventtrackerd[31499:267fc6] (ProactiveSupport) _PASLazyPlist: cache hit for object value at 0x104676610
2023-02-02 12:20:53.933 Db proactiveeventtrackerd[31499:267fc6] (ProactiveSupport) _PASLazyPlist: cache hit for object value at 0x104676614
2023-02-02 12:20:53.933 Db proactiveeventtrackerd[31499:267fc6] (ProactiveSupport) _PASLazyPlist: cache hit for object value at 0x104676618
2023-02-02 12:20:53.933 Db proactiveeventtrackerd[31499:267fc6] (ProactiveSupport) _PASLazyPlist: cache hit for object value at 0x10467661c
2023-02-02 12:20:53.933 Db proactiveeventtrackerd[31499:267fc6] (ProactiveSupport) _PASLazyPlist: cache hit for object value at 0x104676620
2023-02-02 12:20:53.933 Db proactiveeventtrackerd[31499:267fc6] (ProactiveSupport) _PASLazyPlist: cache hit for object value at 0x104676540
2023-02-02 12:20:53.933 Db proactiveeventtrackerd[31499:267fc6] (ProactiveSupport) _PASLazyPlist: cache hit for object value at 0x10467691c
2023-02-02 12:20:53.933 Db proactiveeventtrackerd[31499:267fc6] (ProactiveSupport) _PASLazyPlist: cache hit for object value at 0x104676920
2023-02-02 12:20:53.934 Db proactiveeventtrackerd[31499:267fc6] (ProactiveSupport) _PASLazyPlist: cache hit for object value at 0x104676924
2023-02-02 12:20:53.934 Db proactiveeventtrackerd[31499:267fc6] (ProactiveSupport) _PASLazyPlist: cache hit for object value at 0x104676928
2023-02-02 12:20:53.934 Db proactiveeventtrackerd[31499:267fc6] (ProactiveSupport) _PASLazyPlist: cache hit for object value at 0x10467692c
2023-02-02 12:20:53.934 Db proactiveeventtrackerd[31499:267fc6] (ProactiveSupport) _PASLazyPlist: cache hit for object value at 0x104676930
2023-02-02 12:20:53.934 Db proactiveeventtrackerd[31499:267fc6] (ProactiveSupport) _PASLazyPlist: cache hit for object value at 0x104676934
2023-02-02 12:20:53.934 Db proactiveeventtrackerd[31499:267fc6] (ProactiveSupport) _PASLazyPlist: cache hit for object value at 0x104676a20
2023-02-02 12:20:53.934 Db proactiveeventtrackerd[31499:267fc6] (ProactiveSupport) _PASLazyPlist: cache hit for object value at 0x104676a24
2023-02-02 12:20:53.934 Db proactiveeventtrackerd[31499:267fc6] (ProactiveSupport) _PASLazyPlist: cache hit for object value at 0x104676a4c
2023-02-02 12:20:53.934 Db proactiveeventtrackerd[31499:267fc6] (ProactiveSupport) _PASLazyPlist: cache hit for object value at 0x104676a50
2023-02-02 12:20:53.934 Db proactiveeventtrackerd[31499:267fc6] (ProactiveSupport) _PASLazyPlist: cache hit for object value at 0x104676a54
2023-02-02 12:20:53.934 Db proactiveeventtrackerd[31499:267fc6] (ProactiveSupport) _PASLazyPlist: cache hit for object value at 0x104676a74
2023-02-02 12:20:53.934 Db proactiveeventtrackerd[31499:267fc6] (ProactiveSupport) _PASLazyPlist: cache hit for object value at 0x104676a94
2023-02-02 12:20:53.934 Db proactiveeventtrackerd[31499:267fc6] (ProactiveSupport) _PASLazyPlist: cache hit for object value at 0x104676e30
2023-02-02 12:20:53.934 Db proactiveeventtrackerd[31499:267fc6] (ProactiveSupport) _PASLazyPlist: cache hit for object value at 0x104676e34
2023-02-02 12:20:53.934 Db proactiveeventtrackerd[31499:267fc6] (ProactiveSupport) _PASLazyPlist: cache hit for object value at 0x104676e38
2023-02-02 12:20:53.934 Db proactiveeventtrackerd[31499:267fc6] (ProactiveSupport) _PASLazyPlist: cache hit for object value at 0x104676e3c
2023-02-02 12:20:53.934 Db proactiveeventtrackerd[31499:267fc6] (ProactiveSupport) _PASLazyPlist: cache hit for object value at 0x104676e40
2023-02-02 12:20:53.934 Db proactiveeventtrackerd[31499:267fc6] (ProactiveSupport) _PASLazyPlist: cache hit for object value at 0x104676e44
2023-02-02 12:20:53.934 Db proactiveeventtrackerd[31499:267fc6] (ProactiveSupport) _PASLazyPlist: cache hit for object value at 0x104676e48
2023-02-02 12:20:53.934 Db proactiveeventtrackerd[31499:267fc6] (ProactiveSupport) _PASLazyPlist: cache hit for object value at 0x104676e4c
2023-02-02 12:20:53.934 Db proactiveeventtrackerd[31499:267fc6] (ProactiveSupport) _PASLazyPlist: cache hit for object value at 0x104676e50
2023-02-02 12:20:53.934 Db proactiveeventtrackerd[31499:267fc6] (ProactiveSupport) _PASLazyPlist: cache hit for object value at 0x104676e54
2023-02-02 12:20:53.934 Db proactiveeventtrackerd[31499:267fc6] (ProactiveSupport) _PASLazyPlist: cache hit for object value at 0x104676e58
2023-02-02 12:20:53.935 Db proactiveeventtrackerd[31499:267fc6] (ProactiveSupport) _PASLazyPlist: cache hit for object value at 0x104676e5c
2023-02-02 12:20:53.935 Db proactiveeventtrackerd[31499:267fc6] (ProactiveSupport) _PASLazyPlist: cache hit for object value at 0x104676e60
2023-02-02 12:20:53.935 Db proactiveeventtrackerd[31499:267fc6] (ProactiveSupport) _PASLazyPlist: cache hit for object value at 0x104676e64
2023-02-02 12:20:53.935 Db proactiveeventtrackerd[31499:267fc6] (ProactiveSupport) _PASLazyPlist: cache hit for object value at 0x104676e68
2023-02-02 12:20:53.935 Db proactiveeventtrackerd[31499:267fc6] (ProactiveSupport) _PASLazyPlist: cache hit for object value at 0x104676e6c
2023-02-02 12:20:53.935 Db proactiveeventtrackerd[31499:267fc6] (ProactiveSupport) _PASLazyPlist: cache hit for object value at 0x104676e70
2023-02-02 12:20:53.935 Db proactiveeventtrackerd[31499:267fc6] (ProactiveSupport) _PASLazyPlist: cache hit for object value at 0x104676e74
2023-02-02 12:20:53.935 Db proactiveeventtrackerd[31499:267fc6] (ProactiveSupport) _PASLazyPlist: cache hit for object value at 0x104676e78
2023-02-02 12:20:53.935 Db proactiveeventtrackerd[31499:267fc6] (ProactiveSupport) _PASLazyPlist: cache hit for object value at 0x104676e7c
2023-02-02 12:20:53.935 Db proactiveeventtrackerd[31499:267fc6] (ProactiveSupport) _PASLazyPlist: cache hit for object value at 0x104676e80
2023-02-02 12:20:53.935 Db proactiveeventtrackerd[31499:267fc6] (ProactiveSupport) _PASLazyPlist: cache hit for object value at 0x104676e84
2023-02-02 12:20:53.935 Db proactiveeventtrackerd[31499:267fc6] (ProactiveSupport) _PASLazyPlist: cache hit for object value at 0x104676e88
2023-02-02 12:20:53.935 Db proactiveeventtrackerd[31499:267fc6] (ProactiveSupport) _PASLazyPlist: cache hit for object value at 0x104676e8c
2023-02-02 12:20:53.935 Db proactiveeventtrackerd[31499:267fc6] (ProactiveSupport) _PASLazyPlist: cache hit for object value at 0x104676e90
2023-02-02 12:20:53.935 Db proactiveeventtrackerd[31499:267fc6] (ProactiveSupport) _PASLazyPlist: cache hit for object value at 0x104676e94
2023-02-02 12:20:53.935 Db proactiveeventtrackerd[31499:267fc6] (ProactiveSupport) _PASLazyPlist: cache hit for object value at 0x104676e98
2023-02-02 12:20:53.935 Db proactiveeventtrackerd[31499:267fc6] (ProactiveSupport) _PASLazyPlist: cache hit for object value at 0x104676e9c
2023-02-02 12:20:53.935 Db proactiveeventtrackerd[31499:267fc6] (ProactiveSupport) _PASLazyPlist: cache hit for object value at 0x104676ea0
2023-02-02 12:20:53.935 Db proactiveeventtrackerd[31499:267fc6] (ProactiveSupport) _PASLazyPlist: cache hit for object value at 0x104676ea4
2023-02-02 12:20:53.935 Db proactiveeventtrackerd[31499:267fc6] (ProactiveSupport) _PASLazyPlist: cache hit for object value at 0x104676ea8
2023-02-02 12:20:53.935 Db proactiveeventtrackerd[31499:267fc6] (ProactiveSupport) _PASLazyPlist: cache hit for object value at 0x104676eac
2023-02-02 12:20:53.935 Db proactiveeventtrackerd[31499:267fc6] (ProactiveSupport) _PASLazyPlist: cache hit for object value at 0x104676eb0
2023-02-02 12:20:53.935 Db proactiveeventtrackerd[31499:267fc6] (ProactiveSupport) _PASLazyPlist: cache hit for object value at 0x104676eb4
2023-02-02 12:20:53.935 Db proactiveeventtrackerd[31499:267fc6] (ProactiveSupport) _PASLazyPlist: cache hit for object value at 0x104676eb8
2023-02-02 12:20:53.935 Db proactiveeventtrackerd[31499:267fc6] (ProactiveSupport) _PASLazyPlist: cache hit for object value at 0x104676ebc
2023-02-02 12:20:53.935 Db proactiveeventtrackerd[31499:267fc6] (ProactiveSupport) _PASLazyPlist: cache hit for object value at 0x104676ec0
2023-02-02 12:20:53.935 Db proactiveeventtrackerd[31499:267fc6] (ProactiveSupport) _PASLazyPlist: cache hit for object value at 0x104676ec4
2023-02-02 12:20:53.935 Db proactiveeventtrackerd[31499:267fc6] (ProactiveSupport) _PASLazyPlist: cache hit for object value at 0x104676ec8
2023-02-02 12:20:53.935 Db proactiveeventtrackerd[31499:267fc6] (ProactiveSupport) _PASLazyPlist: cache hit for object value at 0x104676ecc
2023-02-02 12:20:53.935 Db proactiveeventtrackerd[31499:267fc6] (ProactiveSupport) _PASLazyPlist: cache hit for object value at 0x104676ed0
2023-02-02 12:20:53.935 Db proactiveeventtrackerd[31499:267fc6] (ProactiveSupport) _PASLazyPlist: cache hit for object value at 0x104676ed4
2023-02-02 12:20:53.935 Db proactiveeventtrackerd[31499:267fc6] (ProactiveSupport) _PASLazyPlist: cache hit for object value at 0x104676ed8
2023-02-02 12:20:53.935 Db proactiveeventtrackerd[31499:267fc6] (ProactiveSupport) _PASLazyPlist: cache hit for object value at 0x104676edc
2023-02-02 12:20:53.935 Db proactiveeventtrackerd[31499:267fc6] (ProactiveSupport) _PASLazyPlist: cache hit for object value at 0x104676ee0
2023-02-02 12:20:53.935 Db proactiveeventtrackerd[31499:267fc6] (ProactiveSupport) _PASLazyPlist: cache hit for object value at 0x104676ee4
2023-02-02 12:20:53.935 Db proactiveeventtrackerd[31499:267fc6] (ProactiveSupport) _PASLazyPlist: cache hit for object value at 0x104676ee8
2023-02-02 12:20:53.935 Db proactiveeventtrackerd[31499:267fc6] (ProactiveSupport) _PASLazyPlist: cache hit for object value at 0x104676eec
2023-02-02 12:20:53.935 Db proactiveeventtrackerd[31499:267fc6] (ProactiveSupport) _PASLazyPlist: cache hit for object value at 0x104676ef0
2023-02-02 12:20:53.935 Db proactiveeventtrackerd[31499:267fc6] (ProactiveSupport) _PASLazyPlist: cache hit for object value at 0x104676ef4
2023-02-02 12:20:53.935 Db proactiveeventtrackerd[31499:267fc6] (ProactiveSupport) _PASLazyPlist: cache hit for object value at 0x104676ef8
2023-02-02 12:20:53.935 Db proactiveeventtrackerd[31499:267fc6] (ProactiveSupport) _PASLazyPlist: cache hit for object value at 0x104676efc
2023-02-02 12:20:53.935 Db proactiveeventtrackerd[31499:267fc6] (ProactiveSupport) _PASLazyPlist: cache hit for object value at 0x104676f00
2023-02-02 12:20:53.935 Db proactiveeventtrackerd[31499:267fc6] (ProactiveSupport) _PASLazyPlist: cache hit for object value at 0x104676f04
2023-02-02 12:20:53.935 Db proactiveeventtrackerd[31499:267fc6] (ProactiveSupport) _PASLazyPlist: cache hit for object value at 0x104676f08
2023-02-02 12:20:53.936 Db proactiveeventtrackerd[31499:267fc6] (ProactiveSupport) _PASLazyPlist: cache hit for object value at 0x104676f0c
2023-02-02 12:20:53.936 Db proactiveeventtrackerd[31499:267fc6] (ProactiveSupport) _PASLazyPlist: cache hit for object value at 0x104676f10
2023-02-02 12:20:53.936 Db proactiveeventtrackerd[31499:267fc6] (ProactiveSupport) _PASLazyPlist: cache hit for object value at 0x104676f14
2023-02-02 12:20:53.936 Db proactiveeventtrackerd[31499:267fc6] (ProactiveSupport) _PASLazyPlist: cache hit for object value at 0x104676f18
2023-02-02 12:20:53.936 Db proactiveeventtrackerd[31499:267fc6] (ProactiveSupport) _PASLazyPlist: cache hit for object value at 0x104676f1c
2023-02-02 12:20:53.936 Db proactiveeventtrackerd[31499:267fc6] (ProactiveSupport) _PASLazyPlist: cache hit for object value at 0x104676f20
2023-02-02 12:20:53.936 Db proactiveeventtrackerd[31499:267fc6] (ProactiveSupport) _PASLazyPlist: cache hit for object value at 0x104676f24
2023-02-02 12:20:53.936 Db proactiveeventtrackerd[31499:267fc6] (ProactiveSupport) _PASLazyPlist: cache hit for object value at 0x104676f28
2023-02-02 12:20:53.936 Db proactiveeventtrackerd[31499:267fc6] (ProactiveSupport) _PASLazyPlist: cache hit for object value at 0x104676f2c
2023-02-02 12:20:53.936 Db proactiveeventtrackerd[31499:267fc6] (ProactiveSupport) _PASLazyPlist: cache hit for object value at 0x104676f30
2023-02-02 12:20:53.936 Db proactiveeventtrackerd[31499:267fc6] (ProactiveSupport) _PASLazyPlist: cache hit for object value at 0x104676f34
2023-02-02 12:20:53.936 Db proactiveeventtrackerd[31499:267fc6] (ProactiveSupport) _PASLazyPlist: cache hit for object value at 0x104676f38
2023-02-02 12:20:53.936 Db proactiveeventtrackerd[31499:267fc6] (ProactiveSupport) _PASLazyPlist: cache hit for object value at 0x104676f3c
2023-02-02 12:20:53.936 Db proactiveeventtrackerd[31499:267fc6] (ProactiveSupport) _PASLazyPlist: cache hit for object value at 0x104676f40
2023-02-02 12:20:53.936 Db proactiveeventtrackerd[31499:267fc6] (ProactiveSupport) _PASLazyPlist: cache hit for object value at 0x104676f44
2023-02-02 12:20:53.936 Db proactiveeventtrackerd[31499:267fc6] (ProactiveSupport) _PASLazyPlist: cache hit for object value at 0x104676f48
2023-02-02 12:20:53.936 Db proactiveeventtrackerd[31499:267fc6] (ProactiveSupport) _PASLazyPlist: cache hit for object value at 0x104676f4c
2023-02-02 12:20:53.936 Db proactiveeventtrackerd[31499:267fc6] (ProactiveSupport) _PASLazyPlist: cache hit for object value at 0x104676f50
2023-02-02 12:20:53.936 Db proactiveeventtrackerd[31499:267fc6] (ProactiveSupport) _PASLazyPlist: cache hit for object value at 0x104676f54
2023-02-02 12:20:53.936 Db proactiveeventtrackerd[31499:267fc6] (ProactiveSupport) _PASLazyPlist: cache hit for object value at 0x104676f58
2023-02-02 12:20:53.936 Db proactiveeventtrackerd[31499:267fc6] (ProactiveSupport) _PASLazyPlist: cache hit for object value at 0x104676f5c
2023-02-02 12:20:53.936 Db proactiveeventtrackerd[31499:267fc6] (ProactiveSupport) _PASLazyPlist: cache hit for object value at 0x104676f60
2023-02-02 12:20:53.936 Db proactiveeventtrackerd[31499:267fc6] (ProactiveSupport) _PASLazyPlist: cache hit for object value at 0x104676f64
2023-02-02 12:20:53.936 Db proactiveeventtrackerd[31499:267fc6] (ProactiveSupport) _PASLazyPlist: cache hit for object value at 0x104676f68
2023-02-02 12:20:53.936 Db proactiveeventtrackerd[31499:267fc6] (ProactiveSupport) _PASLazyPlist: cache hit for object value at 0x104676f6c
2023-02-02 12:20:53.936 Db proactiveeventtrackerd[31499:267fc6] (ProactiveSupport) _PASLazyPlist: cache hit for object value at 0x104676f70
2023-02-02 12:20:53.936 Db proactiveeventtrackerd[31499:267fc6] (ProactiveSupport) _PASLazyPlist: cache hit for object value at 0x104676f74
2023-02-02 12:20:53.936 Db proactiveeventtrackerd[31499:267fc6] (ProactiveSupport) _PASLazyPlist: cache hit for object value at 0x104676f78
2023-02-02 12:20:53.936 Db proactiveeventtrackerd[31499:267fc6] (ProactiveSupport) _PASLazyPlist: cache hit for object value at 0x104676f7c
2023-02-02 12:20:53.936 Db proactiveeventtrackerd[31499:267fc6] (ProactiveSupport) _PASLazyPlist: cache hit for object value at 0x104676f80
2023-02-02 12:20:53.936 Db proactiveeventtrackerd[31499:267fc6] (ProactiveSupport) _PASLazyPlist: cache hit for object value at 0x104676f84
2023-02-02 12:20:53.936 Db proactiveeventtrackerd[31499:267fc6] (ProactiveSupport) _PASLazyPlist: cache hit for object value at 0x104676f88
2023-02-02 12:20:53.936 Db proactiveeventtrackerd[31499:267fc6] (ProactiveSupport) _PASLazyPlist: cache hit for object value at 0x104676f8c
2023-02-02 12:20:53.936 Db proactiveeventtrackerd[31499:267fc6] (ProactiveSupport) _PASLazyPlist: cache hit for object value at 0x104676f90
2023-02-02 12:20:53.936 Db proactiveeventtrackerd[31499:267fc6] (ProactiveSupport) _PASLazyPlist: cache hit for object value at 0x104676f94
2023-02-02 12:20:53.936 Db proactiveeventtrackerd[31499:267fc6] (ProactiveSupport) _PASLazyPlist: cache hit for object value at 0x104676f98
2023-02-02 12:20:53.936 Db proactiveeventtrackerd[31499:267fc6] (ProactiveSupport) _PASLazyPlist: cache hit for object value at 0x104676f9c
2023-02-02 12:20:53.936 Db proactiveeventtrackerd[31499:267fc6] (ProactiveSupport) _PASLazyPlist: cache hit for object value at 0x104676fa0
2023-02-02 12:20:53.936 Db proactiveeventtrackerd[31499:267fc6] (ProactiveSupport) _PASLazyPlist: cache hit for object value at 0x104676fa4
2023-02-02 12:20:53.936 Db proactiveeventtrackerd[31499:267fc6] (ProactiveSupport) _PASLazyPlist: cache hit for object value at 0x104676fa8
2023-02-02 12:20:53.936 Db proactiveeventtrackerd[31499:267fc6] (ProactiveSupport) _PASLazyPlist: cache hit for object value at 0x104676fac
2023-02-02 12:20:53.936 Db proactiveeventtrackerd[31499:267fc6] (ProactiveSupport) _PASLazyPlist: cache hit for object value at 0x104676fb0
2023-02-02 12:20:53.937 Db proactiveeventtrackerd[31499:267fc6] (ProactiveSupport) _PASLazyPlist: cache hit for object value at 0x104677060
2023-02-02 12:20:53.937 Db proactiveeventtrackerd[31499:267fc6] (ProactiveSupport) _PASLazyPlist: cache hit for object value at 0x104677064
2023-02-02 12:20:53.937 Db proactiveeventtrackerd[31499:267fc6] (ProactiveSupport) _PASLazyPlist: cache hit for object value at 0x104677068
2023-02-02 12:20:53.937 Db proactiveeventtrackerd[31499:267fc6] (ProactiveSupport) _PASLazyPlist: cache hit for object value at 0x10467706c
2023-02-02 12:20:53.937 Db proactiveeventtrackerd[31499:267fc6] (ProactiveSupport) _PASLazyPlist: cache hit for object value at 0x104677070
2023-02-02 12:20:53.937 Db proactiveeventtrackerd[31499:267fc6] (ProactiveSupport) _PASLazyPlist: cache hit for object value at 0x104677074
2023-02-02 12:20:53.937 Db proactiveeventtrackerd[31499:267fc6] (ProactiveSupport) _PASLazyPlist: cache hit for object value at 0x104677078
2023-02-02 12:20:53.937 Db proactiveeventtrackerd[31499:267fc6] (ProactiveSupport) _PASLazyPlist: cache hit for object value at 0x10467707c
2023-02-02 12:20:53.937 Db proactiveeventtrackerd[31499:267fc6] (ProactiveSupport) _PASLazyPlist: cache hit for object value at 0x104677080
2023-02-02 12:20:53.937 Db proactiveeventtrackerd[31499:267fc6] (ProactiveSupport) _PASLazyPlist: cache hit for object value at 0x104677084
2023-02-02 12:20:53.937 Db proactiveeventtrackerd[31499:267fc6] (ProactiveSupport) _PASLazyPlist: cache hit for object value at 0x104677088
2023-02-02 12:20:53.937 Db proactiveeventtrackerd[31499:267fc6] (ProactiveSupport) _PASLazyPlist: cache hit for object value at 0x10467708c
2023-02-02 12:20:53.937 Db proactiveeventtrackerd[31499:267fc6] (ProactiveSupport) _PASLazyPlist: cache hit for object value at 0x104677090
2023-02-02 12:20:53.937 Db proactiveeventtrackerd[31499:267fc6] (ProactiveSupport) _PASLazyPlist: cache hit for object value at 0x104677094
2023-02-02 12:20:53.937 Db proactiveeventtrackerd[31499:267fc6] (ProactiveSupport) _PASLazyPlist: cache hit for object value at 0x104677098
2023-02-02 12:20:53.937 Db proactiveeventtrackerd[31499:267fc6] (ProactiveSupport) _PASLazyPlist: cache hit for object value at 0x10467709c
2023-02-02 12:20:53.937 Db proactiveeventtrackerd[31499:267fc6] (ProactiveSupport) _PASLazyPlist: cache hit for object value at 0x1046770a0
2023-02-02 12:20:53.937 Db proactiveeventtrackerd[31499:267fc6] (ProactiveSupport) _PASLazyPlist: cache hit for object value at 0x1046770c0
2023-02-02 12:20:53.937 Db proactiveeventtrackerd[31499:267fc6] (ProactiveSupport) _PASLazyPlist: cache hit for object value at 0x1046771ec
2023-02-02 12:20:53.937 Db proactiveeventtrackerd[31499:267fc6] (ProactiveSupport) _PASLazyPlist: cache hit for object value at 0x1046771f0
2023-02-02 12:20:53.937 Db proactiveeventtrackerd[31499:267fc6] (ProactiveSupport) _PASLazyPlist: cache hit for object value at 0x1046774f4
2023-02-02 12:20:53.937 Db proactiveeventtrackerd[31499:267fc6] (ProactiveSupport) _PASLazyPlist: cache hit for object value at 0x1046776ac
2023-02-02 12:20:53.937 Db proactiveeventtrackerd[31499:267fc6] (ProactiveSupport) _PASLazyPlist: cache hit for object value at 0x1046776b0
2023-02-02 12:20:53.937 Db proactiveeventtrackerd[31499:267fc6] (ProactiveSupport) _PASLazyPlist: cache hit for object value at 0x1046776b4
2023-02-02 12:20:53.937 Db proactiveeventtrackerd[31499:267fc6] (ProactiveSupport) _PASLazyPlist: cache hit for object value at 0x1046776b8
2023-02-02 12:20:53.937 Db proactiveeventtrackerd[31499:267fc6] (ProactiveSupport) _PASLazyPlist: cache hit for object value at 0x10467771c
2023-02-02 12:20:53.937 Db proactiveeventtrackerd[31499:267fc6] (ProactiveSupport) _PASLazyPlist: cache hit for object value at 0x104677720
2023-02-02 12:20:53.937 Db proactiveeventtrackerd[31499:267fc6] (ProactiveSupport) _PASLazyPlist: cache hit for object value at 0x104677b38
2023-02-02 12:20:53.937 Db proactiveeventtrackerd[31499:267fc6] (ProactiveSupport) _PASLazyPlist: cache hit for object value at 0x104677b3c
2023-02-02 12:20:53.937 Db proactiveeventtrackerd[31499:267fc6] (ProactiveSupport) _PASLazyPlist: cache hit for object value at 0x104677b40
2023-02-02 12:20:53.937 Db proactiveeventtrackerd[31499:267fc6] (ProactiveSupport) _PASLazyPlist: cache hit for object value at 0x104677b68
2023-02-02 12:20:53.937 Db proactiveeventtrackerd[31499:267fc6] (ProactiveSupport) _PASLazyPlist: cache hit for object value at 0x104677bbc
2023-02-02 12:20:53.937 Db proactiveeventtrackerd[31499:267fc6] (ProactiveSupport) _PASLazyPlist: cache hit for object value at 0x104677bc0
2023-02-02 12:20:53.937 Db proactiveeventtrackerd[31499:267fc6] (ProactiveSupport) _PASLazyPlist: cache hit for object value at 0x104677be8
2023-02-02 12:20:53.938 Db proactiveeventtrackerd[31499:267fc6] (ProactiveSupport) _PASLazyPlist: cache hit for object value at 0x1046781e8
2023-02-02 12:20:53.938 Db proactiveeventtrackerd[31499:267fc6] (ProactiveSupport) _PASLazyPlist: cache hit for object value at 0x1046781ec
2023-02-02 12:20:53.938 Db proactiveeventtrackerd[31499:267fc6] (ProactiveSupport) _PASLazyPlist: cache hit for object value at 0x1046781f0
2023-02-02 12:20:53.938 Db proactiveeventtrackerd[31499:267fc6] (ProactiveSupport) _PASLazyPlist: cache hit for object value at 0x1046781f4
2023-02-02 12:20:53.938 Db proactiveeventtrackerd[31499:267fc6] (ProactiveSupport) _PASLazyPlist: cache hit for object value at 0x1046781f8
2023-02-02 12:20:53.938 Db proactiveeventtrackerd[31499:267fc6] (ProactiveSupport) _PASLazyPlist: cache hit for object value at 0x10467821c
2023-02-02 12:20:53.938 Db proactiveeventtrackerd[31499:267fc6] (ProactiveSupport) _PASLazyPlist: cache hit for object value at 0x104678220
2023-02-02 12:20:53.938 Db proactiveeventtrackerd[31499:267fc6] (ProactiveSupport) _PASLazyPlist: cache hit for object value at 0x104678448
2023-02-02 12:20:53.938 Db proactiveeventtrackerd[31499:267fc6] (ProactiveSupport) _PASLazyPlist: cache hit for object value at 0x104678468
2023-02-02 12:20:53.938 E  proactiveeventtrackerd[31499:267fc6] (ProactiveEventTracker) User passwd entry or home directory is not found
2023-02-02 12:20:53.938 Df proactiveeventtrackerd[31499:267fc6] [com.apple.CoreAnalytics:client] No XPC connection in Simulator
2023-02-02 12:20:53.939 Db proactiveeventtrackerd[31499:267fc6] [com.apple.CoreAnalytics.event:send] com.apple.proactive.pet.error_init {"reason":0}
2023-02-02 12:20:53.939 E  proactiveeventtrackerd[31499:267fc6] (ProactiveEventTracker) Failed to initialize PETEventTracker2.
2023-02-02 12:20:53.939 A  proactiveeventtrackerd[31499:267fc6] (libsystem_trace.dylib) Activity for state dumps
2023-02-02 12:20:53.939 F  proactiveeventtrackerd[31499:267fc6] Failed to initialize the tracker
2023-02-02 12:20:53.939 Db proactiveeventtrackerd[31499:267fc6] [com.apple.CoreAnalytics.event:send] com.apple.proactive.petd.error_init {"reason":"tracker"}
2023-02-02 12:20:53.939 E  proactiveeventtrackerd[31499:267fc6] Failed to initialize PET service. Exiting...
2023-02-02 12:20:53.939 Df proactiveeventtrackerd[31499:267fc6] [com.apple.CoreAnalytics:client] Entering exit handler.
2023-02-02 12:20:53.939 Df proactiveeventtrackerd[31499:267fc6] [com.apple.CoreAnalytics:client] Exiting exit handler.
2023-02-02 12:20:53.981 Db cfprefsd[14034:267aed] [com.apple.defaults:cfprefsd] Process 31394 (coreidvd) sent a request related to { kCFPreferencesAnyApplication, user: mobile, kCFPreferencesCurrentHost, /Users/ggard/Library/Developer/CoreSimulator/Devices/773105ED-D5BC-4800-A2E6-239ECE9FE9FA/data/Library/Preferences/ByHost/.GlobalPreferences..plist, managed: 0 } (0x6000025d41e0)
2023-02-02 12:20:53.987 Df apsd[14046:253f9c] [com.apple.CommonUtilities:Power] Releasing power assertion {identifier: APSCourier(tcpStream:dataReceived:)-NonCellular}
2023-02-02 12:20:53.987 Db apsd[14046:253f9c] [com.apple.CommonUtilities:Power] (
    "2   CommonUtilities                     0x00000001832a3d78 CUTMapObjectProperties + 8848",
    "3   libsystem_blocks.dylib              0x00000001800b3f60 _ZN10HelperBaseI13GenericInlineE14disposeCaptureILNS1_16BlockCaptureKindE3EEEbjPh + 64",
    "4   libsystem_blocks.dylib              0x00000001800b28e4 _ZN10HelperBaseI13GenericInlineE12destroyBlockEP12Block_layoutbPh + 168",
    "5   libsystem_blocks.dylib              0x00000001800b20ac _call_dispose_helpers_excp + 68",
    "6   libsystem_blocks.dylib              0x00000001800b2fb8 _Block_release + 280",
    "7   libdispatch.dylib                   0x000000018014f16c _dispatch_source_handler_dispose + 32",
    "8   libdispatch.dylib                   0x000000018014e1ac _dispatch_source_invoke + 1728",
    "9   libdispatch.dylib                   0x0000000180144e8c _dispatch_main_queue_drain + 824",
    "10  libdispatch.dylib                   0x0000000180144b44 _dispatch_main_queue_callback_4CF + 40",
    "11  CoreFoundation
2023-02-02 12:20:54.299 E  cfprefsd[14034:267aed] [com.apple.defaults:cfprefsd] Couldn't open parent path due to [2: No such file or directory]
2023-02-02 12:20:54.373 Db cfprefsd[14034:267aed] [com.apple.defaults:cfprefsd] Couldn't open /Users/ggard/Library/Developer/CoreSimulator/Devices/773105ED-D5BC-4800-A2E6-239ECE9FE9FA/data/Library/Preferences/ByHost/.GlobalPreferences..plist due to No such file or directory
2023-02-02 12:20:54.425 Db coreidvd[31394:267d81] [com.apple.defaults:User Defaults] CFPrefsManagedSource<0x600002a58480> (Domain: com.apple.coreidv.coreidvd, User: kCFPreferencesCurrentUser, ByHost: Yes, Container: (null), Contents Need Refresh: No) loaded: an empty base plist and no additional changes from the base plist
2023-02-02 12:20:54.771 I  locationd[14020:264471] [com.apple.locationd.Core:Simulation] {"msg":"Nowhere to go; not preparing next location"}
2023-02-02 12:20:54.772 Db locationd[14020:264471] [com.apple.locationd.Core:Simulation] {"msg":"Dealing with no more locations", "repeatBehavior":1}
2023-02-02 12:20:54.772 Db locationd[14020:264471] [com.apple.locationd.Core:Simulation] {"msg":"Adjust next location timestamp", "originalTimestamp_s":"697044055.772184968", "delta_s":"0.079818010"}
2023-02-02 12:20:54.772 Db locationd[14020:264471] [com.apple.locationd.Core:Simulation] {"msg":"Preparing next location"}
2023-02-02 12:20:54.772 Db locationd[14020:264471] [com.apple.locationd.Core:Simulation] {"msg":"No more pending locations"}
2023-02-02 12:20:54.772 Db locationd[14020:264471] [com.apple.locationd.Core:Simulation] {"msg":"Notify location is", "location":'00 00 00 00 FF FF 00 00 DD 0A 61 35 96 E4 42 40 76 E2 72 BC 02 9A 5E C0 00 00 00 00 00 00 14 40 00 00 00 00 00 00 00 00 00 00 00 00 00 00 F0 BF 00 00 00 00 00 00 F0 BF 00 00 00 00 00 00 F0 BF 00 00 00 00 00 00 F0 BF 00 00 00 00 00 00 F0 BF 00 00 00 00 00 00 F0 BF 00 00 00 00 00 00 F0 BF 6F 0E ED 2B 06 C6 C4 41 00 00 00 00 00 00 00 00 00 00 F0 BF 01 00 00 00 00 00 00 00 00 00 00 00 00 00 00 00 00 00 00 00 00 00 00 00 00 00 F0 BF FF FF FF 7F 00 00 00 00 00 00 00 00 00 00 00 00 00 00 00 00 00 00 00 00 00 00 00 00 00 00 00 00'}
2023-02-02 12:20:54.772 Df locationd[14020:264471] [com.apple.locationd.Position:GeneralCLX] @ClxSimulated, Fix, 1, ll, 37.7858340, -122.4064170, acc, 5.00, course, -1.0, time, 697044055.9, deltaDistance, 0.0, deltaDistanceAccuracy, 1.9, odometer, 0.0, timestampGps, 697044055.9
2023-02-02 12:20:54.772 Db locationd[14020:264471] [com.apple.locationd.Core:Simulation] {"msg":"Notification delay", "notificationDelay_s":"1.000000000"}
2023-02-02 12:20:54.772 Db locationd[14020:264473] [com.apple.locationd.Core:Simulation] Sending through simulated location for simulated
2023-02-02 12:20:54.772 A  locationd[14020:264473] CL: notifyClientsWithData (Fallback)
2023-02-02 12:20:54.773 Db locationd[14020:264473] [com.apple.locationd.Core:Notifier] {"msg":"notifyClientsWithData", "event":activity, "name":simulated, "notification":3}
2023-02-02 12:20:54.773 A  locationd[14020:264473] CL: notifyClientsWithData (Fallback)
2023-02-02 12:20:54.773 Db locationd[14020:264473] [com.apple.locationd.Core:Notifier] {"msg":"notifyClientsWithData", "event":activity, "name":simulated, "notification":4}
2023-02-02 12:20:54.773 A  locationd[14020:264473] CL: notifyClientsWithData (Fallback)
2023-02-02 12:20:54.773 Db locationd[14020:264473] [com.apple.locationd.Core:Notifier] {"msg":"notifyClientsWithData", "event":activity, "name":simulated, "notification":40}
2023-02-02 12:20:54.773 A  locationd[14020:264473] CL: notifyClientsWithData (Fallback)
2023-02-02 12:20:54.773 Db locationd[14020:264473] [com.apple.locationd.Core:Notifier] {"msg":"notifyClientsWithData", "event":activity, "name":simulated, "notification":2}
2023-02-02 12:20:54.773 A  locationd[14020:264473] CL: notifyClientsWithData (Fallback)
2023-02-02 12:20:54.773 Db locationd[14020:264473] [com.apple.locationd.Core:Notifier] {"msg":"notifyClientsWithData", "event":activity, "name":simulated, "notification":1}
2023-02-02 12:20:54.773 A  locationd[14020:264473] CL: notifyClientsWithData (Fallback)
2023-02-02 12:20:54.773 Db locationd[14020:264473] [com.apple.locationd.Core:Notifier] {"msg":"notifyClientsWithData", "event":activity, "name":simulated, "notification":5}
2023-02-02 12:20:54.773 A  locationd[14020:264473] CL: notifyClientsWithData (Fallback)
2023-02-02 12:20:54.773 Db locationd[14020:264473] [com.apple.locationd.Core:Notifier] {"msg":"notifyClientsWithData", "event":activity, "name":simulated, "notification":0}
2023-02-02 12:20:54.869 Db backboardd[14017:253f03] [com.apple.locationd.Motion:Motion] Ping timer fired, resetting watchdog
2023-02-02 12:20:55.380 I  runningboardd[14003:267c54] [com.apple.runningboard:message] PERF: Received request from [osservice<com.apple.liveactivitiesd>:31401] (euid 502, auid 502): async_invalidateAssertionWithIdentifier:
2023-02-02 12:20:55.380 A  runningboardd[14003:267c54] (RunningBoard) invalidateAssertionWithIdentifier
2023-02-02 12:20:55.380 Df runningboardd[14003:267c54] [com.apple.runningboard:ttl] Invalidating assertion 14003-31401-735 (target:[osservice<com.apple.SpringBoard>:14001]) from originator [osservice<com.apple.liveactivitiesd>:31401]
2023-02-02 12:20:55.380 I  runningboardd[14003:267c54] [com.apple.runningboard:message] PERF: Received request from [osservice<com.apple.liveactivitiesd>:31401] (euid 502, auid 502): async_invalidateAssertionWithIdentifier:
2023-02-02 12:20:55.380 A  runningboardd[14003:267c54] (RunningBoard) invalidateAssertionWithIdentifier
2023-02-02 12:20:55.380 Df runningboardd[14003:267c54] [com.apple.runningboard:ttl] Invalidating assertion 14003-31401-736 (target:[osservice<com.apple.SpringBoard>:14001]) from originator [osservice<com.apple.liveactivitiesd>:31401]

