0 info it worked if it ends with ok
1 verbose cli [ '/usr/local/bin/node',
1 verbose cli   '/Users/ziriaka/.npm-packages/bin/npm',
1 verbose cli   'publish' ]
2 info using npm@3.7.5
3 info using node@v8.9.1
4 verbose publish [ '.' ]
5 silly cache add args [ '.', null ]
6 verbose cache add spec .
7 silly cache add parsed spec Result {
7 silly cache add   raw: '.',
7 silly cache add   scope: null,
7 silly cache add   name: null,
7 silly cache add   rawSpec: '.',
7 silly cache add   spec: '/Users/ziriaka/Documents/gus/github/react-native-swiper-flatlist',
7 silly cache add   type: 'directory' }
8 verbose addLocalDirectory /Users/ziriaka/.npm/react-native-swiper-flatlist/0.0.1/package.tgz not in flight; packing
9 verbose correctMkdir /Users/ziriaka/.npm correctMkdir not in flight; initializing
10 info lifecycle react-native-swiper-flatlist@0.0.1~prepublish: react-native-swiper-flatlist@0.0.1
11 silly lifecycle react-native-swiper-flatlist@0.0.1~prepublish: no script for prepublish, continuing
12 verbose tar pack [ '/Users/ziriaka/.npm/react-native-swiper-flatlist/0.0.1/package.tgz',
12 verbose tar pack   '/Users/ziriaka/Documents/gus/github/react-native-swiper-flatlist' ]
13 verbose tarball /Users/ziriaka/.npm/react-native-swiper-flatlist/0.0.1/package.tgz
14 verbose folder /Users/ziriaka/Documents/gus/github/react-native-swiper-flatlist
15 verbose addLocalTarball adding from inside cache /Users/ziriaka/.npm/react-native-swiper-flatlist/0.0.1/package.tgz
16 verbose correctMkdir /Users/ziriaka/.npm correctMkdir not in flight; initializing
17 silly cache afterAdd react-native-swiper-flatlist@0.0.1
18 verbose afterAdd /Users/ziriaka/.npm/react-native-swiper-flatlist/0.0.1/package/package.json not in flight; writing
19 verbose correctMkdir /Users/ziriaka/.npm correctMkdir not in flight; initializing
20 verbose afterAdd /Users/ziriaka/.npm/react-native-swiper-flatlist/0.0.1/package/package.json written
21 silly publish { name: 'react-native-swiper-flatlist',
21 silly publish   version: '0.0.1',
21 silly publish   main: 'index.js',
21 silly publish   license: 'Apache-2.0',
21 silly publish   author:
21 silly publish    { name: 'Gustavo Gard',
21 silly publish      email: 'gusgard@gmail.com',
21 silly publish      url: 'https://gusgard.com' },
21 silly publish   repository:
21 silly publish    { type: 'git',
21 silly publish      url: 'git+https://github.com/gusgard/react-native-swiper-flatlist.git' },
21 silly publish   description: 'React native swiper flatlist component',
21 silly publish   bugs:
21 silly publish    { url: 'https://github.com/gusgard/react-native-swiper-flatlist/issues' },
21 silly publish   homepage: 'https://github.com/gusgard/react-native-swiper-flatlist#readme',
21 silly publish   keywords:
21 silly publish    [ 'swiper flatlist',
21 silly publish      'swiper',
21 silly publish      'swiper component',
21 silly publish      'react native',
21 silly publish      'react-native',
21 silly publish      'react',
21 silly publish      'flatlist',
21 silly publish      'flatlist swiper' ],
21 silly publish   scripts:
21 silly publish    { lint: 'eslint index.js src',
21 silly publish      'lint-fix': 'eslint index.js src --fix',
21 silly publish      test: 'jest',
21 silly publish      'test-watch': 'jest --watch',
21 silly publish      publish: 'npm publish' },
21 silly publish   dependencies: { 'prop-types': '^15.6.0' },
21 silly publish   devDependencies:
21 silly publish    { 'babel-eslint': '^7.2.1',
21 silly publish      'babel-jest': '21.2.0',
21 silly publish      'babel-preset-react-native': '4.0.0',
21 silly publish      enzyme: '^3.1.0',
21 silly publish      'enzyme-adapter-react-16': '^1.0.2',
21 silly publish      'enzyme-to-json': '^3.1.4',
21 silly publish      eslint: '^4.9.0',
21 silly publish      'eslint-config-airbnb': '^15.0.1',
21 silly publish      'eslint-config-prettier': '^2.1.1',
21 silly publish      'eslint-plugin-flowtype': '^2.33.0',
21 silly publish      'eslint-plugin-import': '^2.2.0',
21 silly publish      'eslint-plugin-jsx-a11y': '^5.0.3',
21 silly publish      'eslint-plugin-prettier': '^2.1.1',
21 silly publish      'eslint-plugin-react': '^7.0.1',
21 silly publish      'eslint-plugin-react-native': '^3.1.0',
21 silly publish      jest: '21.2.1',
21 silly publish      'pre-commit': '^1.2.2',
21 silly publish      prettier: '^1.3.1',
21 silly publish      'prettier-eslint': '^8.2.1',
21 silly publish      react: '16.0.0',
21 silly publish      'react-dom': '^16.0.0',
21 silly publish      'react-native': '0.50.3' },
21 silly publish   jest:
21 silly publish    { preset: 'react-native',
21 silly publish      setupTestFrameworkScriptFile: './enzyme.js',
21 silly publish      modulePathIgnorePatterns: [ '<rootDir>/example/node_modules/' ],
21 silly publish      snapshotSerializers: [ './node_modules/enzyme-to-json/serializer' ] },
21 silly publish   'pre-commit': { run: [ 'lint', 'test' ] },
21 silly publish   readme: '# :point_up_2: Swiper flatlist component\n\n![platforms](https://img.shields.io/badge/platforms-Android%20|%20iOS-brightgreen.svg)\n[![npm](https://img.shields.io/npm/v/react-native-swiper-flatlist.svg)](https://www.npmjs.com/package/react-native-swiper-flatlist)\n[![npm](https://img.shields.io/npm/dm/react-native-swiper-flatlist.svg)](https://www.npmjs.com/package/react-native-swiper-flatlist)\n[![travis](https://travis-ci.org/gusgard/react-native-swiper-flatlist.svg?branch=master)](https://travis-ci.org/gusgard/react-native-swiper-flatlist)\n[license-badge]: https://img.shields.io/npm/l/react-native-swiper-flatlist.svg\n\n# WIP...\n\n## Author\n\nGustavo Gard\n',
21 silly publish   readmeFilename: 'README.md',
21 silly publish   gitHead: '3bc6a8457b54318a9f26d3cc4f554eb9ce04933c',
21 silly publish   _id: 'react-native-swiper-flatlist@0.0.1',
21 silly publish   _shasum: 'ba507cabb113dae561ca76514f1589bcd56ed86e',
21 silly publish   _from: '.' }
22 verbose getPublishConfig undefined
23 silly mapToRegistry name react-native-swiper-flatlist
24 silly mapToRegistry using default registry
25 silly mapToRegistry registry https://registry.yarnpkg.com/
26 silly mapToRegistry uri https://registry.yarnpkg.com/react-native-swiper-flatlist
27 verbose publish registryBase https://registry.yarnpkg.com/
28 silly publish uploading /Users/ziriaka/.npm/react-native-swiper-flatlist/0.0.1/package.tgz
29 verbose stack Error: auth required for publishing
29 verbose stack     at CachingRegistryClient.publish (/Users/ziriaka/.npm-packages/lib/node_modules/npm/node_modules/npm-registry-client/lib/publish.js:30:14)
29 verbose stack     at /Users/ziriaka/.npm-packages/lib/node_modules/npm/lib/publish.js:137:14
29 verbose stack     at mapToRegistry (/Users/ziriaka/.npm-packages/lib/node_modules/npm/lib/utils/map-to-registry.js:55:3)
29 verbose stack     at publish_ (/Users/ziriaka/.npm-packages/lib/node_modules/npm/lib/publish.js:106:3)
29 verbose stack     at Array.<anonymous> (/Users/ziriaka/.npm-packages/lib/node_modules/npm/node_modules/slide/lib/bind-actor.js:15:8)
29 verbose stack     at LOOP (/Users/ziriaka/.npm-packages/lib/node_modules/npm/node_modules/slide/lib/chain.js:15:14)
29 verbose stack     at LOOP (/Users/ziriaka/.npm-packages/lib/node_modules/npm/node_modules/slide/lib/chain.js:14:28)
29 verbose stack     at chain (/Users/ziriaka/.npm-packages/lib/node_modules/npm/node_modules/slide/lib/chain.js:20:5)
29 verbose stack     at /Users/ziriaka/.npm-packages/lib/node_modules/npm/lib/publish.js:72:5
29 verbose stack     at RES (/Users/ziriaka/.npm-packages/lib/node_modules/npm/node_modules/inflight/inflight.js:23:14)
30 verbose cwd /Users/ziriaka/Documents/gus/github/react-native-swiper-flatlist
31 error Darwin 17.2.0
32 error argv "/usr/local/bin/node" "/Users/ziriaka/.npm-packages/bin/npm" "publish"
33 error node v8.9.1
34 error npm  v3.7.5
35 error code ENEEDAUTH
36 error need auth auth required for publishing
37 error need auth You need to authorize this machine using `npm adduser`
38 verbose exit [ 1, true ]
