Timestamp               Ty Process[PID:TID]
2023-02-02 12:20:47.236 Df log[31423:267e0a] (LoggingSupport) Sending stream request to diagnosticd
2023-02-02 12:20:47.491 Df healthd[31399:267dad] [com.apple.trial:_] Finished lazy initialization of TRIClient
2023-02-02 12:20:47.516 Df healthd[31399:267dad] [com.apple.trial:_] adding update handler 0 for namespace HEALTH_FEATURE_AVAILABILITY
2023-02-02 12:20:47.517 Df healthd[31399:267dad] [com.apple.HealthKit:infrastructure] <_HDMaintenanceWorkCoordinatorSynchronousOperation:0x600002538410 HDOTAFeatureAvailabilityManager:syncDisableAndExpiryConditionsToLegacyPairedWatches pending for 0.000s>: Enqueued for immediate start
2023-02-02 12:20:47.590 I  coreidvd[31394:267d7d] [com.apple.cloudkit.sim:CK] Allowing CKContainer to set any environment
2023-02-02 12:20:44.907 I  FamilyControlsAgent[31400:267d8c] [com.apple.cloudkit.sim:CK] Device is NOT an AppleInternal install
2023-02-02 12:20:47.725 Df FamilyControlsAgent[31400:267d8c] [com.apple.IDS:Registration] XPC has informed us that a fatal error has occured, we will not be attempting to reconnect any further
2023-02-02 12:20:46.314 Df FamilyControlsAgent[31400:267d95] [com.apple.xpc.activity:Client] xpc_activity_set_criteria, lower half: com.apple.familycontrols.container.Production.Private.sync (0x600003e74140), check-in
2023-02-02 12:20:47.736 I  locationd[14020:264473] [com.apple.locationd.Core:Simulation] {"msg":"Nowhere to go; not preparing next location"}
2023-02-02 12:20:47.736 Db locationd[14020:264473] [com.apple.locationd.Core:Simulation] {"msg":"Dealing with no more locations", "repeatBehavior":1}
2023-02-02 12:20:47.736 Db locationd[14020:264473] [com.apple.locationd.Core:Simulation] {"msg":"Adjust next location timestamp", "originalTimestamp_s":"697044048.736940026", "delta_s":"0.079818010"}
2023-02-02 12:20:47.736 Db locationd[14020:264473] [com.apple.locationd.Core:Simulation] {"msg":"Preparing next location"}
2023-02-02 12:20:47.737 Db locationd[14020:264473] [com.apple.locationd.Core:Simulation] {"msg":"No more pending locations"}
2023-02-02 12:20:47.737 Db locationd[14020:264473] [com.apple.locationd.Core:Simulation] {"msg":"Notify location is", "location":'00 00 00 00 FF FF 00 00 DD 0A 61 35 96 E4 42 40 76 E2 72 BC 02 9A 5E C0 00 00 00 00 00 00 14 40 00 00 00 00 00 00 00 00 00 00 00 00 00 00 F0 BF 00 00 00 00 00 00 F0 BF 00 00 00 00 00 00 F0 BF 00 00 00 00 00 00 F0 BF 00 00 00 00 00 00 F0 BF 00 00 00 00 00 00 F0 BF 00 00 00 00 00 00 F0 BF 87 8B 68 28 06 C6 C4 41 00 00 00 00 00 00 00 00 00 00 F0 BF 01 00 00 00 00 00 00 00 00 00 00 00 00 00 00 00 00 00 00 00 00 00 00 00 00 00 F0 BF FF FF FF 7F 00 00 00 00 00 00 00 00 00 00 00 00 00 00 00 00 00 00 00 00 00 00 00 00 00 00 00 00'}
2023-02-02 12:20:47.737 Df locationd[14020:264473] [com.apple.locationd.Position:GeneralCLX] @ClxSimulated, Fix, 1, ll, 37.7858340, -122.4064170, acc, 5.00, course, -1.0, time, 697044048.8, deltaDistance, 0.0, deltaDistanceAccuracy, 1.9, odometer, 0.0, timestampGps, 697044048.8
2023-02-02 12:20:47.737 Db locationd[14020:264473] [com.apple.locationd.Core:Simulation] {"msg":"Notification delay", "notificationDelay_s":"1.000000000"}
2023-02-02 12:20:47.737 Db locationd[14020:264471] [com.apple.locationd.Core:Simulation] Sending through simulated location for simulated
2023-02-02 12:20:47.737 A  locationd[14020:264471] CL: notifyClientsWithData (Fallback)
2023-02-02 12:20:47.737 Db locationd[14020:264471] [com.apple.locationd.Core:Notifier] {"msg":"notifyClientsWithData", "event":activity, "name":simulated, "notification":3}
2023-02-02 12:20:47.738 A  locationd[14020:264471] CL: notifyClientsWithData (Fallback)
2023-02-02 12:20:47.738 Db locationd[14020:264471] [com.apple.locationd.Core:Notifier] {"msg":"notifyClientsWithData", "event":activity, "name":simulated, "notification":4}
2023-02-02 12:20:47.738 A  locationd[14020:264471] CL: notifyClientsWithData (Fallback)
2023-02-02 12:20:47.738 Db locationd[14020:264471] [com.apple.locationd.Core:Notifier] {"msg":"notifyClientsWithData", "event":activity, "name":simulated, "notification":40}
2023-02-02 12:20:47.738 A  locationd[14020:264471] CL: notifyClientsWithData (Fallback)
2023-02-02 12:20:47.738 Db locationd[14020:264471] [com.apple.locationd.Core:Notifier] {"msg":"notifyClientsWithData", "event":activity, "name":simulated, "notification":2}
2023-02-02 12:20:47.738 A  locationd[14020:264471] CL: notifyClientsWithData (Fallback)
2023-02-02 12:20:47.738 Db locationd[14020:264471] [com.apple.locationd.Core:Notifier] {"msg":"notifyClientsWithData", "event":activity, "name":simulated, "notification":1}
2023-02-02 12:20:47.738 A  locationd[14020:264471] CL: notifyClientsWithData (Fallback)
2023-02-02 12:20:47.738 Db locationd[14020:264471] [com.apple.locationd.Core:Notifier] {"msg":"notifyClientsWithData", "event":activity, "name":simulated, "notification":5}
2023-02-02 12:20:47.738 A  locationd[14020:264471] CL: notifyClientsWithData (Fallback)
2023-02-02 12:20:47.738 Db locationd[14020:264471] [com.apple.locationd.Core:Notifier] {"msg":"notifyClientsWithData", "event":activity, "name":simulated, "notification":0}
2023-02-02 12:20:47.819 Df installd[31371:267c49] (MobileSystemServices) 0x16b2af000 -[MILaunchServicesOperationManager _onQueue_removePendingLaunchServicesOperationForUUID:dueToLSSave:]: Removing operation after LS save: <MILaunchServicesRegisterOperation: 460E3553-592A-4512-879E-59CE24D12A90:2 org.reactjs.native.example.SwiperFlatListExample/MIInstallationDomainSystemShared personas:[Invalid]>
2023-02-02 12:20:47.826 Df biomed[27090:2643c7] [com.apple.Biome:BiomeCompute] BMComputeSourceServer connection <NSXPCConnection: 0x6000034ac000> connection from pid 31395 on mach service named com.apple.biome.compute.source invalidated because client is gone
2023-02-02 12:20:47.830 Df installd[31371:267c49] (MobileSystemServices) 0x16b2af000 -[MILaunchServicesOperationManager _onQueue_removePendingLaunchServicesOperationForUUID:dueToLSSave:]: Removing operation after LS save: <MILaunchServicesRegisterOperation: 83A1F797-6C85-4200-B2EE-982F0A73E94B:3 org.reactjs.native.example.SwiperFlatListExample/MIInstallationDomainSystemShared personas:[Invalid]>
2023-02-02 12:20:47.858 Db bird[31393:267d38] [com.apple.clouddocs:default personal] [DEBUG] Received an app install notification
2023-02-02 12:20:47.865 Db bird[31393:267d38] [com.apple.clouddocs:default personal] [DEBUG] Received an app install notification
2023-02-02 12:20:47.868 Db bird[31393:267d38] [com.apple.clouddocs:default personal] [DEBUG] Received an app install notification
2023-02-02 12:20:47.869 Df healthd[31399:267daf] [com.apple.xpc.activity:Client] _xpc_activity_set_criteria: com.apple.healthd.awd-submission-manager.fitness-daily (0x60000373c280), check-in
2023-02-02 12:20:47.870 Df healthd[31399:267d68] [com.apple.xpc.activity:Client] __XPC_ACTIVITY_CALLING_HANDLER__: com.apple.healthd.database.journal.merge.secondary (0x600003734320), current state 0, pending state 0
2023-02-02 12:20:48.367 I  SpringBoard[14001:267c48] [com.apple.launchservices:privacy] constructing bundle record for file:///Applications/Xcode.app/Contents/Developer/Platforms/iPhoneOS.platform/Library/Developer/CoreSimulator/Profiles/Runtimes/iOS.simruntime/Contents/Resources/RuntimeRoot/Applications/Maps.app/
2023-02-02 12:20:48.369 Df dmd[14185:25446c] Received xpc stream event (distributed notification matching) with name: com.apple.LaunchServices.applicationRegistered user info: {
    bundleIDs =     (
        "org.reactjs.native.example.SwiperFlatListExample"
    );
    isPlaceholder = 1;
}
2023-02-02 12:20:48.370 Df dmd[14185:25446c] [com.apple.dmd:Policy] Handling distributed notification with name: com.apple.LaunchServices.applicationRegistered
2023-02-02 12:20:48.377 I  coreidvd[31394:267de7] [com.apple.containermanager:xpc] connection <0x600000a444e0/1/0; 0x0> invalidated
2023-02-02 12:20:48.377 Db coreidvd[31394:267de7] [com.apple.containermanager:xpc] connection <0x600000a444e0/1/0> released; cnt = 0
2023-02-02 12:20:48.377 Db coreidvd[31394:267de7] [com.apple.containermanager:xpc] connection <0x600000a444e0/1/0> freed; cnt = 0
2023-02-02 12:20:48.383 Df FamilyControlsAgent[31400:267d95] [com.apple.xpc.activity:Client] _xpc_activity_set_criteria: com.apple.familycontrols.container.Production.Private.sync (0x600003e74140), check-in
2023-02-02 12:20:48.458 I  maild[14107:25a14a] [com.apple.email:EDSearchableIndexScheduler] Checking for XPC deferral
2023-02-02 12:20:48.465 I  healthd[31399:267dad] [com.apple.containermanager:xpc] connection <0x600000935ce0/1/0; 0x0> invalidated
2023-02-02 12:20:48.466 Db healthd[31399:267dad] [com.apple.containermanager:xpc] connection <0x600000935ce0/1/0> released; cnt = 0
2023-02-02 12:20:48.466 Db healthd[31399:267dad] [com.apple.containermanager:xpc] connection <0x600000935ce0/1/0> freed; cnt = 0
2023-02-02 12:20:48.466 Df healthd[31399:267dad] [com.apple.HealthKit:infrastructure] <_HDMaintenanceWorkCoordinatorSynchronousOperation:0x600002538410 HDOTAFeatureAvailabilityManager:syncDisableAndExpiryConditionsToLegacyPairedWatches running for 0.000s/900.000s>: Started.
2023-02-02 12:20:48.467 Db healthd[31399:267dad] [com.apple.defaults:User Defaults] found no value for key HDFeatureAvailabilityAssetManagerTestMode in CFPrefsSearchListSource<0x600002838080> (Domain: com.apple.healthd, Container: (null))
2023-02-02 12:20:48.467 Db healthd[31399:267dad] [com.apple.defaults:User Defaults] found no value for key com.apple.triald.namespacedescriptor.path in CFPrefsSearchListSource<0x600002838080> (Domain: com.apple.healthd, Container: (null))
2023-02-02 12:20:48.472 Db videosubscriptionsd[31392:267d19] [com.apple.defaults:User Defaults] found no value for key NSDoubleLocalizedStrings in CFPrefsSearchListSource<0x600001ba8000> (Domain: videosubscriptionsd, Container: (null))
2023-02-02 12:20:48.473 Db videosubscriptionsd[31392:267d19] [com.apple.defaults:User Defaults] found no value for key NSForceRightToLeftLocalizedStrings in CFPrefsSearchListSource<0x600001ba8000> (Domain: videosubscriptionsd, Container: (null))
2023-02-02 12:20:48.473 Db videosubscriptionsd[31392:267d19] [com.apple.defaults:User Defaults] found no value for key NSAccentuateLocalizedStrings in CFPrefsSearchListSource<0x600001ba8000> (Domain: videosubscriptionsd, Container: (null))
2023-02-02 12:20:48.473 Db videosubscriptionsd[31392:267d19] [com.apple.defaults:User Defaults] found no value for key NSSurroundLocalizedStrings in CFPrefsSearchListSource<0x600001ba8000> (Domain: videosubscriptionsd, Container: (null))
2023-02-02 12:20:48.473 Db videosubscriptionsd[31392:267d19] [com.apple.CFBundle:strings] Bundle: CFBundle 0x13a804080 </Applications/Xcode.app/Contents/Developer/Platforms/iPhoneOS.platform/Library/Developer/CoreSimulator/Profiles/Runtimes/iOS.simruntime/Contents/Resources/RuntimeRoot/System/Library/Frameworks/CoreFoundation.framework> (framework, loaded), key: BundleErr4, value: The bundle \134U201c%@\134U201d couldn\134U2019t be loaded because its executable couldn\134U2019t be located., table: Error, localizationName: (null), result: The bundle “%@” couldn’t be loaded because its executable couldn’t be located.
2023-02-02 12:20:48.475 Db videosubscriptionsd[31392:267d19] [com.apple.CFBundle:strings] Lazy cache miss for bundle: CFBundle 0x13a804080 </Applications/Xcode.app/Contents/Developer/Platforms/iPhoneOS.platform/Library/Developer/CoreSimulator/Profiles/Runtimes/iOS.simruntime/Contents/Resources/RuntimeRoot/System/Library/Frameworks/CoreFoundation.framework> (framework, loaded) key: BundleErr4-C table: Error
2023-02-02 12:20:48.475 Db videosubscriptionsd[31392:267d19] [com.apple.CFBundle:strings] Bundle: CFBundle 0x13a804080 </Applications/Xcode.app/Contents/Developer/Platforms/iPhoneOS.platform/Library/Developer/CoreSimulator/Profiles/Runtimes/iOS.simruntime/Contents/Resources/RuntimeRoot/System/Library/Frameworks/CoreFoundation.framework> (framework, loaded), key: BundleErr4-C, value: The bundle\134U2019s executable couldn\134U2019t be located., table: Error, localizationName: (null), result: The bundle’s executable couldn’t be located.
2023-02-02 12:20:48.475 Db videosubscriptionsd[31392:267d19] [com.apple.CFBundle:strings] Lazy cache miss for bundle: CFBundle 0x13a804080 </Applications/Xcode.app/Contents/Developer/Platforms/iPhoneOS.platform/Library/Developer/CoreSimulator/Profiles/Runtimes/iOS.simruntime/Contents/Resources/RuntimeRoot/System/Library/Frameworks/CoreFoundation.framework> (framework, loaded) key: BundleErr4-R table: Error
2023-02-02 12:20:48.476 Db videosubscriptionsd[31392:267d19] [com.apple.CFBundle:strings] Bundle: CFBundle 0x13a804080 </Applications/Xcode.app/Contents/Developer/Platforms/iPhoneOS.platform/Library/Developer/CoreSimulator/Profiles/Runtimes/iOS.simruntime/Contents/Resources/RuntimeRoot/System/Library/Frameworks/CoreFoundation.framework> (framework, loaded), key: BundleErr4-R, value: Try reinstalling the bundle., table: Error, localizationName: (null), result: Try reinstalling the bundle.
2023-02-02 12:20:48.476 E  videosubscriptionsd[31392:267d19] Error loading framework: Error Domain=NSCocoaErrorDomain Code=4 "The bundle “VideoSubscriberAccount” couldn’t be loaded because its executable couldn’t be located." UserInfo={NSLocalizedFailureReason=The bundle’s executable couldn’t be located., NSLocalizedRecoverySuggestion=Try reinstalling the bundle., NSBundlePath=/System/Library/Frameworks/VideoSubscriberAccount.framework, NSLocalizedDescription=The bundle “VideoSubscriberAccount” couldn’t be loaded because its executable couldn’t be located.}
2023-02-02 12:20:48.496 Db SpringBoard[14001:267c48] [com.apple.launchservices:record] Invoking selector _localizedNameWithContext:tableID:unitID:unitBytes: on <LSApplicationRecord 0x600003950500> to get the value for property _localizedName
2023-02-02 12:20:48.499 Db SpringBoard[14001:267c48] (SpotlightUI) ### localized app name(com.apple.Maps) - Maps
2023-02-02 12:20:48.499 Db SpringBoard[14001:267c48] (SpotlightUI) app com.apple.Maps display name Maps
2023-02-02 12:20:48.499 Db SpringBoard[14001:267c48] [com.apple.launchservices:error] Constructing NSError NSOSStatusErrorDomain/-10813 at _LSCopyLocalDatabase:778
2023-02-02 12:20:48.500 Df ScreenTimeWidgetExtension[14246:264a7d] [com.apple.coredata:XPC] XPC: Remote Change Notification - posting NSRemotePersistentStoreDidChangeNotification for store  8D40C8F6-2113-4E80-8FC8-0F88FBCCABF8
2023-02-02 12:20:48.502 I  coreidvd[31394:267d82] [com.apple.CoreIDV:Daemon] No environment exists, creating new environment
2023-02-02 12:20:48.503 Db cfprefsd[14034:267aed] [com.apple.defaults:cfprefsd] Process 31394 (coreidvd) sent a request related to { com.apple.coreidv.coreidvd, user: mobile, kCFPreferencesCurrentHost, /Library/Managed Preferences/mobile/com.apple.coreidv.coreidvd.plist, managed: 1 } (0x6000026c17a0)
2023-02-02 12:20:48.504 E  cfprefsd[14034:267aed] [com.apple.defaults:cfprefsd] Couldn't open parent path due to [2: No such file or directory]
2023-02-02 12:20:48.504 Db cfprefsd[14034:267aed] [com.apple.defaults:cfprefsd] Couldn't open /Library/Managed Preferences/mobile/com.apple.coreidv.coreidvd.plist due to No such file or directory
2023-02-02 12:20:48.504 Db cfprefsd[14034:267aed] [com.apple.defaults:cfprefsd] Process 31394 (coreidvd) sent a request related to { com.apple.coreidv.coreidvd, user: kCFPreferencesAnyUser, kCFPreferencesCurrentHost, /Library/Managed Preferences/com.apple.coreidv.coreidvd.plist, managed: 1 } (0x6000026c17a0)
2023-02-02 12:20:48.505 E  cfprefsd[14034:267aed] [com.apple.defaults:cfprefsd] Couldn't open parent path due to [2: No such file or directory]
2023-02-02 12:20:48.505 Db cfprefsd[14034:267aed] [com.apple.defaults:cfprefsd] Couldn't open /Library/Managed Preferences/com.apple.coreidv.coreidvd.plist due to No such file or directory
2023-02-02 12:20:48.505 Db cfprefsd[14034:267aed] [com.apple.defaults:cfprefsd] Process 31394 (coreidvd) sent a request related to { com.apple.coreidv.coreidvd, user: mobile, kCFPreferencesAnyHost, /Users/ggard/Library/Developer/CoreSimulator/Devices/773105ED-D5BC-4800-A2E6-239ECE9FE9FA/data/Library/Preferences/com.apple.coreidv.coreidvd.plist, managed: 0 } (0x6000025dc320)
2023-02-02 12:20:48.506 Db cfprefsd[14034:267aed] [com.apple.defaults:cfprefsd] Couldn't open /Users/ggard/Library/Developer/CoreSimulator/Devices/773105ED-D5BC-4800-A2E6-239ECE9FE9FA/data/Library/Preferences/com.apple.coreidv.coreidvd.plist due to No such file or directory

