Timestamp               Ty Process[PID:TID]
2023-02-02 12:21:02.829 I  locationd[14020:264473] [com.apple.locationd.Core:Simulation] {"msg":"Nowhere to go; not preparing next location"}
2023-02-02 12:21:02.829 Db locationd[14020:264473] [com.apple.locationd.Core:Simulation] {"msg":"Dealing with no more locations", "repeatBehavior":1}
2023-02-02 12:21:02.829 Db locationd[14020:264473] [com.apple.locationd.Core:Simulation] {"msg":"Adjust next location timestamp", "originalTimestamp_s":"697044063.829278946", "delta_s":"0.079818010"}
2023-02-02 12:21:02.829 Db locationd[14020:264473] [com.apple.locationd.Core:Simulation] {"msg":"Preparing next location"}
2023-02-02 12:21:02.829 Db locationd[14020:264473] [com.apple.locationd.Core:Simulation] {"msg":"No more pending locations"}
2023-02-02 12:21:02.829 Db locationd[14020:264473] [com.apple.locationd.Core:Simulation] {"msg":"Notify location is", "location":'00 00 00 00 FF FF 00 00 DD 0A 61 35 96 E4 42 40 76 E2 72 BC 02 9A 5E C0 00 00 00 00 00 00 14 40 00 00 00 00 00 00 00 00 00 00 00 00 00 00 F0 BF 00 00 00 00 00 00 F0 BF 00 00 00 00 00 00 F0 BF 00 00 00 00 00 00 F0 BF 00 00 00 00 00 00 F0 BF 00 00 00 00 00 00 F0 BF 00 00 00 00 00 00 F0 BF 4A 5D F4 2F 06 C6 C4 41 00 00 00 00 00 00 00 00 00 00 F0 BF 01 00 00 00 00 00 00 00 00 00 00 00 00 00 00 00 00 00 00 00 00 00 00 00 00 00 F0 BF FF FF FF 7F 00 00 00 00 00 00 00 00 00 00 00 00 00 00 00 00 00 00 00 00 00 00 00 00 00 00 00 00'}
2023-02-02 12:21:02.829 Df locationd[14020:264473] [com.apple.locationd.Position:GeneralCLX] @ClxSimulated, Fix, 1, ll, 37.7858340, -122.4064170, acc, 5.00, course, -1.0, time, 697044063.9, deltaDistance, 0.0, deltaDistanceAccuracy, 1.9, odometer, 0.0, timestampGps, 697044063.9
2023-02-02 12:21:02.829 Db locationd[14020:264473] [com.apple.locationd.Core:Simulation] {"msg":"Notification delay", "notificationDelay_s":"1.000000000"}
2023-02-02 12:21:02.829 Db locationd[14020:264473] [com.apple.locationd.Core:Simulation] Sending through simulated location for simulated
2023-02-02 12:21:02.829 A  locationd[14020:264473] CL: notifyClientsWithData (Fallback)
2023-02-02 12:21:02.829 Db locationd[14020:264473] [com.apple.locationd.Core:Notifier] {"msg":"notifyClientsWithData", "event":activity, "name":simulated, "notification":3}
2023-02-02 12:21:02.829 A  locationd[14020:264473] CL: notifyClientsWithData (Fallback)
2023-02-02 12:21:02.829 Db locationd[14020:264473] [com.apple.locationd.Core:Notifier] {"msg":"notifyClientsWithData", "event":activity, "name":simulated, "notification":4}
2023-02-02 12:21:02.829 A  locationd[14020:264473] CL: notifyClientsWithData (Fallback)
2023-02-02 12:21:02.830 Db locationd[14020:264473] [com.apple.locationd.Core:Notifier] {"msg":"notifyClientsWithData", "event":activity, "name":simulated, "notification":40}
2023-02-02 12:21:02.830 A  locationd[14020:264473] CL: notifyClientsWithData (Fallback)
2023-02-02 12:21:02.830 Db locationd[14020:264473] [com.apple.locationd.Core:Notifier] {"msg":"notifyClientsWithData", "event":activity, "name":simulated, "notification":2}
2023-02-02 12:21:02.830 A  locationd[14020:264473] CL: notifyClientsWithData (Fallback)
2023-02-02 12:21:02.830 Db locationd[14020:264473] [com.apple.locationd.Core:Notifier] {"msg":"notifyClientsWithData", "event":activity, "name":simulated, "notification":1}
2023-02-02 12:21:02.830 A  locationd[14020:264473] CL: notifyClientsWithData (Fallback)
2023-02-02 12:21:02.830 Db locationd[14020:264473] [com.apple.locationd.Core:Notifier] {"msg":"notifyClientsWithData", "event":activity, "name":simulated, "notification":5}
2023-02-02 12:21:02.830 A  locationd[14020:264473] CL: notifyClientsWithData (Fallback)
2023-02-02 12:21:02.830 Db locationd[14020:264473] [com.apple.locationd.Core:Notifier] {"msg":"notifyClientsWithData", "event":activity, "name":simulated, "notification":0}
2023-02-02 12:21:03.693 Db SpringBoard[14001:253efe] [com.apple.locationd.Motion:Motion] Ping timer fired, resetting watchdog
2023-02-02 12:21:03.831 I  locationd[14020:264473] [com.apple.locationd.Core:Simulation] {"msg":"Nowhere to go; not preparing next location"}
2023-02-02 12:21:03.831 Db locationd[14020:264473] [com.apple.locationd.Core:Simulation] {"msg":"Dealing with no more locations", "repeatBehavior":1}
2023-02-02 12:21:03.831 Db locationd[14020:264473] [com.apple.locationd.Core:Simulation] {"msg":"Adjust next location timestamp", "originalTimestamp_s":"697044064.831884027", "delta_s":"0.079818010"}
2023-02-02 12:21:03.831 Db locationd[14020:264473] [com.apple.locationd.Core:Simulation] {"msg":"Preparing next location"}
2023-02-02 12:21:03.831 Db locationd[14020:264473] [com.apple.locationd.Core:Simulation] {"msg":"No more pending locations"}
2023-02-02 12:21:03.831 Db locationd[14020:264473] [com.apple.locationd.Core:Simulation] {"msg":"Notify location is", "location":'00 00 00 00 FF FF 00 00 DD 0A 61 35 96 E4 42 40 76 E2 72 BC 02 9A 5E C0 00 00 00 00 00 00 14 40 00 00 00 00 00 00 00 00 00 00 00 00 00 00 F0 BF 00 00 00 00 00 00 F0 BF 00 00 00 00 00 00 F0 BF 00 00 00 00 00 00 F0 BF 00 00 00 00 00 00 F0 BF 00 00 00 00 00 00 F0 BF 00 00 00 00 00 00 F0 BF A7 B2 74 30 06 C6 C4 41 00 00 00 00 00 00 00 00 00 00 F0 BF 01 00 00 00 00 00 00 00 00 00 00 00 00 00 00 00 00 00 00 00 00 00 00 00 00 00 F0 BF FF FF FF 7F 00 00 00 00 00 00 00 00 00 00 00 00 00 00 00 00 00 00 00 00 00 00 00 00 00 00 00 00'}
2023-02-02 12:21:03.831 Df locationd[14020:264473] [com.apple.locationd.Position:GeneralCLX] @ClxSimulated, Fix, 1, ll, 37.7858340, -122.4064170, acc, 5.00, course, -1.0, time, 697044064.9, deltaDistance, 0.0, deltaDistanceAccuracy, 1.9, odometer, 0.0, timestampGps, 697044064.9
2023-02-02 12:21:03.832 Db locationd[14020:264473] [com.apple.locationd.Core:Simulation] {"msg":"Notification delay", "notificationDelay_s":"1.000000000"}
2023-02-02 12:21:03.832 Db locationd[14020:264472] [com.apple.locationd.Core:Simulation] Sending through simulated location for simulated
2023-02-02 12:21:03.833 A  locationd[14020:264472] CL: notifyClientsWithData (Fallback)
2023-02-02 12:21:03.833 Db locationd[14020:264472] [com.apple.locationd.Core:Notifier] {"msg":"notifyClientsWithData", "event":activity, "name":simulated, "notification":3}
2023-02-02 12:21:03.833 A  locationd[14020:264472] CL: notifyClientsWithData (Fallback)
2023-02-02 12:21:03.833 Db locationd[14020:264472] [com.apple.locationd.Core:Notifier] {"msg":"notifyClientsWithData", "event":activity, "name":simulated, "notification":4}
2023-02-02 12:21:03.833 A  locationd[14020:264472] CL: notifyClientsWithData (Fallback)
2023-02-02 12:21:03.833 Db locationd[14020:264472] [com.apple.locationd.Core:Notifier] {"msg":"notifyClientsWithData", "event":activity, "name":simulated, "notification":40}
2023-02-02 12:21:03.833 A  locationd[14020:264472] CL: notifyClientsWithData (Fallback)
2023-02-02 12:21:03.833 Db locationd[14020:264472] [com.apple.locationd.Core:Notifier] {"msg":"notifyClientsWithData", "event":activity, "name":simulated, "notification":2}
2023-02-02 12:21:03.833 A  locationd[14020:264472] CL: notifyClientsWithData (Fallback)
2023-02-02 12:21:03.833 Db locationd[14020:264472] [com.apple.locationd.Core:Notifier] {"msg":"notifyClientsWithData", "event":activity, "name":simulated, "notification":1}
2023-02-02 12:21:03.834 A  locationd[14020:264472] CL: notifyClientsWithData (Fallback)
2023-02-02 12:21:03.834 Db locationd[14020:264472] [com.apple.locationd.Core:Notifier] {"msg":"notifyClientsWithData", "event":activity, "name":simulated, "notification":5}
2023-02-02 12:21:03.834 A  locationd[14020:264472] CL: notifyClientsWithData (Fallback)
2023-02-02 12:21:03.834 Db locationd[14020:264472] [com.apple.locationd.Core:Notifier] {"msg":"notifyClientsWithData", "event":activity, "name":simulated, "notification":0}
2023-02-02 12:21:03.990 Df proactiveeventtrackerd[31587:2681c3] PET daemon has launched
2023-02-02 12:21:03.991 I  proactiveeventtrackerd[31587:2681c3] (ProactiveSupport) _PASEntitlement: Found boolean entitlement: "com.apple.proactive.eventtracker" --> YES
2023-02-02 12:21:03.997 Db cfprefsd[14034:2665b3] [com.apple.defaults:cfprefsd] wrote file /Users/ggard/Library/Developer/CoreSimulator/Devices/773105ED-D5BC-4800-A2E6-239ECE9FE9FA/data/Library/Preferencescom.apple.apsd.plist
2023-02-02 12:21:03.998 Db cfprefsd[14034:2681c6] [com.apple.defaults:cfprefsd] Process 31587 (proactiveeventtrackerd) sent a request related to { com.apple.proactiveeventtrackerd, user: mobile, kCFPreferencesCurrentHost, /Library/Managed Preferences/mobile/com.apple.proactiveeventtrackerd.plist, managed: 1 } (0x6000026c8ea0)
2023-02-02 12:21:03.998 E  cfprefsd[14034:2681c6] [com.apple.defaults:cfprefsd] Couldn't open parent path due to [2: No such file or directory]
2023-02-02 12:21:03.998 Db cfprefsd[14034:2681c6] [com.apple.defaults:cfprefsd] Couldn't open /Library/Managed Preferences/mobile/com.apple.proactiveeventtrackerd.plist due to No such file or directory
2023-02-02 12:21:03.999 Db cfprefsd[14034:2681c6] [com.apple.defaults:cfprefsd] Process 31587 (proactiveeventtrackerd) sent a request related to { com.apple.proactiveeventtrackerd, user: kCFPreferencesAnyUser, kCFPreferencesCurrentHost, /Library/Managed Preferences/com.apple.proactiveeventtrackerd.plist, managed: 1 } (0x6000026d15f0)
2023-02-02 12:21:03.999 E  cfprefsd[14034:2681c6] [com.apple.defaults:cfprefsd] Couldn't open parent path due to [2: No such file or directory]
2023-02-02 12:21:03.999 Db cfprefsd[14034:2681c6] [com.apple.defaults:cfprefsd] Couldn't open /Library/Managed Preferences/com.apple.proactiveeventtrackerd.plist due to No such file or directory
2023-02-02 12:21:03.999 Db cfprefsd[14034:2665b3] [com.apple.defaults:cfprefsd] wrote file /Users/ggard/Library/Developer/CoreSimulator/Devices/773105ED-D5BC-4800-A2E6-239ECE9FE9FA/data/Library/Preferencescom.apple.parsecd.plist
2023-02-02 12:21:03.999 Db cfprefsd[14034:2681c6] [com.apple.defaults:cfprefsd] Process 31587 (proactiveeventtrackerd) sent a request related to { com.apple.proactiveeventtrackerd, user: mobile, kCFPreferencesAnyHost, /Users/ggard/Library/Developer/CoreSimulator/Devices/773105ED-D5BC-4800-A2E6-239ECE9FE9FA/data/Library/Preferences/com.apple.proactiveeventtrackerd.plist, managed: 0 } (0x6000025c4780)
2023-02-02 12:21:03.999 Db cfprefsd[14034:2681c6] [com.apple.defaults:cfprefsd] Couldn't open /Users/ggard/Library/Developer/CoreSimulator/Devices/773105ED-D5BC-4800-A2E6-239ECE9FE9FA/data/Library/Preferences/com.apple.proactiveeventtrackerd.plist due to No such file or directory
2023-02-02 12:21:03.999 Db cfprefsd[14034:2681c6] [com.apple.defaults:cfprefsd] Process 31587 (proactiveeventtrackerd) sent a request related to { kCFPreferencesAnyApplication, user: mobile, kCFPreferencesCurrentHost, /Library/Managed Preferences/mobile/.GlobalPreferences.plist, managed: 1 } (0x6000026d0120)
2023-02-02 12:21:03.999 E  cfprefsd[14034:2681c6] [com.apple.defaults:cfprefsd] Couldn't open parent path due to [2: No such file or directory]
2023-02-02 12:21:03.999 Db cfprefsd[14034:2681c6] [com.apple.defaults:cfprefsd] Couldn't open /Library/Managed Preferences/mobile/.GlobalPreferences.plist due to No such file or directory
2023-02-02 12:21:03.999 Db cfprefsd[14034:2665b3] [com.apple.defaults:cfprefsd] wrote file /Users/ggard/Library/Developer/CoreSimulator/Devices/773105ED-D5BC-4800-A2E6-239ECE9FE9FA/data/Library/Preferencescom.apple.FamilyControlsAgent.plist
2023-02-02 12:21:03.999 Db cfprefsd[14034:2681c6] [com.apple.defaults:cfprefsd] Process 31587 (proactiveeventtrackerd) sent a request related to { com.apple.proactiveeventtrackerd, user: mobile, kCFPreferencesAnyHost, /Users/ggard/Library/Developer/CoreSimulator/Devices/773105ED-D5BC-4800-A2E6-239ECE9FE9FA/data/Library/Preferences/com.apple.proactiveeventtrackerd.plist, managed: 0 } (0x6000025d5400)
2023-02-02 12:21:03.999 Db cfprefsd[14034:2681c6] [com.apple.defaults:cfprefsd] Couldn't open /Users/ggard/Library/Developer/CoreSimulator/Devices/773105ED-D5BC-4800-A2E6-239ECE9FE9FA/data/Library/Preferences/com.apple.proactiveeventtrackerd.plist due to No such file or directory
2023-02-02 12:21:03.999 Db cfprefsd[14034:2681c6] [com.apple.defaults:cfprefsd] Process 31587 (proactiveeventtrackerd) sent a request related to { kCFPreferencesAnyApplication, user: mobile, kCFPreferencesAnyHost, /Users/ggard/Library/Developer/CoreSimulator/Devices/773105ED-D5BC-4800-A2E6-239ECE9FE9FA/data/Library/Preferences/.GlobalPreferences.plist, managed: 0 } (0x6000025d4140)
2023-02-02 12:21:04.000 Db cfprefsd[14034:2681c6] [com.apple.defaults:cfprefsd] Process 31587 (proactiveeventtrackerd) read data for { kCFPreferencesAnyApplication, mobile, kCFPreferencesAnyHost, /Users/ggard/Library/Developer/CoreSimulator/Devices/773105ED-D5BC-4800-A2E6-239ECE9FE9FA/data/Library/Preferences/.GlobalPreferences.plist, managed: 0 }, backed by /Users/ggard/Library/Developer/CoreSimulator/Devices/773105ED-D5BC-4800-A2E6-239ECE9FE9FA/data/Library/Preferences/.GlobalPreferences.plist
2023-02-02 12:21:04.000 Db cfprefsd[14034:2681c6] [com.apple.defaults:cfprefsd] Process 31587 (proactiveeventtrackerd) sent a request related to { kCFPreferencesAnyApplication, user: mobile, kCFPreferencesAnyHost, /Users/ggard/Library/Developer/CoreSimulator/Devices/773105ED-D5BC-4800-A2E6-239ECE9FE9FA/data/Library/Preferences/.GlobalPreferences.plist, managed: 0 } (0x6000025d4140)
2023-02-02 12:21:04.000 Db cfprefsd[14034:2681c6] [com.apple.defaults:cfprefsd] Process 31587 (proactiveeventtrackerd) read data for { kCFPreferencesAnyApplication, mobile, kCFPreferencesAnyHost, /Users/ggard/Library/Developer/CoreSimulator/Devices/773105ED-D5BC-4800-A2E6-239ECE9FE9FA/data/Library/Preferences/.GlobalPreferences.plist, managed: 0 }, backed by /Users/ggard/Library/Developer/CoreSimulator/Devices/773105ED-D5BC-4800-A2E6-239ECE9FE9FA/data/Library/Preferences/.GlobalPreferences.plist
2023-02-02 12:21:04.000 Db cfprefsd[14034:2681c6] [com.apple.defaults:cfprefsd] Process 31587 (proactiveeventtrackerd) sent a request related to { com.apple.proactiveeventtrackerd, user: mobile, kCFPreferencesCurrentHost, /Users/ggard/Library/Developer/CoreSimulator/Devices/773105ED-D5BC-4800-A2E6-239ECE9FE9FA/data/Library/Preferences/ByHost/com.apple.proactiveeventtrackerd..plist, managed: 0 } (0x6000025c4780)
2023-02-02 12:21:04.000 E  cfprefsd[14034:2681c6] [com.apple.defaults:cfprefsd] Couldn't open parent path due to [2: No such file or directory]
2023-02-02 12:21:04.000 Db cfprefsd[14034:2681c6] [com.apple.defaults:cfprefsd] Couldn't open /Users/ggard/Library/Developer/CoreSimulator/Devices/773105ED-D5BC-4800-A2E6-239ECE9FE9FA/data/Library/Preferences/ByHost/com.apple.proactiveeventtrackerd..plist due to No such file or directory
2023-02-02 12:21:04.000 Db cfprefsd[14034:2681c6] [com.apple.defaults:cfprefsd] Process 31587 (proactiveeventtrackerd) sent a request related to { kCFPreferencesAnyApplication, user: mobile, kCFPreferencesCurrentHost, /Users/ggard/Library/Developer/CoreSimulator/Devices/773105ED-D5BC-4800-A2E6-239ECE9FE9FA/data/Library/Preferences/ByHost/.GlobalPreferences..plist, managed: 0 } (0x6000025d41e0)
2023-02-02 12:21:04.000 E  cfprefsd[14034:2681c6] [com.apple.defaults:cfprefsd] Couldn't open parent path due to [2: No such file or directory]
2023-02-02 12:21:04.000 Db cfprefsd[14034:2681c6] [com.apple.defaults:cfprefsd] Couldn't open /Users/ggard/Library/Developer/CoreSimulator/Devices/773105ED-D5BC-4800-A2E6-239ECE9FE9FA/data/Library/Preferences/ByHost/.GlobalPreferences..plist due to No such file or directory
2023-02-02 12:21:04.000 Db proactiveeventtrackerd[31587:2681c3] [com.apple.defaults:User Defaults] CFPrefsManagedSource<0x600001fa8180> (Domain: com.apple.proactiveeventtrackerd, User: kCFPreferencesCurrentUser, ByHost: Yes, Container: (null), Contents Need Refresh: No) loaded: an empty base plist and no additional changes from the base plist
2023-02-02 12:21:04.000 Db proactiveeventtrackerd[31587:2681c3] [com.apple.defaults:User Defaults] CFPrefsManagedSource<0x600001fa8200> (Domain: com.apple.proactiveeventtrackerd, User: kCFPreferencesAnyUser, ByHost: Yes, Container: (null), Contents Need Refresh: No) loaded: an empty base plist and no additional changes from the base plist
2023-02-02 12:21:04.000 Db proactiveeventtrackerd[31587:2681c3] [com.apple.defaults:User Defaults] CFPrefsPlistSource<0x600001fa8280> (Domain: com.apple.proactiveeventtrackerd, User: kCFPreferencesCurrentUser, ByHost: No, Container: (null), Contents Need Refresh: No) loaded: an empty base plist and no additional changes from the base plist
2023-02-02 12:21:04.000 Db proactiveeventtrackerd[31587:2681c3] [com.apple.defaults:User Defaults] CFPrefsManagedSource<0x600001fa8400> (Domain: kCFPreferencesAnyApplication, User: kCFPreferencesCurrentUser, ByHost: Yes, Container: (null), Contents Need Refresh: No) loaded: an empty base plist and no additional changes from the base plist
2023-02-02 12:21:04.000 Db proactiveeventtrackerd[31587:2681c3] [com.apple.defaults:User Defaults] CFPrefsPlistSource<0x600001fa8480> (Domain: com.apple.proactiveeventtrackerd, User: kCFPreferencesCurrentUser, ByHost: No, Container: /Users/ggard/Library/Developer/CoreSimulator/Devices/773105ED-D5BC-4800-A2E6-239ECE9FE9FA/data, Contents Need Refresh: No) loaded: an empty base plist and no additional changes from the base plist
2023-02-02 12:21:04.000 Db proactiveeventtrackerd[31587:2681c3] [com.apple.defaults:User Defaults] CFPrefsPlistSource<0x600001fa8500> (Domain: kCFPreferencesAnyApplication, User: kCFPreferencesCurrentUser, ByHost: No, Container: (null), Contents Need Refresh: No) loaded: a new base plist and no additional changes from the base plist
2023-02-02 12:21:04.000 Db proactiveeventtrackerd[31587:2681c3] [com.apple.defaults:User Defaults] CFPrefsPlistSource<0x600001fa8600> (Domain: kCFPreferencesAnyApplication, User: kCFPreferencesCurrentUser, ByHost: No, Container: /Users/ggard/Library/Developer/CoreSimulator/Devices/773105ED-D5BC-4800-A2E6-239ECE9FE9FA/data, Contents Need Refresh: No) loaded: a new base plist and no additional changes from the base plist
2023-02-02 12:21:04.000 Db proactiveeventtrackerd[31587:2681c3] [com.apple.defaults:User Defaults] CFPrefsPlistSource<0x600001fa8680> (Domain: com.apple.proactiveeventtrackerd, User: kCFPreferencesCurrentUser, ByHost: Yes, Container: (null), Contents Need Refresh: No) loaded: an empty base plist and no additional changes from the base plist
2023-02-02 12:21:04.000 Db proactiveeventtrackerd[31587:2681c3] [com.apple.defaults:User Defaults] CFPrefsPlistSource<0x600001fa8800> (Domain: kCFPreferencesAnyApplication, User: kCFPreferencesCurrentUser, ByHost: Yes, Container: (null), Contents Need Refresh: No) loaded: an empty base plist and no additional changes from the base plist
2023-02-02 12:21:04.000 Db proactiveeventtrackerd[31587:2681c3] [com.apple.defaults:User Defaults] found no value for key AppleLanguages in CFPrefsSearchListSource<0x600001fa8080> (Domain: com.apple.proactiveeventtrackerd, Container: (null))
2023-02-02 12:21:04.000 I  proactiveeventtrackerd[31587:2681c3] [com.apple.defaults:User Defaults] using backstop value (
    en
) to avoid returning NULL for key AppleLanguages in kCFPreferencesCurrentApplication
2023-02-02 12:21:04.001 Db proactiveeventtrackerd[31587:2681c3] [com.apple.CFBundle:resources] Language lookup at CFBundle 0x15d204e40 </Applications/Xcode.app/Contents/Developer/Platforms/iPhoneOS.platform/Library/Developer/CoreSimulator/Profiles/Runtimes/iOS.simruntime/Contents/Resources/RuntimeRoot/usr/libexec> (executable, loaded)
	Localizations : [en]
	Dev language  : en
	User prefs    : [en]
	Main bundle   : [<null>]
	Allow mixed   : 0
	Result        : [en]
2023-02-02 12:21:04.001 Db proactiveeventtrackerd[31587:2681c3] [com.apple.CFBundle:resources] Language lookup at CFBundle 0x15d205060 </Applications/Xcode.app/Contents/Developer/Platforms/iPhoneOS.platform/Library/Developer/CoreSimulator/Profiles/Runtimes/iOS.simruntime/Contents/Resources/RuntimeRoot/System/Library/PrivateFrameworks/ProactiveEventTracker.framework> (not loaded)
	Localizations : [en]
	Dev language  : en
	User prefs    : [en]
	Main bundle   : [en]
	Allow mixed   : 0
	Result        : [en]
2023-02-02 12:21:04.001 Db proactiveeventtrackerd[31587:2681c3] [com.apple.CFBundle:resources] Using ~iphone resources
2023-02-02 12:21:04.001 Db proactiveeventtrackerd[31587:2681c3] [com.apple.CFBundle:resources] Resource lookup at CFBundle 0x15d205060 </Applications/Xcode.app/Contents/Developer/Platforms/iPhoneOS.platform/Library/Developer/CoreSimulator/Profiles/Runtimes/iOS.simruntime/Contents/Resources/RuntimeRoot/System/Library/PrivateFrameworks/ProactiveEventTracker.framework> (not loaded)
	Request       : pet_config type: bin
	Result        : file:///Applications/Xcode.app/Contents/Developer/Platforms/iPhoneOS.platform/Library/Developer/CoreSimulator/Profiles/Runtimes/iOS.simruntime/Contents/Resources/RuntimeRoot/System/Library/PrivateFrameworks/ProactiveEventTracker.framework/pet_config.bin
2023-02-02 12:21:04.002 Db proactiveeventtrackerd[31587:2681c3] (ProactiveSupport) _PASLazyPlist: Successfully traversed object graph for lazy plist "/Applications/Xcode.app/Contents/Developer/Platforms/iPhoneOS.platform/Library/Developer/CoreSimulator/Profiles/Runtimes/iOS.simruntime/Contents/Resources/RuntimeRoot/System/Library/PrivateFrameworks/ProactiveEventTracker.framework/pet_config.bin".  Object statistics:
2023-02-02 12:21:04.002 Db proactiveeventtrackerd[31587:2681c3] (ProactiveSupport) _PASLazyPlist: Boolean:        52
2023-02-02 12:21:04.002 Db proactiveeventtrackerd[31587:2681c3] (ProactiveSupport) _PASLazyPlist: Tagged integer: 1562
2023-02-02 12:21:04.002 Db proactiveeventtrackerd[31587:2681c3] (ProactiveSupport) _PASLazyPlist: Boxed integer:  0
2023-02-02 12:21:04.002 Db proactiveeventtrackerd[31587:2681c3] (ProactiveSupport) _PASLazyPlist: Tagged real:    173
2023-02-02 12:21:04.002 Db proactiveeventtrackerd[31587:2681c3] (ProactiveSupport) _PASLazyPlist: Boxed real:     117
2023-02-02 12:21:04.002 Db proactiveeventtrackerd[31587:2681c3] (ProactiveSupport) _PASLazyPlist: Date:           0
2023-02-02 12:21:04.002 Db proactiveeventtrackerd[31587:2681c3] (ProactiveSupport) _PASLazyPlist: String:         1068 (356 unique dictionary keys)
2023-02-02 12:21:04.002 Db proactiveeventtrackerd[31587:2681c3] (ProactiveSupport) _PASLazyPlist: Data:           0 (0 total bytes)
2023-02-02 12:21:04.002 Db proactiveeventtrackerd[31587:2681c3] (ProactiveSupport) _PASLazyPlist: Dictionary:     302 (868 total key/value mappings)
2023-02-02 12:21:04.002 Db proactiveeventtrackerd[31587:2681c3] (ProactiveSupport) _PASLazyPlist: Array:          235 (1772 total elements)
2023-02-02 12:21:04.002 Db proactiveeventtrackerd[31587:2681c3] (ProactiveSupport) _PASLazyPlist: Object graph maximum depth: 6
2023-02-02 12:21:04.002 I  proactiveeventtrackerd[31587:2681c3] (ProactiveSupport) _PASLazyPlist: Loaded "/Applications/Xcode.app/Contents/Developer/Platforms/iPhoneOS.platform/Library/Developer/CoreSimulator/Profiles/Runtimes/iOS.simruntime/Contents/Resources/RuntimeRoot/System/Library/PrivateFrameworks/ProactiveEventTracker.framework/pet_config.bin" (mapping 0x10244c000, size 18684, string table [0x10, 0x1e12), root 0x48f8)
2023-02-02 12:21:04.002 Db proactiveeventtrackerd[31587:2681c3] (ProactiveSupport) _PASLazyPlist: cache hit for object value at 0x10244de54
2023-02-02 12:21:04.002 Db proactiveeventtrackerd[31587:2681c3] (ProactiveSupport) _PASLazyPlist: cache hit for object value at 0x10244de58
2023-02-02 12:21:04.002 Db proactiveeventtrackerd[31587:2681c3] (ProactiveSupport) _PASLazyPlist: cache hit for object value at 0x10244de5c
2023-02-02 12:21:04.002 Db proactiveeventtrackerd[31587:2681c3] (ProactiveSupport) _PASLazyPlist: cache hit for object value at 0x10244de60
2023-02-02 12:21:04.002 Db proactiveeventtrackerd[31587:2681c3] (ProactiveSupport) _PASLazyPlist: cache hit for object value at 0x10244de64
2023-02-02 12:21:04.002 Db proactiveeventtrackerd[31587:2681c3] (ProactiveSupport) _PASLazyPlist: cache hit for object value at 0x10244de68
2023-02-02 12:21:04.002 Db proactiveeventtrackerd[31587:2681c3] (ProactiveSupport) _PASLazyPlist: cache hit for object value at 0x10244de6c
2023-02-02 12:21:04.003 Db proactiveeventtrackerd[31587:2681c3] (ProactiveSupport) _PASLazyPlist: cache hit for object value at 0x10244dea8
2023-02-02 12:21:04.003 Db proactiveeventtrackerd[31587:2681c3] (ProactiveSupport) _PASLazyPlist: cache hit for object value at 0x10244deac
2023-02-02 12:21:04.003 Db proactiveeventtrackerd[31587:2681c3] (ProactiveSupport) _PASLazyPlist: cache hit for object value at 0x10244dee0
2023-02-02 12:21:04.003 Db proactiveeventtrackerd[31587:2681c3] (ProactiveSupport) _PASLazyPlist: cache hit for object value at 0x10244dee4
2023-02-02 12:21:04.003 Db proactiveeventtrackerd[31587:2681c3] (ProactiveSupport) _PASLazyPlist: cache hit for object value at 0x10244df30
2023-02-02 12:21:04.003 Db proactiveeventtrackerd[31587:2681c3] (ProactiveSupport) _PASLazyPlist: cache hit for object value at 0x10244e090
2023-02-02 12:21:04.003 Db proactiveeventtrackerd[31587:2681c3] (ProactiveSupport) _PASLazyPlist: cache hit for object value at 0x10244e094
2023-02-02 12:21:04.003 Db proactiveeventtrackerd[31587:2681c3] (ProactiveSupport) _PASLazyPlist: cache hit for object value at 0x10244e098
2023-02-02 12:21:04.003 Db proactiveeventtrackerd[31587:2681c3] (ProactiveSupport) _PASLazyPlist: cache hit for object value at 0x10244e09c
2023-02-02 12:21:04.003 Db proactiveeventtrackerd[31587:2681c3] (ProactiveSupport) _PASLazyPlist: cache hit for object value at 0x10244e0a0
2023-02-02 12:21:04.003 Db proactiveeventtrackerd[31587:2681c3] (ProactiveSupport) _PASLazyPlist: cache hit for object value at 0x10244e0a4
2023-02-02 12:21:04.003 Db proactiveeventtrackerd[31587:2681c3] (ProactiveSupport) _PASLazyPlist: cache hit for object value at 0x10244e0a8
2023-02-02 12:21:04.003 Db proactiveeventtrackerd[31587:2681c3] (ProactiveSupport) _PASLazyPlist: cache hit for object value at 0x10244e0ac
2023-02-02 12:21:04.003 Db proactiveeventtrackerd[31587:2681c3] (ProactiveSupport) _PASLazyPlist: cache hit for object value at 0x10244e0b0
2023-02-02 12:21:04.003 Db proactiveeventtrackerd[31587:2681c3] (ProactiveSupport) _PASLazyPlist: cache hit for object value at 0x10244e1f8
2023-02-02 12:21:04.003 Db proactiveeventtrackerd[31587:2681c3] (ProactiveSupport) _PASLazyPlist: cache hit for object value at 0x10244e1fc
2023-02-02 12:21:04.003 Db proactiveeventtrackerd[31587:2681c3] (ProactiveSupport) _PASLazyPlist: cache hit for object value at 0x10244e264
2023-02-02 12:21:04.003 Db proactiveeventtrackerd[31587:2681c3] (ProactiveSupport) _PASLazyPlist: cache hit for object value at 0x10244e268
2023-02-02 12:21:04.003 Db proactiveeventtrackerd[31587:2681c3] (ProactiveSupport) _PASLazyPlist: cache hit for object value at 0x10244e28c
2023-02-02 12:21:04.003 Db proactiveeventtrackerd[31587:2681c3] (ProactiveSupport) _PASLazyPlist: cache hit for object value at 0x10244e290
2023-02-02 12:21:04.003 Db proactiveeventtrackerd[31587:2681c3] (ProactiveSupport) _PASLazyPlist: cache hit for object value at 0x10244e2bc
2023-02-02 12:21:04.004 Db proactiveeventtrackerd[31587:2681c3] (ProactiveSupport) _PASLazyPlist: cache hit for object value at 0x10244e2c0
2023-02-02 12:21:04.004 Db proactiveeventtrackerd[31587:2681c3] (ProactiveSupport) _PASLazyPlist: cache hit for object value at 0x10244e2c4
2023-02-02 12:21:04.004 Db proactiveeventtrackerd[31587:2681c3] (ProactiveSupport) _PASLazyPlist: cache hit for object value at 0x10244e2c8
2023-02-02 12:21:04.004 Db proactiveeventtrackerd[31587:2681c3] (ProactiveSupport) _PASLazyPlist: cache hit for object value at 0x10244e3a0
2023-02-02 12:21:04.004 Db proactiveeventtrackerd[31587:2681c3] (ProactiveSupport) _PASLazyPlist: cache hit for object value at 0x10244e41c
2023-02-02 12:21:04.004 Db proactiveeventtrackerd[31587:2681c3] (ProactiveSupport) _PASLazyPlist: cache hit for object value at 0x10244e420
2023-02-02 12:21:04.004 Db proactiveeventtrackerd[31587:2681c3] (ProactiveSupport) _PASLazyPlist: cache hit for object value at 0x10244e4e0
2023-02-02 12:21:04.004 Db proactiveeventtrackerd[31587:2681c3] (ProactiveSupport) _PASLazyPlist: cache hit for object value at 0x10244e540
2023-02-02 12:21:04.004 Db proactiveeventtrackerd[31587:2681c3] (ProactiveSupport) _PASLazyPlist: cache hit for object value at 0x10244e568
2023-02-02 12:21:04.004 Db proactiveeventtrackerd[31587:2681c3] (ProactiveSupport) _PASLazyPlist: cache hit for object value at 0x10244e56c
2023-02-02 12:21:04.004 Db proactiveeventtrackerd[31587:2681c3] (ProactiveSupport) _PASLazyPlist: cache hit for object value at 0x10244e570
2023-02-02 12:21:04.004 Db proactiveeventtrackerd[31587:2681c3] (ProactiveSupport) _PASLazyPlist: cache hit for object value at 0x10244e590
2023-02-02 12:21:04.004 Db proactiveeventtrackerd[31587:2681c3] (ProactiveSupport) _PASLazyPlist: cache hit for object value at 0x10244e610
2023-02-02 12:21:04.004 Db proactiveeventtrackerd[31587:2681c3] (ProactiveSupport) _PASLazyPlist: cache hit for object value at 0x10244e614
2023-02-02 12:21:04.004 Db proactiveeventtrackerd[31587:2681c3] (ProactiveSupport) _PASLazyPlist: cache hit for object value at 0x10244e618
2023-02-02 12:21:04.004 Db proactiveeventtrackerd[31587:2681c3] (ProactiveSupport) _PASLazyPlist: cache hit for object value at 0x10244e61c
2023-02-02 12:21:04.004 Db proactiveeventtrackerd[31587:2681c3] (ProactiveSupport) _PASLazyPlist: cache hit for object value at 0x10244e620
2023-02-02 12:21:04.004 Db proactiveeventtrackerd[31587:2681c3] (ProactiveSupport) _PASLazyPlist: cache hit for object value at 0x10244e540
2023-02-02 12:21:04.005 Db proactiveeventtrackerd[31587:2681c3] (ProactiveSupport) _PASLazyPlist: cache hit for object value at 0x10244e91c
2023-02-02 12:21:04.005 Db proactiveeventtrackerd[31587:2681c3] (ProactiveSupport) _PASLazyPlist: cache hit for object value at 0x10244e920
2023-02-02 12:21:04.005 Db proactiveeventtrackerd[31587:2681c3] (ProactiveSupport) _PASLazyPlist: cache hit for object value at 0x10244e924
2023-02-02 12:21:04.005 Db proactiveeventtrackerd[31587:2681c3] (ProactiveSupport) _PASLazyPlist: cache hit for object value at 0x10244e928
2023-02-02 12:21:04.005 Db proactiveeventtrackerd[31587:2681c3] (ProactiveSupport) _PASLazyPlist: cache hit for object value at 0x10244e92c
2023-02-02 12:21:04.005 Db proactiveeventtrackerd[31587:2681c3] (ProactiveSupport) _PASLazyPlist: cache hit for object value at 0x10244e930
2023-02-02 12:21:04.005 Db proactiveeventtrackerd[31587:2681c3] (ProactiveSupport) _PASLazyPlist: cache hit for object value at 0x10244e934
2023-02-02 12:21:04.005 Db proactiveeventtrackerd[31587:2681c3] (ProactiveSupport) _PASLazyPlist: cache hit for object value at 0x10244ea20
2023-02-02 12:21:04.005 Db proactiveeventtrackerd[31587:2681c3] (ProactiveSupport) _PASLazyPlist: cache hit for object value at 0x10244ea24
2023-02-02 12:21:04.005 Db proactiveeventtrackerd[31587:2681c3] (ProactiveSupport) _PASLazyPlist: cache hit for object value at 0x10244ea4c
2023-02-02 12:21:04.005 Db proactiveeventtrackerd[31587:2681c3] (ProactiveSupport) _PASLazyPlist: cache hit for object value at 0x10244ea50
2023-02-02 12:21:04.005 Db proactiveeventtrackerd[31587:2681c3] (ProactiveSupport) _PASLazyPlist: cache hit for object value at 0x10244ea54
2023-02-02 12:21:04.005 Db proactiveeventtrackerd[31587:2681c3] (ProactiveSupport) _PASLazyPlist: cache hit for object value at 0x10244ea74
2023-02-02 12:21:04.005 Db proactiveeventtrackerd[31587:2681c3] (ProactiveSupport) _PASLazyPlist: cache hit for object value at 0x10244ea94
2023-02-02 12:21:04.005 Db proactiveeventtrackerd[31587:2681c3] (ProactiveSupport) _PASLazyPlist: cache hit for object value at 0x10244ee30
2023-02-02 12:21:04.005 Db proactiveeventtrackerd[31587:2681c3] (ProactiveSupport) _PASLazyPlist: cache hit for object value at 0x10244ee34
2023-02-02 12:21:04.005 Db proactiveeventtrackerd[31587:2681c3] (ProactiveSupport) _PASLazyPlist: cache hit for object value at 0x10244ee38
2023-02-02 12:21:04.005 Db proactiveeventtrackerd[31587:2681c3] (ProactiveSupport) _PASLazyPlist: cache hit for object value at 0x10244ee3c
2023-02-02 12:21:04.005 Db proactiveeventtrackerd[31587:2681c3] (ProactiveSupport) _PASLazyPlist: cache hit for object value at 0x10244ee40
2023-02-02 12:21:04.005 Db proactiveeventtrackerd[31587:2681c3] (ProactiveSupport) _PASLazyPlist: cache hit for object value at 0x10244ee44
2023-02-02 12:21:04.005 Db proactiveeventtrackerd[31587:2681c3] (ProactiveSupport) _PASLazyPlist: cache hit for object value at 0x10244ee48
2023-02-02 12:21:04.005 Db proactiveeventtrackerd[31587:2681c3] (ProactiveSupport) _PASLazyPlist: cache hit for object value at 0x10244ee4c
2023-02-02 12:21:04.005 Db proactiveeventtrackerd[31587:2681c3] (ProactiveSupport) _PASLazyPlist: cache hit for object value at 0x10244ee50
2023-02-02 12:21:04.005 Db proactiveeventtrackerd[31587:2681c3] (ProactiveSupport) _PASLazyPlist: cache hit for object value at 0x10244ee54
2023-02-02 12:21:04.006 Db proactiveeventtrackerd[31587:2681c3] (ProactiveSupport) _PASLazyPlist: cache hit for object value at 0x10244ee58
2023-02-02 12:21:04.006 Db proactiveeventtrackerd[31587:2681c3] (ProactiveSupport) _PASLazyPlist: cache hit for object value at 0x10244ee5c
2023-02-02 12:21:04.006 Db proactiveeventtrackerd[31587:2681c3] (ProactiveSupport) _PASLazyPlist: cache hit for object value at 0x10244ee60
2023-02-02 12:21:04.006 Db proactiveeventtrackerd[31587:2681c3] (ProactiveSupport) _PASLazyPlist: cache hit for object value at 0x10244ee64
2023-02-02 12:21:04.006 Db proactiveeventtrackerd[31587:2681c3] (ProactiveSupport) _PASLazyPlist: cache hit for object value at 0x10244ee68
2023-02-02 12:21:04.006 Db proactiveeventtrackerd[31587:2681c3] (ProactiveSupport) _PASLazyPlist: cache hit for object value at 0x10244ee6c
2023-02-02 12:21:04.006 Db proactiveeventtrackerd[31587:2681c3] (ProactiveSupport) _PASLazyPlist: cache hit for object value at 0x10244ee70
2023-02-02 12:21:04.006 Db proactiveeventtrackerd[31587:2681c3] (ProactiveSupport) _PASLazyPlist: cache hit for object value at 0x10244ee74
2023-02-02 12:21:04.006 Db proactiveeventtrackerd[31587:2681c3] (ProactiveSupport) _PASLazyPlist: cache hit for object value at 0x10244ee78
2023-02-02 12:21:04.006 Db proactiveeventtrackerd[31587:2681c3] (ProactiveSupport) _PASLazyPlist: cache hit for object value at 0x10244ee7c
2023-02-02 12:21:04.006 Db proactiveeventtrackerd[31587:2681c3] (ProactiveSupport) _PASLazyPlist: cache hit for object value at 0x10244ee80
2023-02-02 12:21:04.006 Db proactiveeventtrackerd[31587:2681c3] (ProactiveSupport) _PASLazyPlist: cache hit for object value at 0x10244ee84
2023-02-02 12:21:04.006 Db proactiveeventtrackerd[31587:2681c3] (ProactiveSupport) _PASLazyPlist: cache hit for object value at 0x10244ee88
2023-02-02 12:21:04.006 Db proactiveeventtrackerd[31587:2681c3] (ProactiveSupport) _PASLazyPlist: cache hit for object value at 0x10244ee8c
2023-02-02 12:21:04.006 Db proactiveeventtrackerd[31587:2681c3] (ProactiveSupport) _PASLazyPlist: cache hit for object value at 0x10244ee90
2023-02-02 12:21:04.006 Db proactiveeventtrackerd[31587:2681c3] (ProactiveSupport) _PASLazyPlist: cache hit for object value at 0x10244ee94
2023-02-02 12:21:04.006 Db proactiveeventtrackerd[31587:2681c3] (ProactiveSupport) _PASLazyPlist: cache hit for object value at 0x10244ee98
2023-02-02 12:21:04.006 Db proactiveeventtrackerd[31587:2681c3] (ProactiveSupport) _PASLazyPlist: cache hit for object value at 0x10244ee9c
2023-02-02 12:21:04.006 Db proactiveeventtrackerd[31587:2681c3] (ProactiveSupport) _PASLazyPlist: cache hit for object value at 0x10244eea0
2023-02-02 12:21:04.006 Db proactiveeventtrackerd[31587:2681c3] (ProactiveSupport) _PASLazyPlist: cache hit for object value at 0x10244eea4
2023-02-02 12:21:04.006 Db proactiveeventtrackerd[31587:2681c3] (ProactiveSupport) _PASLazyPlist: cache hit for object value at 0x10244eea8
2023-02-02 12:21:04.006 Db proactiveeventtrackerd[31587:2681c3] (ProactiveSupport) _PASLazyPlist: cache hit for object value at 0x10244eeac
2023-02-02 12:21:04.006 Db proactiveeventtrackerd[31587:2681c3] (ProactiveSupport) _PASLazyPlist: cache hit for object value at 0x10244eeb0
2023-02-02 12:21:04.006 Db proactiveeventtrackerd[31587:2681c3] (ProactiveSupport) _PASLazyPlist: cache hit for object value at 0x10244eeb4
2023-02-02 12:21:04.006 Db proactiveeventtrackerd[31587:2681c3] (ProactiveSupport) _PASLazyPlist: cache hit for object value at 0x10244eeb8
2023-02-02 12:21:04.006 Db proactiveeventtrackerd[31587:2681c3] (ProactiveSupport) _PASLazyPlist: cache hit for object value at 0x10244eebc
2023-02-02 12:21:04.006 Db proactiveeventtrackerd[31587:2681c3] (ProactiveSupport) _PASLazyPlist: cache hit for object value at 0x10244eec0
2023-02-02 12:21:04.006 Db proactiveeventtrackerd[31587:2681c3] (ProactiveSupport) _PASLazyPlist: cache hit for object value at 0x10244eec4
2023-02-02 12:21:04.006 Db proactiveeventtrackerd[31587:2681c3] (ProactiveSupport) _PASLazyPlist: cache hit for object value at 0x10244eec8
2023-02-02 12:21:04.006 Db proactiveeventtrackerd[31587:2681c3] (ProactiveSupport) _PASLazyPlist: cache hit for object value at 0x10244eecc
2023-02-02 12:21:04.006 Db proactiveeventtrackerd[31587:2681c3] (ProactiveSupport) _PASLazyPlist: cache hit for object value at 0x10244eed0
2023-02-02 12:21:04.006 Db proactiveeventtrackerd[31587:2681c3] (ProactiveSupport) _PASLazyPlist: cache hit for object value at 0x10244eed4
2023-02-02 12:21:04.006 Db proactiveeventtrackerd[31587:2681c3] (ProactiveSupport) _PASLazyPlist: cache hit for object value at 0x10244eed8
2023-02-02 12:21:04.006 Db proactiveeventtrackerd[31587:2681c3] (ProactiveSupport) _PASLazyPlist: cache hit for object value at 0x10244eedc
2023-02-02 12:21:04.007 Db proactiveeventtrackerd[31587:2681c3] (ProactiveSupport) _PASLazyPlist: cache hit for object value at 0x10244eee0
2023-02-02 12:21:04.007 Db proactiveeventtrackerd[31587:2681c3] (ProactiveSupport) _PASLazyPlist: cache hit for object value at 0x10244eee4
2023-02-02 12:21:04.007 Db proactiveeventtrackerd[31587:2681c3] (ProactiveSupport) _PASLazyPlist: cache hit for object value at 0x10244eee8
2023-02-02 12:21:04.007 Db proactiveeventtrackerd[31587:2681c3] (ProactiveSupport) _PASLazyPlist: cache hit for object value at 0x10244eeec
2023-02-02 12:21:04.007 Db proactiveeventtrackerd[31587:2681c3] (ProactiveSupport) _PASLazyPlist: cache hit for object value at 0x10244eef0
2023-02-02 12:21:04.007 Db proactiveeventtrackerd[31587:2681c3] (ProactiveSupport) _PASLazyPlist: cache hit for object value at 0x10244eef4
2023-02-02 12:21:04.007 Db proactiveeventtrackerd[31587:2681c3] (ProactiveSupport) _PASLazyPlist: cache hit for object value at 0x10244eef8
2023-02-02 12:21:04.007 Db proactiveeventtrackerd[31587:2681c3] (ProactiveSupport) _PASLazyPlist: cache hit for object value at 0x10244eefc
2023-02-02 12:21:04.007 Db proactiveeventtrackerd[31587:2681c3] (ProactiveSupport) _PASLazyPlist: cache hit for object value at 0x10244ef00
2023-02-02 12:21:04.007 Db proactiveeventtrackerd[31587:2681c3] (ProactiveSupport) _PASLazyPlist: cache hit for object value at 0x10244ef04
2023-02-02 12:21:04.007 Db proactiveeventtrackerd[31587:2681c3] (ProactiveSupport) _PASLazyPlist: cache hit for object value at 0x10244ef08
2023-02-02 12:21:04.007 Db proactiveeventtrackerd[31587:2681c3] (ProactiveSupport) _PASLazyPlist: cache hit for object value at 0x10244ef0c
2023-02-02 12:21:04.007 Db proactiveeventtrackerd[31587:2681c3] (ProactiveSupport) _PASLazyPlist: cache hit for object value at 0x10244ef10
2023-02-02 12:21:04.007 Db proactiveeventtrackerd[31587:2681c3] (ProactiveSupport) _PASLazyPlist: cache hit for object value at 0x10244ef14
2023-02-02 12:21:04.007 Db proactiveeventtrackerd[31587:2681c3] (ProactiveSupport) _PASLazyPlist: cache hit for object value at 0x10244ef18
2023-02-02 12:21:04.007 Db proactiveeventtrackerd[31587:2681c3] (ProactiveSupport) _PASLazyPlist: cache hit for object value at 0x10244ef1c
2023-02-02 12:21:04.007 Db proactiveeventtrackerd[31587:2681c3] (ProactiveSupport) _PASLazyPlist: cache hit for object value at 0x10244ef20
2023-02-02 12:21:04.007 Db proactiveeventtrackerd[31587:2681c3] (ProactiveSupport) _PASLazyPlist: cache hit for object value at 0x10244ef24
2023-02-02 12:21:04.007 Db proactiveeventtrackerd[31587:2681c3] (ProactiveSupport) _PASLazyPlist: cache hit for object value at 0x10244ef28
2023-02-02 12:21:04.007 Db proactiveeventtrackerd[31587:2681c3] (ProactiveSupport) _PASLazyPlist: cache hit for object value at 0x10244ef2c
2023-02-02 12:21:04.007 Db proactiveeventtrackerd[31587:2681c3] (ProactiveSupport) _PASLazyPlist: cache hit for object value at 0x10244ef30
2023-02-02 12:21:04.007 Db proactiveeventtrackerd[31587:2681c3] (ProactiveSupport) _PASLazyPlist: cache hit for object value at 0x10244ef34
2023-02-02 12:21:04.007 Db proactiveeventtrackerd[31587:2681c3] (ProactiveSupport) _PASLazyPlist: cache hit for object value at 0x10244ef38
2023-02-02 12:21:04.007 Db proactiveeventtrackerd[31587:2681c3] (ProactiveSupport) _PASLazyPlist: cache hit for object value at 0x10244ef3c
2023-02-02 12:21:04.007 Db proactiveeventtrackerd[31587:2681c3] (ProactiveSupport) _PASLazyPlist: cache hit for object value at 0x10244ef40
2023-02-02 12:21:04.007 Db proactiveeventtrackerd[31587:2681c3] (ProactiveSupport) _PASLazyPlist: cache hit for object value at 0x10244ef44
2023-02-02 12:21:04.007 Db proactiveeventtrackerd[31587:2681c3] (ProactiveSupport) _PASLazyPlist: cache hit for object value at 0x10244ef48
2023-02-02 12:21:04.007 Db proactiveeventtrackerd[31587:2681c3] (ProactiveSupport) _PASLazyPlist: cache hit for object value at 0x10244ef4c
2023-02-02 12:21:04.007 Db proactiveeventtrackerd[31587:2681c3] (ProactiveSupport) _PASLazyPlist: cache hit for object value at 0x10244ef50
2023-02-02 12:21:04.007 Db proactiveeventtrackerd[31587:2681c3] (ProactiveSupport) _PASLazyPlist: cache hit for object value at 0x10244ef54
2023-02-02 12:21:04.007 Db proactiveeventtrackerd[31587:2681c3] (ProactiveSupport) _PASLazyPlist: cache hit for object value at 0x10244ef58
2023-02-02 12:21:04.007 Db proactiveeventtrackerd[31587:2681c3] (ProactiveSupport) _PASLazyPlist: cache hit for object value at 0x10244ef5c
2023-02-02 12:21:04.007 Db proactiveeventtrackerd[31587:2681c3] (ProactiveSupport) _PASLazyPlist: cache hit for object value at 0x10244ef60
2023-02-02 12:21:04.007 Db proactiveeventtrackerd[31587:2681c3] (ProactiveSupport) _PASLazyPlist: cache hit for object value at 0x10244ef64
2023-02-02 12:21:04.007 Db proactiveeventtrackerd[31587:2681c3] (ProactiveSupport) _PASLazyPlist: cache hit for object value at 0x10244ef68
2023-02-02 12:21:04.008 Db proactiveeventtrackerd[31587:2681c3] (ProactiveSupport) _PASLazyPlist: cache hit for object value at 0x10244ef6c
2023-02-02 12:21:04.008 Db proactiveeventtrackerd[31587:2681c3] (ProactiveSupport) _PASLazyPlist: cache hit for object value at 0x10244ef70
2023-02-02 12:21:04.008 Db proactiveeventtrackerd[31587:2681c3] (ProactiveSupport) _PASLazyPlist: cache hit for object value at 0x10244ef74
2023-02-02 12:21:04.008 Db proactiveeventtrackerd[31587:2681c3] (ProactiveSupport) _PASLazyPlist: cache hit for object value at 0x10244ef78
2023-02-02 12:21:04.008 Db proactiveeventtrackerd[31587:2681c3] (ProactiveSupport) _PASLazyPlist: cache hit for object value at 0x10244ef7c
2023-02-02 12:21:04.008 Db proactiveeventtrackerd[31587:2681c3] (ProactiveSupport) _PASLazyPlist: cache hit for object value at 0x10244ef80
2023-02-02 12:21:04.008 Db proactiveeventtrackerd[31587:2681c3] (ProactiveSupport) _PASLazyPlist: cache hit for object value at 0x10244ef84
2023-02-02 12:21:04.008 Db proactiveeventtrackerd[31587:2681c3] (ProactiveSupport) _PASLazyPlist: cache hit for object value at 0x10244ef88
2023-02-02 12:21:04.008 Db proactiveeventtrackerd[31587:2681c3] (ProactiveSupport) _PASLazyPlist: cache hit for object value at 0x10244ef8c
2023-02-02 12:21:04.008 Db proactiveeventtrackerd[31587:2681c3] (ProactiveSupport) _PASLazyPlist: cache hit for object value at 0x10244ef90
2023-02-02 12:21:04.008 Db proactiveeventtrackerd[31587:2681c3] (ProactiveSupport) _PASLazyPlist: cache hit for object value at 0x10244ef94
2023-02-02 12:21:04.008 Db proactiveeventtrackerd[31587:2681c3] (ProactiveSupport) _PASLazyPlist: cache hit for object value at 0x10244ef98
2023-02-02 12:21:04.008 Db proactiveeventtrackerd[31587:2681c3] (ProactiveSupport) _PASLazyPlist: cache hit for object value at 0x10244ef9c
2023-02-02 12:21:04.008 Db proactiveeventtrackerd[31587:2681c3] (ProactiveSupport) _PASLazyPlist: cache hit for object value at 0x10244efa0
2023-02-02 12:21:04.008 Db proactiveeventtrackerd[31587:2681c3] (ProactiveSupport) _PASLazyPlist: cache hit for object value at 0x10244efa4
2023-02-02 12:21:04.008 Db proactiveeventtrackerd[31587:2681c3] (ProactiveSupport) _PASLazyPlist: cache hit for object value at 0x10244efa8
2023-02-02 12:21:04.008 Db proactiveeventtrackerd[31587:2681c3] (ProactiveSupport) _PASLazyPlist: cache hit for object value at 0x10244efac
2023-02-02 12:21:04.008 Db proactiveeventtrackerd[31587:2681c3] (ProactiveSupport) _PASLazyPlist: cache hit for object value at 0x10244efb0
2023-02-02 12:21:04.008 Db proactiveeventtrackerd[31587:2681c3] (ProactiveSupport) _PASLazyPlist: cache hit for object value at 0x10244f060
2023-02-02 12:21:04.008 Db proactiveeventtrackerd[31587:2681c3] (ProactiveSupport) _PASLazyPlist: cache hit for object value at 0x10244f064
2023-02-02 12:21:04.008 Db proactiveeventtrackerd[31587:2681c3] (ProactiveSupport) _PASLazyPlist: cache hit for object value at 0x10244f068
2023-02-02 12:21:04.008 Db proactiveeventtrackerd[31587:2681c3] (ProactiveSupport) _PASLazyPlist: cache hit for object value at 0x10244f06c
2023-02-02 12:21:04.008 Db proactiveeventtrackerd[31587:2681c3] (ProactiveSupport) _PASLazyPlist: cache hit for object value at 0x10244f070
2023-02-02 12:21:04.008 Db proactiveeventtrackerd[31587:2681c3] (ProactiveSupport) _PASLazyPlist: cache hit for object value at 0x10244f074
2023-02-02 12:21:04.008 Db proactiveeventtrackerd[31587:2681c3] (ProactiveSupport) _PASLazyPlist: cache hit for object value at 0x10244f078
2023-02-02 12:21:04.008 Db proactiveeventtrackerd[31587:2681c3] (ProactiveSupport) _PASLazyPlist: cache hit for object value at 0x10244f07c
2023-02-02 12:21:04.008 Db proactiveeventtrackerd[31587:2681c3] (ProactiveSupport) _PASLazyPlist: cache hit for object value at 0x10244f080
2023-02-02 12:21:04.008 Db proactiveeventtrackerd[31587:2681c3] (ProactiveSupport) _PASLazyPlist: cache hit for object value at 0x10244f084
2023-02-02 12:21:04.008 Db proactiveeventtrackerd[31587:2681c3] (ProactiveSupport) _PASLazyPlist: cache hit for object value at 0x10244f088
2023-02-02 12:21:04.008 Db proactiveeventtrackerd[31587:2681c3] (ProactiveSupport) _PASLazyPlist: cache hit for object value at 0x10244f08c
2023-02-02 12:21:04.008 Db proactiveeventtrackerd[31587:2681c3] (ProactiveSupport) _PASLazyPlist: cache hit for object value at 0x10244f090
2023-02-02 12:21:04.008 Db proactiveeventtrackerd[31587:2681c3] (ProactiveSupport) _PASLazyPlist: cache hit for object value at 0x10244f094
2023-02-02 12:21:04.008 Db proactiveeventtrackerd[31587:2681c3] (ProactiveSupport) _PASLazyPlist: cache hit for object value at 0x10244f098
2023-02-02 12:21:04.009 Db proactiveeventtrackerd[31587:2681c3] (ProactiveSupport) _PASLazyPlist: cache hit for object value at 0x10244f09c
2023-02-02 12:21:04.009 Db proactiveeventtrackerd[31587:2681c3] (ProactiveSupport) _PASLazyPlist: cache hit for object value at 0x10244f0a0
2023-02-02 12:21:04.009 Db proactiveeventtrackerd[31587:2681c3] (ProactiveSupport) _PASLazyPlist: cache hit for object value at 0x10244f0c0
2023-02-02 12:21:04.009 Db proactiveeventtrackerd[31587:2681c3] (ProactiveSupport) _PASLazyPlist: cache hit for object value at 0x10244f1ec
2023-02-02 12:21:04.009 Db proactiveeventtrackerd[31587:2681c3] (ProactiveSupport) _PASLazyPlist: cache hit for object value at 0x10244f1f0
2023-02-02 12:21:04.009 Db proactiveeventtrackerd[31587:2681c3] (ProactiveSupport) _PASLazyPlist: cache hit for object value at 0x10244f4f4
2023-02-02 12:21:04.009 Db proactiveeventtrackerd[31587:2681c3] (ProactiveSupport) _PASLazyPlist: cache hit for object value at 0x10244f6ac
2023-02-02 12:21:04.009 Db proactiveeventtrackerd[31587:2681c3] (ProactiveSupport) _PASLazyPlist: cache hit for object value at 0x10244f6b0
2023-02-02 12:21:04.009 Db proactiveeventtrackerd[31587:2681c3] (ProactiveSupport) _PASLazyPlist: cache hit for object value at 0x10244f6b4
2023-02-02 12:21:04.009 Db proactiveeventtrackerd[31587:2681c3] (ProactiveSupport) _PASLazyPlist: cache hit for object value at 0x10244f6b8
2023-02-02 12:21:04.009 Db proactiveeventtrackerd[31587:2681c3] (ProactiveSupport) _PASLazyPlist: cache hit for object value at 0x10244f71c
2023-02-02 12:21:04.009 Db proactiveeventtrackerd[31587:2681c3] (ProactiveSupport) _PASLazyPlist: cache hit for object value at 0x10244f720
2023-02-02 12:21:04.010 Db proactiveeventtrackerd[31587:2681c3] (ProactiveSupport) _PASLazyPlist: cache hit for object value at 0x10244fb38
2023-02-02 12:21:04.010 Db proactiveeventtrackerd[31587:2681c3] (ProactiveSupport) _PASLazyPlist: cache hit for object value at 0x10244fb3c
2023-02-02 12:21:04.010 Db proactiveeventtrackerd[31587:2681c3] (ProactiveSupport) _PASLazyPlist: cache hit for object value at 0x10244fb40
2023-02-02 12:21:04.010 Db proactiveeventtrackerd[31587:2681c3] (ProactiveSupport) _PASLazyPlist: cache hit for object value at 0x10244fb68
2023-02-02 12:21:04.010 Db proactiveeventtrackerd[31587:2681c3] (ProactiveSupport) _PASLazyPlist: cache hit for object value at 0x10244fbbc
2023-02-02 12:21:04.010 Db proactiveeventtrackerd[31587:2681c3] (ProactiveSupport) _PASLazyPlist: cache hit for object value at 0x10244fbc0
2023-02-02 12:21:04.010 Db proactiveeventtrackerd[31587:2681c3] (ProactiveSupport) _PASLazyPlist: cache hit for object value at 0x10244fbe8
2023-02-02 12:21:04.010 Db proactiveeventtrackerd[31587:2681c3] (ProactiveSupport) _PASLazyPlist: cache hit for object value at 0x1024501e8
2023-02-02 12:21:04.010 Db proactiveeventtrackerd[31587:2681c3] (ProactiveSupport) _PASLazyPlist: cache hit for object value at 0x1024501ec
2023-02-02 12:21:04.010 Db proactiveeventtrackerd[31587:2681c3] (ProactiveSupport) _PASLazyPlist: cache hit for object value at 0x1024501f0
2023-02-02 12:21:04.010 Db proactiveeventtrackerd[31587:2681c3] (ProactiveSupport) _PASLazyPlist: cache hit for object value at 0x1024501f4
2023-02-02 12:21:04.010 Db proactiveeventtrackerd[31587:2681c3] (ProactiveSupport) _PASLazyPlist: cache hit for object value at 0x1024501f8
2023-02-02 12:21:04.010 Db proactiveeventtrackerd[31587:2681c3] (ProactiveSupport) _PASLazyPlist: cache hit for object value at 0x10245021c
2023-02-02 12:21:04.010 Db proactiveeventtrackerd[31587:2681c3] (ProactiveSupport) _PASLazyPlist: cache hit for object value at 0x102450220
2023-02-02 12:21:04.010 Db proactiveeventtrackerd[31587:2681c3] (ProactiveSupport) _PASLazyPlist: cache hit for object value at 0x102450448
2023-02-02 12:21:04.010 Db proactiveeventtrackerd[31587:2681c3] (ProactiveSupport) _PASLazyPlist: cache hit for object value at 0x102450468
2023-02-02 12:21:04.010 E  proactiveeventtrackerd[31587:2681c3] (ProactiveEventTracker) User passwd entry or home directory is not found
2023-02-02 12:21:04.010 Df proactiveeventtrackerd[31587:2681c3] [com.apple.CoreAnalytics:client] No XPC connection in Simulator
2023-02-02 12:21:04.010 Db proactiveeventtrackerd[31587:2681c3] [com.apple.CoreAnalytics.event:send] com.apple.proactive.pet.error_init {"reason":0}
2023-02-02 12:21:04.010 E  proactiveeventtrackerd[31587:2681c3] (ProactiveEventTracker) Failed to initialize PETEventTracker2.
2023-02-02 12:21:04.010 A  proactiveeventtrackerd[31587:2681c3] (libsystem_trace.dylib) Activity for state dumps
2023-02-02 12:21:04.010 F  proactiveeventtrackerd[31587:2681c3] Failed to initialize the tracker
2023-02-02 12:21:04.010 Db proactiveeventtrackerd[31587:2681c3] [com.apple.CoreAnalytics.event:send] com.apple.proactive.petd.error_init {"reason":"tracker"}
2023-02-02 12:21:04.010 E  proactiveeventtrackerd[31587:2681c3] Failed to initialize PET service. Exiting...
2023-02-02 12:21:04.010 Df proactiveeventtrackerd[31587:2681c3] [com.apple.CoreAnalytics:client] Entering exit handler.
2023-02-02 12:21:04.011 Df proactiveeventtrackerd[31587:2681c3] [com.apple.CoreAnalytics:client] Exiting exit handler.

