Timestamp               Ty Process[PID:TID]
2023-02-02 12:20:55.783 I  locationd[14020:264472] [com.apple.locationd.Core:Simulation] {"msg":"Nowhere to go; not preparing next location"}
2023-02-02 12:20:55.784 Db locationd[14020:264472] [com.apple.locationd.Core:Simulation] {"msg":"Dealing with no more locations", "repeatBehavior":1}
2023-02-02 12:20:55.784 Db locationd[14020:264472] [com.apple.locationd.Core:Simulation] {"msg":"Adjust next location timestamp", "originalTimestamp_s":"697044056.784072042", "delta_s":"0.079818010"}
2023-02-02 12:20:55.784 Db locationd[14020:264472] [com.apple.locationd.Core:Simulation] {"msg":"Preparing next location"}
2023-02-02 12:20:55.784 Db locationd[14020:264472] [com.apple.locationd.Core:Simulation] {"msg":"No more pending locations"}
2023-02-02 12:20:55.784 Db locationd[14020:264472] [com.apple.locationd.Core:Simulation] {"msg":"Notify location is", "location":'00 00 00 00 FF FF 00 00 DD 0A 61 35 96 E4 42 40 76 E2 72 BC 02 9A 5E C0 00 00 00 00 00 00 14 40 00 00 00 00 00 00 00 00 00 00 00 00 00 00 F0 BF 00 00 00 00 00 00 F0 BF 00 00 00 00 00 00 F0 BF 00 00 00 00 00 00 F0 BF 00 00 00 00 00 00 F0 BF 00 00 00 00 00 00 F0 BF 00 00 00 00 00 00 F0 BF F3 93 6E 2C 06 C6 C4 41 00 00 00 00 00 00 00 00 00 00 F0 BF 01 00 00 00 00 00 00 00 00 00 00 00 00 00 00 00 00 00 00 00 00 00 00 00 00 00 F0 BF FF FF FF 7F 00 00 00 00 00 00 00 00 00 00 00 00 00 00 00 00 00 00 00 00 00 00 00 00 00 00 00 00'}
2023-02-02 12:20:55.784 Df locationd[14020:264472] [com.apple.locationd.Position:GeneralCLX] @ClxSimulated, Fix, 1, ll, 37.7858340, -122.4064170, acc, 5.00, course, -1.0, time, 697044056.9, deltaDistance, 0.0, deltaDistanceAccuracy, 1.9, odometer, 0.0, timestampGps, 697044056.9
2023-02-02 12:20:55.784 Db locationd[14020:264471] [com.apple.locationd.Core:Simulation] Sending through simulated location for simulated
2023-02-02 12:20:55.784 Db locationd[14020:264472] [com.apple.locationd.Core:Simulation] {"msg":"Notification delay", "notificationDelay_s":"1.000000000"}
2023-02-02 12:20:55.784 A  locationd[14020:264471] CL: notifyClientsWithData (Fallback)
2023-02-02 12:20:55.784 Db locationd[14020:264471] [com.apple.locationd.Core:Notifier] {"msg":"notifyClientsWithData", "event":activity, "name":simulated, "notification":3}
2023-02-02 12:20:55.784 A  locationd[14020:264471] CL: notifyClientsWithData (Fallback)
2023-02-02 12:20:55.784 Db locationd[14020:264471] [com.apple.locationd.Core:Notifier] {"msg":"notifyClientsWithData", "event":activity, "name":simulated, "notification":4}
2023-02-02 12:20:55.784 A  locationd[14020:264471] CL: notifyClientsWithData (Fallback)
2023-02-02 12:20:55.784 Db locationd[14020:264471] [com.apple.locationd.Core:Notifier] {"msg":"notifyClientsWithData", "event":activity, "name":simulated, "notification":40}
2023-02-02 12:20:55.784 A  locationd[14020:264471] CL: notifyClientsWithData (Fallback)
2023-02-02 12:20:55.784 Db locationd[14020:264471] [com.apple.locationd.Core:Notifier] {"msg":"notifyClientsWithData", "event":activity, "name":simulated, "notification":2}
2023-02-02 12:20:55.784 A  locationd[14020:264471] CL: notifyClientsWithData (Fallback)
2023-02-02 12:20:55.784 Db locationd[14020:264471] [com.apple.locationd.Core:Notifier] {"msg":"notifyClientsWithData", "event":activity, "name":simulated, "notification":1}
2023-02-02 12:20:55.784 A  locationd[14020:264471] CL: notifyClientsWithData (Fallback)
2023-02-02 12:20:55.785 Db locationd[14020:264471] [com.apple.locationd.Core:Notifier] {"msg":"notifyClientsWithData", "event":activity, "name":simulated, "notification":5}
2023-02-02 12:20:55.785 A  locationd[14020:264471] CL: notifyClientsWithData (Fallback)
2023-02-02 12:20:55.785 Db locationd[14020:264471] [com.apple.locationd.Core:Notifier] {"msg":"notifyClientsWithData", "event":activity, "name":simulated, "notification":0}
2023-02-02 12:20:55.903 Db locationd[14020:253f05] [com.apple.locationd.Motion:Motion] Ping timer fired, resetting watchdog
2023-02-02 12:20:56.457 Db mlruntimed[31521:268062] [com.apple.MLRuntime:MLRuntime] Creating directory at file:///var/mobile/Library/DES/SubmissionLogs/
2023-02-02 12:20:56.466 Db cfprefsd[14034:267c83] [com.apple.defaults:cfprefsd] Process 31521 (mlruntimed) sent a request related to { com.apple.mlruntimed, user: mobile, kCFPreferencesCurrentHost, /Library/Managed Preferences/mobile/com.apple.mlruntimed.plist, managed: 1 } (0x6000026d82d0)
2023-02-02 12:20:56.466 E  cfprefsd[14034:267c83] [com.apple.defaults:cfprefsd] Couldn't open parent path due to [2: No such file or directory]
2023-02-02 12:20:56.466 Db cfprefsd[14034:267c83] [com.apple.defaults:cfprefsd] Couldn't open /Library/Managed Preferences/mobile/com.apple.mlruntimed.plist due to No such file or directory
2023-02-02 12:20:56.466 Db cfprefsd[14034:267c83] [com.apple.defaults:cfprefsd] Process 31521 (mlruntimed) sent a request related to { com.apple.mlruntimed, user: kCFPreferencesAnyUser, kCFPreferencesCurrentHost, /Library/Managed Preferences/com.apple.mlruntimed.plist, managed: 1 } (0x6000026c55f0)
2023-02-02 12:20:56.466 E  cfprefsd[14034:267c83] [com.apple.defaults:cfprefsd] Couldn't open parent path due to [2: No such file or directory]
2023-02-02 12:20:56.467 Db cfprefsd[14034:267c83] [com.apple.defaults:cfprefsd] Couldn't open /Library/Managed Preferences/com.apple.mlruntimed.plist due to No such file or directory
2023-02-02 12:20:56.467 Db cfprefsd[14034:267c83] [com.apple.defaults:cfprefsd] Process 31521 (mlruntimed) sent a request related to { com.apple.mlruntimed, user: mobile, kCFPreferencesAnyHost, /Users/ggard/Library/Developer/CoreSimulator/Devices/773105ED-D5BC-4800-A2E6-239ECE9FE9FA/data/Library/Preferences/com.apple.mlruntimed.plist, managed: 0 } (0x6000026c55f0)
2023-02-02 12:20:56.467 Db cfprefsd[14034:267c83] [com.apple.defaults:cfprefsd] Couldn't open /Users/ggard/Library/Developer/CoreSimulator/Devices/773105ED-D5BC-4800-A2E6-239ECE9FE9FA/data/Library/Preferences/com.apple.mlruntimed.plist due to No such file or directory
2023-02-02 12:20:56.467 Db cfprefsd[14034:267c83] [com.apple.defaults:cfprefsd] Process 31521 (mlruntimed) sent a request related to { kCFPreferencesAnyApplication, user: mobile, kCFPreferencesCurrentHost, /Library/Managed Preferences/mobile/.GlobalPreferences.plist, managed: 1 } (0x6000026d0120)
2023-02-02 12:20:56.467 E  cfprefsd[14034:267c83] [com.apple.defaults:cfprefsd] Couldn't open parent path due to [2: No such file or directory]
2023-02-02 12:20:56.467 Db cfprefsd[14034:267c83] [com.apple.defaults:cfprefsd] Couldn't open /Library/Managed Preferences/mobile/.GlobalPreferences.plist due to No such file or directory
2023-02-02 12:20:56.467 Db cfprefsd[14034:267c83] [com.apple.defaults:cfprefsd] Process 31521 (mlruntimed) sent a request related to { com.apple.mlruntimed, user: mobile, kCFPreferencesAnyHost, /Users/ggard/Library/Developer/CoreSimulator/Devices/773105ED-D5BC-4800-A2E6-239ECE9FE9FA/data/Library/Preferences/com.apple.mlruntimed.plist, managed: 0 } (0x6000025cd400)
2023-02-02 12:20:56.467 Db cfprefsd[14034:2665b3] [com.apple.defaults:cfprefsd] wrote file /Users/ggard/Library/Developer/CoreSimulator/Devices/773105ED-D5BC-4800-A2E6-239ECE9FE9FA/data/Library/Preferencescom.apple.appstored.plist
2023-02-02 12:20:56.467 Db cfprefsd[14034:267c83] [com.apple.defaults:cfprefsd] Couldn't open /Users/ggard/Library/Developer/CoreSimulator/Devices/773105ED-D5BC-4800-A2E6-239ECE9FE9FA/data/Library/Preferences/com.apple.mlruntimed.plist due to No such file or directory
2023-02-02 12:20:56.467 Db cfprefsd[14034:267c83] [com.apple.defaults:cfprefsd] Process 31521 (mlruntimed) sent a request related to { kCFPreferencesAnyApplication, user: mobile, kCFPreferencesAnyHost, /Users/ggard/Library/Developer/CoreSimulator/Devices/773105ED-D5BC-4800-A2E6-239ECE9FE9FA/data/Library/Preferences/.GlobalPreferences.plist, managed: 0 } (0x6000025d4140)
2023-02-02 12:20:56.467 Db cfprefsd[14034:267c83] [com.apple.defaults:cfprefsd] Process 31521 (mlruntimed) read data for { kCFPreferencesAnyApplication, mobile, kCFPreferencesAnyHost, /Users/ggard/Library/Developer/CoreSimulator/Devices/773105ED-D5BC-4800-A2E6-239ECE9FE9FA/data/Library/Preferences/.GlobalPreferences.plist, managed: 0 }, backed by /Users/ggard/Library/Developer/CoreSimulator/Devices/773105ED-D5BC-4800-A2E6-239ECE9FE9FA/data/Library/Preferences/.GlobalPreferences.plist
2023-02-02 12:20:56.467 Db cfprefsd[14034:267c83] [com.apple.defaults:cfprefsd] Process 31521 (mlruntimed) sent a request related to { kCFPreferencesAnyApplication, user: mobile, kCFPreferencesAnyHost, /Users/ggard/Library/Developer/CoreSimulator/Devices/773105ED-D5BC-4800-A2E6-239ECE9FE9FA/data/Library/Preferences/.GlobalPreferences.plist, managed: 0 } (0x6000025d4140)
2023-02-02 12:20:56.467 Db cfprefsd[14034:267c83] [com.apple.defaults:cfprefsd] Process 31521 (mlruntimed) read data for { kCFPreferencesAnyApplication, mobile, kCFPreferencesAnyHost, /Users/ggard/Library/Developer/CoreSimulator/Devices/773105ED-D5BC-4800-A2E6-239ECE9FE9FA/data/Library/Preferences/.GlobalPreferences.plist, managed: 0 }, backed by /Users/ggard/Library/Developer/CoreSimulator/Devices/773105ED-D5BC-4800-A2E6-239ECE9FE9FA/data/Library/Preferences/.GlobalPreferences.plist
2023-02-02 12:20:56.467 Db cfprefsd[14034:267c83] [com.apple.defaults:cfprefsd] Process 31521 (mlruntimed) sent a request related to { com.apple.mlruntimed, user: mobile, kCFPreferencesCurrentHost, /Users/ggard/Library/Developer/CoreSimulator/Devices/773105ED-D5BC-4800-A2E6-239ECE9FE9FA/data/Library/Preferences/ByHost/com.apple.mlruntimed..plist, managed: 0 } (0x6000026c55f0)
2023-02-02 12:20:56.467 E  cfprefsd[14034:267c83] [com.apple.defaults:cfprefsd] Couldn't open parent path due to [2: No such file or directory]
2023-02-02 12:20:56.467 Db cfprefsd[14034:267c83] [com.apple.defaults:cfprefsd] Couldn't open /Users/ggard/Library/Developer/CoreSimulator/Devices/773105ED-D5BC-4800-A2E6-239ECE9FE9FA/data/Library/Preferences/ByHost/com.apple.mlruntimed..plist due to No such file or directory
2023-02-02 12:20:56.467 Db cfprefsd[14034:267c83] [com.apple.defaults:cfprefsd] Process 31521 (mlruntimed) sent a request related to { kCFPreferencesAnyApplication, user: mobile, kCFPreferencesCurrentHost, /Users/ggard/Library/Developer/CoreSimulator/Devices/773105ED-D5BC-4800-A2E6-239ECE9FE9FA/data/Library/Preferences/ByHost/.GlobalPreferences..plist, managed: 0 } (0x6000025d41e0)
2023-02-02 12:20:56.467 E  cfprefsd[14034:267c83] [com.apple.defaults:cfprefsd] Couldn't open parent path due to [2: No such file or directory]
2023-02-02 12:20:56.467 Db cfprefsd[14034:267c83] [com.apple.defaults:cfprefsd] Couldn't open /Users/ggard/Library/Developer/CoreSimulator/Devices/773105ED-D5BC-4800-A2E6-239ECE9FE9FA/data/Library/Preferences/ByHost/.GlobalPreferences..plist due to No such file or directory
2023-02-02 12:20:56.467 Db mlruntimed[31521:268062] [com.apple.defaults:User Defaults] CFPrefsManagedSource<0x600003e08180> (Domain: com.apple.mlruntimed, User: kCFPreferencesCurrentUser, ByHost: Yes, Container: (null), Contents Need Refresh: No) loaded: an empty base plist and no additional changes from the base plist
2023-02-02 12:20:56.467 Db mlruntimed[31521:268062] [com.apple.defaults:User Defaults] CFPrefsManagedSource<0x600003e08200> (Domain: com.apple.mlruntimed, User: kCFPreferencesAnyUser, ByHost: Yes, Container: (null), Contents Need Refresh: No) loaded: an empty base plist and no additional changes from the base plist
2023-02-02 12:20:56.467 Db mlruntimed[31521:268062] [com.apple.defaults:User Defaults] CFPrefsPlistSource<0x600003e08400> (Domain: com.apple.mlruntimed, User: kCFPreferencesCurrentUser, ByHost: No, Container: (null), Contents Need Refresh: No) loaded: an empty base plist and no additional changes from the base plist
2023-02-02 12:20:56.467 Db mlruntimed[31521:268062] [com.apple.defaults:User Defaults] CFPrefsManagedSource<0x600003e08580> (Domain: kCFPreferencesAnyApplication, User: kCFPreferencesCurrentUser, ByHost: Yes, Container: (null), Contents Need Refresh: No) loaded: an empty base plist and no additional changes from the base plist
2023-02-02 12:20:56.467 Db mlruntimed[31521:268062] [com.apple.defaults:User Defaults] CFPrefsPlistSource<0x600003e08600> (Domain: com.apple.mlruntimed, User: kCFPreferencesCurrentUser, ByHost: No, Container: /Users/ggard/Library/Developer/CoreSimulator/Devices/773105ED-D5BC-4800-A2E6-239ECE9FE9FA/data, Contents Need Refresh: No) loaded: an empty base plist and no additional changes from the base plist
2023-02-02 12:20:56.467 Db mlruntimed[31521:268062] [com.apple.defaults:User Defaults] CFPrefsPlistSource<0x600003e08680> (Domain: kCFPreferencesAnyApplication, User: kCFPreferencesCurrentUser, ByHost: No, Container: (null), Contents Need Refresh: No) loaded: a new base plist and no additional changes from the base plist
2023-02-02 12:20:56.467 Db mlruntimed[31521:268062] [com.apple.defaults:User Defaults] CFPrefsPlistSource<0x600003e08780> (Domain: kCFPreferencesAnyApplication, User: kCFPreferencesCurrentUser, ByHost: No, Container: /Users/ggard/Library/Developer/CoreSimulator/Devices/773105ED-D5BC-4800-A2E6-239ECE9FE9FA/data, Contents Need Refresh: No) loaded: a new base plist and no additional changes from the base plist
2023-02-02 12:20:56.468 Db mlruntimed[31521:268062] [com.apple.defaults:User Defaults] CFPrefsPlistSource<0x600003e08800> (Domain: com.apple.mlruntimed, User: kCFPreferencesCurrentUser, ByHost: Yes, Container: (null), Contents Need Refresh: No) loaded: an empty base plist and no additional changes from the base plist
2023-02-02 12:20:56.468 Db mlruntimed[31521:268062] [com.apple.defaults:User Defaults] CFPrefsPlistSource<0x600003e08980> (Domain: kCFPreferencesAnyApplication, User: kCFPreferencesCurrentUser, ByHost: Yes, Container: (null), Contents Need Refresh: No) loaded: an empty base plist and no additional changes from the base plist
2023-02-02 12:20:56.468 Db mlruntimed[31521:268062] [com.apple.defaults:User Defaults] found no value for key AppleLanguages in CFPrefsSearchListSource<0x600003e08100> (Domain: com.apple.mlruntimed, Container: (null))
2023-02-02 12:20:56.468 I  mlruntimed[31521:268062] [com.apple.defaults:User Defaults] using backstop value (
    en
) to avoid returning NULL for key AppleLanguages in kCFPreferencesCurrentApplication
2023-02-02 12:20:56.468 Db mlruntimed[31521:268062] [com.apple.CFBundle:resources] Language lookup at CFBundle 0x14c605d60 </Applications/Xcode.app/Contents/Developer/Platforms/iPhoneOS.platform/Library/Developer/CoreSimulator/Profiles/Runtimes/iOS.simruntime/Contents/Resources/RuntimeRoot/System/Library/Frameworks/Foundation.framework> (not loaded)
	Localizations : [de, he, en_AU, ar, el, ja, en, uk, es_419, zh_CN, es, da, it, bg, sk, kk, pt_PT, ms, sv, cs, ko, no, hu, zh_HK, tr, pl, zh_TW, en_GB, vi, ru, fr_CA, fr, fi, id, nl, th, pt, ro, hr, hi, ca]
	Dev language  : en_US
	User prefs    : [en]
	Main bundle   : [<null>]
	Allow mixed   : 1
	Result        : [en]
2023-02-02 12:20:56.468 Db mlruntimed[31521:268062] [com.apple.CFBundle:resources] Using ~iphone resources
2023-02-02 12:20:56.468 Db mlruntimed[31521:268062] [com.apple.CFBundle:resources] Resource lookup at CFBundle 0x14c605d60 </Applications/Xcode.app/Contents/Developer/Platforms/iPhoneOS.platform/Library/Developer/CoreSimulator/Profiles/Runtimes/iOS.simruntime/Contents/Resources/RuntimeRoot/System/Library/Frameworks/Foundation.framework> (not loaded)
	Request       : FoundationErrors type: loctable
	Result        : None
2023-02-02 12:20:56.468 Db mlruntimed[31521:268062] [com.apple.CFBundle:resources] Resource lookup at CFBundle 0x14c605d60 </Applications/Xcode.app/Contents/Developer/Platforms/iPhoneOS.platform/Library/Developer/CoreSimulator/Profiles/Runtimes/iOS.simruntime/Contents/Resources/RuntimeRoot/System/Library/Frameworks/Foundation.framework> (not loaded)
	Request       : FoundationErrors type: strings
	Result        : file:///Applications/Xcode.app/Contents/Developer/Platforms/iPhoneOS.platform/Library/Developer/CoreSimulator/Profiles/Runtimes/iOS.simruntime/Contents/Resources/RuntimeRoot/System/Library/Frameworks/Foundation.framework/en.lproj/FoundationErrors.strings
2023-02-02 12:20:56.468 Db mlruntimed[31521:268062] [com.apple.CFBundle:resources] Resource lookup at CFBundle 0x14c605d60 </Applications/Xcode.app/Contents/Developer/Platforms/iPhoneOS.platform/Library/Developer/CoreSimulator/Profiles/Runtimes/iOS.simruntime/Contents/Resources/RuntimeRoot/System/Library/Frameworks/Foundation.framework> (not loaded)
	Request       : FoundationErrors type: stringsdict
	Result        : None
2023-02-02 12:20:56.469 Db mlruntimed[31521:268062] [com.apple.defaults:User Defaults] found no value for key NSShowNonLocalizedStrings in CFPrefsSearchListSource<0x600003e08100> (Domain: com.apple.mlruntimed, Container: (null))
2023-02-02 12:20:56.469 Db mlruntimed[31521:268062] [com.apple.defaults:User Defaults] found no value for key NSDoubleLocalizedStrings in CFPrefsSearchListSource<0x600003e08100> (Domain: com.apple.mlruntimed, Container: (null))
2023-02-02 12:20:56.469 Db mlruntimed[31521:268062] [com.apple.defaults:User Defaults] found no value for key NSForceRightToLeftLocalizedStrings in CFPrefsSearchListSource<0x600003e08100> (Domain: com.apple.mlruntimed, Container: (null))
2023-02-02 12:20:56.469 Db mlruntimed[31521:268062] [com.apple.defaults:User Defaults] found no value for key NSAccentuateLocalizedStrings in CFPrefsSearchListSource<0x600003e08100> (Domain: com.apple.mlruntimed, Container: (null))
2023-02-02 12:20:56.469 Db mlruntimed[31521:268062] [com.apple.defaults:User Defaults] found no value for key NSSurroundLocalizedStrings in CFPrefsSearchListSource<0x600003e08100> (Domain: com.apple.mlruntimed, Container: (null))
2023-02-02 12:20:56.469 Db mlruntimed[31521:268062] [com.apple.CFBundle:strings] Bundle: CFBundle 0x14c605d60 </Applications/Xcode.app/Contents/Developer/Platforms/iPhoneOS.platform/Library/Developer/CoreSimulator/Profiles/Runtimes/iOS.simruntime/Contents/Resources/RuntimeRoot/System/Library/Frameworks/Foundation.framework> (not loaded), key: Err513.dfv, value: (null), table: FoundationErrors, localizationName: (null), result: Err513.dfv
2023-02-02 12:20:56.469 Db mlruntimed[31521:268062] [com.apple.CFBundle:strings] Lazy cache miss for bundle: CFBundle 0x14c605d60 </Applications/Xcode.app/Contents/Developer/Platforms/iPhoneOS.platform/Library/Developer/CoreSimulator/Profiles/Runtimes/iOS.simruntime/Contents/Resources/RuntimeRoot/System/Library/Frameworks/Foundation.framework> (not loaded) key: Err513.df table: FoundationErrors
2023-02-02 12:20:56.469 Db mlruntimed[31521:268062] [com.apple.CFBundle:strings] Bundle: CFBundle 0x14c605d60 </Applications/Xcode.app/Contents/Developer/Platforms/iPhoneOS.platform/Library/Developer/CoreSimulator/Profiles/Runtimes/iOS.simruntime/Contents/Resources/RuntimeRoot/System/Library/Frameworks/Foundation.framework> (not loaded), key: Err513.df, value: (null), table: FoundationErrors, localizationName: (null), result: You don’t have permission to save the file “%2$@” in the folder “%1$@”.
2023-02-02 12:20:56.469 E  mlruntimed[31521:268062] [com.apple.MLRuntime:MLRuntime] Fail to create directory at file:///var/mobile/Library/DES/SubmissionLogs/, with error=Error Domain=NSCocoaErrorDomain Code=513 "You don’t have permission to save the file “SubmissionLogs” in the folder “DES”." UserInfo={NSFilePath=/var/mobile/Library/DES/SubmissionLogs, NSUnderlyingError=0x600001e1c390 {Error Domain=NSPOSIXErrorDomain Code=13 "Permission denied"}}
2023-02-02 12:20:56.469 A  mlruntimed[31521:268062] (libsystem_trace.dylib) Activity for state dumps
2023-02-02 12:20:56.469 F  mlruntimed[31521:268062] [com.apple.MLRuntime:MLRuntime] Fail to create DES submission log directory
2023-02-02 12:20:56.542 Df apsd[14046:253f9c] [com.apple.apsd:courier] <APSCourier 0x14da04470 development>: __processStoredIncomingMessageForConnection: <APSConnectionServer: 0x600001984630>
2023-02-02 12:20:56.797 I  locationd[14020:264472] [com.apple.locationd.Core:Simulation] {"msg":"Nowhere to go; not preparing next location"}
2023-02-02 12:20:56.797 Db locationd[14020:264472] [com.apple.locationd.Core:Simulation] {"msg":"Dealing with no more locations", "repeatBehavior":1}
2023-02-02 12:20:56.797 Db locationd[14020:264472] [com.apple.locationd.Core:Simulation] {"msg":"Adjust next location timestamp", "originalTimestamp_s":"697044057.797781944", "delta_s":"0.079818010"}
2023-02-02 12:20:56.797 Db locationd[14020:264472] [com.apple.locationd.Core:Simulation] {"msg":"Preparing next location"}
2023-02-02 12:20:56.797 Db locationd[14020:264472] [com.apple.locationd.Core:Simulation] {"msg":"No more pending locations"}
2023-02-02 12:20:56.797 Db locationd[14020:264472] [com.apple.locationd.Core:Simulation] {"msg":"Notify location is", "location":'00 00 00 00 FF FF 00 00 DD 0A 61 35 96 E4 42 40 76 E2 72 BC 02 9A 5E C0 00 00 00 00 00 00 14 40 00 00 00 00 00 00 00 00 00 00 00 00 00 00 F0 BF 00 00 00 00 00 00 F0 BF 00 00 00 00 00 00 F0 BF 00 00 00 00 00 00 F0 BF 00 00 00 00 00 00 F0 BF 00 00 00 00 00 00 F0 BF 00 00 00 00 00 00 F0 BF 32 55 F0 2C 06 C6 C4 41 00 00 00 00 00 00 00 00 00 00 F0 BF 01 00 00 00 00 00 00 00 00 00 00 00 00 00 00 00 00 00 00 00 00 00 00 00 00 00 F0 BF FF FF FF 7F 00 00 00 00 00 00 00 00 00 00 00 00 00 00 00 00 00 00 00 00 00 00 00 00 00 00 00 00'}
2023-02-02 12:20:56.797 Df locationd[14020:264472] [com.apple.locationd.Position:GeneralCLX] @ClxSimulated, Fix, 1, ll, 37.7858340, -122.4064170, acc, 5.00, course, -1.0, time, 697044057.9, deltaDistance, 0.0, deltaDistanceAccuracy, 1.9, odometer, 0.0, timestampGps, 697044057.9
2023-02-02 12:20:56.798 Db locationd[14020:264472] [com.apple.locationd.Core:Simulation] {"msg":"Notification delay", "notificationDelay_s":"1.000000000"}
2023-02-02 12:20:56.798 Db locationd[14020:264473] [com.apple.locationd.Core:Simulation] Sending through simulated location for simulated
2023-02-02 12:20:56.798 A  locationd[14020:264473] CL: notifyClientsWithData (Fallback)
2023-02-02 12:20:56.798 Db locationd[14020:264473] [com.apple.locationd.Core:Notifier] {"msg":"notifyClientsWithData", "event":activity, "name":simulated, "notification":3}
2023-02-02 12:20:56.798 A  locationd[14020:264473] CL: notifyClientsWithData (Fallback)
2023-02-02 12:20:56.798 Db locationd[14020:264473] [com.apple.locationd.Core:Notifier] {"msg":"notifyClientsWithData", "event":activity, "name":simulated, "notification":4}
2023-02-02 12:20:56.798 A  locationd[14020:264473] CL: notifyClientsWithData (Fallback)
2023-02-02 12:20:56.799 Db locationd[14020:264473] [com.apple.locationd.Core:Notifier] {"msg":"notifyClientsWithData", "event":activity, "name":simulated, "notification":40}
2023-02-02 12:20:56.799 A  locationd[14020:264473] CL: notifyClientsWithData (Fallback)
2023-02-02 12:20:56.799 Db locationd[14020:264473] [com.apple.locationd.Core:Notifier] {"msg":"notifyClientsWithData", "event":activity, "name":simulated, "notification":2}
2023-02-02 12:20:56.799 A  locationd[14020:264473] CL: notifyClientsWithData (Fallback)
2023-02-02 12:20:56.799 Db locationd[14020:264473] [com.apple.locationd.Core:Notifier] {"msg":"notifyClientsWithData", "event":activity, "name":simulated, "notification":1}
2023-02-02 12:20:56.799 A  locationd[14020:264473] CL: notifyClientsWithData (Fallback)
2023-02-02 12:20:56.799 Db locationd[14020:264473] [com.apple.locationd.Core:Notifier] {"msg":"notifyClientsWithData", "event":activity, "name":simulated, "notification":5}
2023-02-02 12:20:56.799 A  locationd[14020:264473] CL: notifyClientsWithData (Fallback)
2023-02-02 12:20:56.799 Db locationd[14020:264473] [com.apple.locationd.Core:Notifier] {"msg":"notifyClientsWithData", "event":activity, "name":simulated, "notification":0}
2023-02-02 12:20:56.858 Df apsd[14046:253f9c] <APSNetworkMonitor: 0x600001c8c120> wifi is historically cheap? YES  awakePercentage = 0.000000,  wifiGrowAttemptDelta 1  wifiKeepAliveInterval 900.000000
2023-02-02 12:20:56.860 Df apsd[14046:253f9c] [com.apple.CommonUtilities:Network] is WiFi associated? YES
2023-02-02 12:20:56.868 Df apsd[14046:253f9c] <APSNetworkMonitor: 0x600001c8c120> we're allowed to piggyback - we will not associate to wifi ourselves.
2023-02-02 12:20:56.877 Df apsd[14046:253f9c] <APSNetworkMonitor: 0x600001c8c120> _toggleWiFiAutoAssociateIfNecessary disabling wifi auto association highEnoughPushCost NO  wifiHistoricallyOK YES  serverLoadIsOK YES criticalReliability NO  serverSupportsDualMode YES  _dualMode 0 enableDualMode YES disableCostDrivenDualMode NO isPiggybacking YES isWoWEnabled NO
2023-02-02 12:20:56.886 Df apsd[14046:253f9c] [com.apple.apsd:courier] <APSCourier 0x14da04470 development>: Received delegate call: shouldUseDualMode is set to YES
2023-02-02 12:20:56.886 Df apsd[14046:253f9c] [com.apple.apsd:courier] <APSCourier 0x14da04470 development> resetting consecutive failures because we have at least one connection
2023-02-02 12:20:56.886 Df apsd[14046:253f9c] <APSCourierConnection: 0x149d04080>: handleDualModeState isDualChannelAllowed YES
2023-02-02 12:20:56.886 Df apsd[14046:253f9c] [com.apple.apsd:courier] APSCourier <APSCourier 0x14da04470 development> adjusting connection. Connected on 1 interfaces. Current link quality: wwan is unknown; wifi is good
2023-02-02 12:20:56.886 Df apsd[14046:253f9c] [com.apple.apsd:courier] <APSCourier 0x14da04470 development> calling _connectStream with interface preference None
2023-02-02 12:20:56.886 Df apsd[14046:253f9c] [com.apple.apsd:courier] <APSCourier 0x14da04470 development> _connectStream has None preference and dual channel is enabled.
2023-02-02 12:20:56.886 Df apsd[14046:253f9c] [com.apple.apsd:courier] <APSCourier 0x14da04470 development> _connectStream - kicking WWAN for dual channel
2023-02-02 12:20:56.886 Df apsd[14046:253f9c] [com.apple.apsd:courier] <APSCourier 0x14da04470 development> attempting to _connectStream. currently onInterface NonCellular consecutiveFailures 0 preference WWAN shouldUseDualChannel YES. Connected on 1 interfaces.
2023-02-02 12:20:56.886 A  apsd[14046:253f9c] (Security) SecItemCopyMatching_ios
2023-02-02 12:20:56.894 Db securityd[28489:264a89] [com.apple.securityd:serverxpc] XPC [apsd[14046]/1#31 LF=0] operation: copy_matching (1)
2023-02-02 12:20:56.896 Df apsd[14046:253f9c] [com.apple.apsd:courier] No identity found in keychain. Copying activation identity.
2023-02-02 12:20:56.896 Df apsd[14046:253f9c] [com.apple.apsd:courier] <APSCourier 0x14da04470 development> _connectStream - dual channel with 1 connected interfaces. isWWANUsable NO, isWiFiUsable YES. Not attempting to connect.
2023-02-02 12:20:57.805 I  locationd[14020:264471] [com.apple.locationd.Core:Simulation] {"msg":"Nowhere to go; not preparing next location"}
2023-02-02 12:20:57.806 Db locationd[14020:264471] [com.apple.locationd.Core:Simulation] {"msg":"Dealing with no more locations", "repeatBehavior":1}
2023-02-02 12:20:57.807 Db locationd[14020:264471] [com.apple.locationd.Core:Simulation] {"msg":"Adjust next location timestamp", "originalTimestamp_s":"697044058.807201028", "delta_s":"0.079818010"}
2023-02-02 12:20:57.808 Db locationd[14020:264471] [com.apple.locationd.Core:Simulation] {"msg":"Preparing next location"}
2023-02-02 12:20:57.808 Db locationd[14020:264471] [com.apple.locationd.Core:Simulation] {"msg":"No more pending locations"}
2023-02-02 12:20:57.808 Db locationd[14020:264471] [com.apple.locationd.Core:Simulation] {"msg":"Notify location is", "location":'00 00 00 00 FF FF 00 00 DD 0A 61 35 96 E4 42 40 76 E2 72 BC 02 9A 5E C0 00 00 00 00 00 00 14 40 00 00 00 00 00 00 00 00 00 00 00 00 00 00 F0 BF 00 00 00 00 00 00 F0 BF 00 00 00 00 00 00 F0 BF 00 00 00 00 00 00 F0 BF 00 00 00 00 00 00 F0 BF 00 00 00 00 00 00 F0 BF 00 00 00 00 00 00 F0 BF D7 89 71 2D 06 C6 C4 41 00 00 00 00 00 00 00 00 00 00 F0 BF 01 00 00 00 00 00 00 00 00 00 00 00 00 00 00 00 00 00 00 00 00 00 00 00 00 00 F0 BF FF FF FF 7F 00 00 00 00 00 00 00 00 00 00 00 00 00 00 00 00 00 00 00 00 00 00 00 00 00 00 00 00'}
2023-02-02 12:20:57.808 Df locationd[14020:264471] [com.apple.locationd.Position:GeneralCLX] @ClxSimulated, Fix, 1, ll, 37.7858340, -122.4064170, acc, 5.00, course, -1.0, time, 697044058.9, deltaDistance, 0.0, deltaDistanceAccuracy, 1.9, odometer, 0.0, timestampGps, 697044058.9
2023-02-02 12:20:57.809 Db locationd[14020:264471] [com.apple.locationd.Core:Simulation] {"msg":"Notification delay", "notificationDelay_s":"1.000000000"}
2023-02-02 12:20:57.809 Db locationd[14020:264472] [com.apple.locationd.Core:Simulation] Sending through simulated location for simulated
2023-02-02 12:20:57.809 A  locationd[14020:264472] CL: notifyClientsWithData (Fallback)
2023-02-02 12:20:57.809 Db locationd[14020:264472] [com.apple.locationd.Core:Notifier] {"msg":"notifyClientsWithData", "event":activity, "name":simulated, "notification":3}
2023-02-02 12:20:57.809 A  locationd[14020:264472] CL: notifyClientsWithData (Fallback)
2023-02-02 12:20:57.809 Db locationd[14020:264472] [com.apple.locationd.Core:Notifier] {"msg":"notifyClientsWithData", "event":activity, "name":simulated, "notification":4}
2023-02-02 12:20:57.809 A  locationd[14020:264472] CL: notifyClientsWithData (Fallback)
2023-02-02 12:20:57.809 Db locationd[14020:264472] [com.apple.locationd.Core:Notifier] {"msg":"notifyClientsWithData", "event":activity, "name":simulated, "notification":40}
2023-02-02 12:20:57.809 A  locationd[14020:264472] CL: notifyClientsWithData (Fallback)
2023-02-02 12:20:57.809 Db locationd[14020:264472] [com.apple.locationd.Core:Notifier] {"msg":"notifyClientsWithData", "event":activity, "name":simulated, "notification":2}
2023-02-02 12:20:57.809 A  locationd[14020:264472] CL: notifyClientsWithData (Fallback)
2023-02-02 12:20:57.809 Db locationd[14020:264472] [com.apple.locationd.Core:Notifier] {"msg":"notifyClientsWithData", "event":activity, "name":simulated, "notification":1}
2023-02-02 12:20:57.809 A  locationd[14020:264472] CL: notifyClientsWithData (Fallback)
2023-02-02 12:20:57.809 Db locationd[14020:264472] [com.apple.locationd.Core:Notifier] {"msg":"notifyClientsWithData", "event":activity, "name":simulated, "notification":5}
2023-02-02 12:20:57.809 A  locationd[14020:264472] CL: notifyClientsWithData (Fallback)
2023-02-02 12:20:57.809 Db locationd[14020:264472] [com.apple.locationd.Core:Notifier] {"msg":"notifyClientsWithData", "event":activity, "name":simulated, "notification":0}

