Timestamp               Ty Process[PID:TID]
2023-02-02 12:21:36.328 Db locationd[31652:2683ca] [com.apple.locationd.Motion:Motion] Ping timer fired, resetting watchdog
2023-02-02 12:21:36.522 I  kbd[31691:268599] (KeyboardServices) -[_KSCloudKitManager queryAccountStatusWithCompletionHandler:]_block_invoke  >>> checking account status
2023-02-02 12:21:36.523 A  kbd[31691:268599] (CloudKit) client/account-info
2023-02-02 12:21:36.523 Db kbd[31691:268599] [com.apple.cloudkit.sim:CK] Fetching full account info
2023-02-02 12:21:36.524 Db cloudd[31688:268568] [com.apple.defaults:User Defaults] looked up value 40 for key AccountInfoValidationCounter in CFPrefsPlistSource<0x600001ba4200> (Domain: com.apple.CloudKit, User: kCFPreferencesCurrentUser, ByHost: No, Container: (null), Contents Need Refresh: No) via CFPrefsSearchListSource<0x600001ba4000> (Domain: com.apple.CloudKit, Container: (null))
2023-02-02 12:21:36.524 Db cloudd[31688:268568] [com.apple.cloudkit.sim:CK] Account status is No account
2023-02-02 12:21:36.524 Db cloudd[31688:268568] [com.apple.cloudkit.sim:CK] Current account is not secondary account. Override info (null)
2023-02-02 12:21:36.524 I  cloudd[31688:268568] [com.apple.cloudkit.sim:CK] No backing account, so not returning an auth token.
2023-02-02 12:21:36.524 I  cloudd[31688:268568] [com.apple.cloudkit.sim:CK] No backing account, so not returning an auth token.
2023-02-02 12:21:36.524 Db cloudd[31688:268568] [com.apple.defaults:User Defaults] found no value for key BehaviorOptions in CFPrefsSearchListSource<0x600001ba4000> (Domain: com.apple.CloudKit, Container: (null))
2023-02-02 12:21:36.524 Db cloudd[31688:268568] [com.apple.cloudkit.sim:CK] Fetching walrus state from CoreCDP
2023-02-02 12:21:36.524 A  cloudd[31688:268568] (CoreCDP) Walrus: Fetching status.
2023-02-02 12:21:36.526 Db cdpd[31711:2685e1] [com.apple.cdp:core] "CDP client connection invalidated: <NSXPCConnection: 0x600002e341e0> connection from pid 31688 on mach service named com.apple.cdp.daemon"
2023-02-02 12:21:36.526 Db cdpd[31711:2685e1] [com.apple.cdp:core] "Deallocated <CDPDClientHandler: 0x600001134ea0>"
2023-02-02 12:21:36.526 Db cdpd[31711:2685e0] [com.apple.cdp:core] "Unknown client type with bundleID '(null)'"
2023-02-02 12:21:36.526 Db cdpd[31711:2685e0] [com.apple.cdp:core] "Accepting new connection <NSXPCConnection: 0x600002e20000> connection from pid 31688 on mach service named com.apple.cdp.daemon with entitlements mask 223"
2023-02-02 12:21:36.526 A  cdpd[31711:2685e0] (Accounts) accounts/accounts-with-types-sync
2023-02-02 12:21:36.526 Db cdpd[31711:2685e0] [com.apple.accounts:signpost] BEGIN [24]: AccountsWithTypesWithPropertiesSync (
    "com.apple.account.AppleAccount"
): (null)
2023-02-02 12:21:36.527 Db cdpd[31711:2685e0] [com.apple.accounts:signpost] END [24] 0.000858s: AccountsWithTypesWithProperties (null)
2023-02-02 12:21:36.528 E  cdpd[31711:2685e0] [com.apple.cdp:core] "No Primary account."
2023-02-02 12:21:36.528 E  cdpd[31711:2685e0] [com.apple.cdp:core] "No eligible primary account found, cannot fetch walrus status: Error Domain=CDPStateError Code=-5102 "(null)""
2023-02-02 12:21:36.528 E  cdpd[31711:2685e0] [com.apple.cdp:core] "Failed to fetch walrus status with error code: -5102, error: Error Domain=CDPStateError Code=-5102 "(null)""
2023-02-02 12:21:36.528 E  cloudd[31688:268b4c] [com.apple.cdp:core] "Failed to fetch walrus status with error: Error Domain=CDPStateError Code=-5102 "(null)""
2023-02-02 12:21:36.528 I  cloudd[31688:268b4c] [com.apple.cloudkit.sim:CK] CoreCDP reports that walrus is not enabled for the logged in account.Error: Error Domain=CDPStateError Code=-5102 "(null)"
2023-02-02 12:21:36.528 Db cloudd[31688:268568] [com.apple.cloudkit.sim:CK] Returning account info to client: <CKAccountInfo: 0x6000020b6940; accountStatus=No account, accountPartition=Prod, deviceToDeviceEncryptionAvailability=(none), hasValidCredentials=false, walrus=Disabled>
2023-02-02 12:21:36.528 Db kbd[31691:268561] [com.apple.cloudkit.sim:CK] Account info is <CKAccountInfo: 0x145e09700; accountStatus=No account, accountPartition=Prod, deviceToDeviceEncryptionAvailability=(none), hasValidCredentials=false, walrus=Disabled>
2023-02-02 12:21:36.528 Db kbd[31691:268561] [com.apple.defaults:User Defaults] looked up value {
    2bde32dffdece3fdd6b9d42f31cbc2fb1f0c55b5381e0f3237aa84cd94d81a1c = {length = 431, bytes = 0x62706c69 73743030 d4010203 04050607 ... 00000000 0000014b };
    ee3a8b52c2bffbfdb3b1e722dddaf68ee9b24e047fb477f17e70d8f12f2de5b4 = {length = 431, bytes = 0x62706c69 73743030 d4010203 04050607 ... 00000000 0000014b };
} for key CloudKitAccountInfoCache in CFPrefsPlistSource<0x145f190b0> (Domain: com.apple.kbd, User: kCFPreferencesCurrentUser, ByHost: No, Container: (null), Contents Need Refresh: No) via CFPrefsSearchListSource<0x145f18db0> (Domain: com.apple.kbd, Container: (null))
2023-02-02 12:21:36.528 Db kbd[31691:268561] [com.apple.defaults:User Defaults] CFPrefsPlistSource<0x145f190b0> (Domain: com.apple.kbd, User: kCFPreferencesCurrentUser, ByHost: No, Container: (null), Contents Need Refresh: No) skipping setting already-present value for key CloudKitAccountInfoCache
2023-02-02 12:21:36.529 I  kbd[31691:268561] [com.apple.cloudkit.sim:CK] Set cached account info: <CKAccountInfo: 0x145e09700; accountStatus=No account, accountPartition=Prod, deviceToDeviceEncryptionAvailability=(none), hasValidCredentials=false, walrus=Disabled>
2023-02-02 12:21:36.529 I  kbd[31691:268561] (KeyboardServices) -[_KSCloudKitManager queryAccountStatusWithCompletionHandler:]_block_invoke_2  >>> account is set up
2023-02-02 12:21:36.529 A  kbd[31691:268561] (CloudKit) client/fetch-user-record-id
2023-02-02 12:21:36.529 Db kbd[31691:268561] [com.apple.cloudkit.sim:CK] Will fetch user record ID for container: <CKContainerImplementation: 0x147a0b460; containerID=<CKContainerID: 0x147a04240; containerIdentifier=com.apple.textinput.KeyboardServices.Secure, containerEnvironment="Production">, applicationBundleIdentifierOverrideForContainerAccess="com.apple.kbd", applicationBundleIdentifierOverrideForNetworkAttribution="com.apple.kbd", applicationBundleIdentifierOverrideForPushTopicGeneration="com.apple.kbd", sourceApplicationBundleIdentifier="com.apple.kbd">
2023-02-02 12:21:36.529 E  cloudd[31688:268568] [com.apple.cdp:core] "Daemon connection invalidated!"
2023-02-02 12:21:36.529 Db cloudd[31688:268568] [com.apple.cloudkit.sim:CK] Account status is No account
2023-02-02 12:21:36.529 E  kbd[31691:268599] [com.apple.cloudkit.sim:CK] Error fetching user record ID: <CKError 0x145f12520: "Not Authenticated" (9); "No iCloud account is configured">
2023-02-02 12:21:36.529 E  kbd[31691:268599] (KeyboardServices) -[_KSUserWordsSynchroniser accountDidChange:]_block_invoke  Disabling syncing if necessary as no compatible account found
2023-02-02 12:21:36.576 Df apsd[31690:2684cf] [com.apple.apsd:courier] <APSCourier 0x154504740 development>: __processStoredIncomingMessageForConnection: <APSConnectionServer: 0x600001d100b0>
2023-02-02 12:21:36.629 Df apsd[31690:2684cf] [com.apple.apsd:courier] <APSCourier 0x154504740 development>: __processStoredIncomingMessageForConnection: <APSConnectionServer: 0x600001d14000>
2023-02-02 12:21:36.683 Db backboardd[31649:2683c7] [com.apple.locationd.Motion:Motion] Ping timer fired, resetting watchdog
2023-02-02 12:21:36.724 E  PosterBoard[31712:268952] [com.apple.PosterBoardServices:DataStoreProactive] (1BD01AD4-C684-4CF1-B1F4-0F931CBDA4CB)_pushPosterDescriptorsToProactiveForReason:'Extensions were updated' -- Failed; proactive timed out.  Please file a radar.
2023-02-02 12:21:36.724 E  PosterBoard[31712:268952] [com.apple.PosterBoardServices:PosterContents] (5369AC1C-2FA9-4729-B4E7-15D4B7B4168E)Finished dynamic descriptors update; could not push to proactive because error: Error Domain=com.apple.PosterBoard.PBFPosterExtensionDataStoreErrorDomain Code=-2222 "Proactive indicated it was not successful in receiving our extensionBundleIdentifierToDescriptorMap" UserInfo={NSLocalizedFailureReason=Proactive indicated it was not successful in receiving our extensionBundleIdentifierToDescriptorMap, extensionBundleIdentifierToDescriptorMap={
    "com.apple.EmojiPoster.EmojiPosterExtension" =     (
        "<PRSServerPosterPath:0x600003493430 com.apple.EmojiPoster.EmojiPosterExtension:descriptor:veggiefruitfruit(686FC29A-068D-4EE6-9117-857F243F2575)/0-0>",
        "<PRSServerPosterPath:0x600003493480 com.apple.EmojiPoster.EmojiPosterExtension:descriptor:underTheSea(167AB2E9-5F16-4E0B-B944-A196298E23CB)/0-0>",
        "<PRSServerPosterPath:0x6000034934d0 com.apple.EmojiPoster.EmojiPosterExtension:descriptor:tennis(8FA19725-21DF-4C7A-BB4C-D23F7AF4276D)/0-0>",
        "<PRSServerPosterPath:0x6000034932f0 com.apple.EmojiPoster.EmojiPosterExt
2023-02-02 12:21:36.725 Df PosterBoard[31712:268952] [com.apple.PosterBoardServices:DataStoreProactive] (1BD01AD4-C684-4CF1-B1F4-0F931CBDA4CB)_pushPosterDescriptorsToProactiveForReason:'Extensions were updated'; finished
2023-02-02 12:21:36.725 E  PosterBoard[31712:268952] [com.apple.PosterBoardServices:DataStoreProactive] (BA47C5B1-F304-4F54-82F8-093BC49F1469)_pushPosterDescriptorsToProactiveForReason:'Extensions were updated' -- Failed; proactive timed out.  Please file a radar.
2023-02-02 12:21:36.725 I  runningboardd[31635:268426] [com.apple.runningboard:message] PERF: Received request from [osservice<com.apple.PosterBoard>:31712] (euid 502, auid 502): async_invalidateAssertionWithIdentifier:
2023-02-02 12:21:36.725 E  PosterBoard[31712:268952] [com.apple.PosterBoardServices:PosterContents] (E5370E8C-D4D6-4BDA-ADE6-22AE3B943069)Finished dynamic descriptors update; could not push to proactive because error: Error Domain=com.apple.PosterBoard.PBFPosterExtensionDataStoreErrorDomain Code=-2222 "Proactive indicated it was not successful in receiving our extensionBundleIdentifierToDescriptorMap" UserInfo={NSLocalizedFailureReason=Proactive indicated it was not successful in receiving our extensionBundleIdentifierToDescriptorMap, extensionBundleIdentifierToDescriptorMap={
    "com.apple.EmojiPoster.EmojiPosterExtension" =     (
        "<PRSServerPosterPath:0x600003493430 com.apple.EmojiPoster.EmojiPosterExtension:descriptor:veggiefruitfruit(686FC29A-068D-4EE6-9117-857F243F2575)/0-0>",
        "<PRSServerPosterPath:0x600003493480 com.apple.EmojiPoster.EmojiPosterExtension:descriptor:underTheSea(167AB2E9-5F16-4E0B-B944-A196298E23CB)/0-0>",
        "<PRSServerPosterPath:0x6000034934d0 com.apple.EmojiPoster.EmojiPosterExtension:descriptor:tennis(8FA19725-21DF-4C7A-BB4C-D23F7AF4276D)/0-0>",
        "<PRSServerPosterPath:0x6000034932f0 com.apple.EmojiPoster.EmojiPosterExt
2023-02-02 12:21:36.725 A  runningboardd[31635:268426] (RunningBoard) invalidateAssertionWithIdentifier
2023-02-02 12:21:36.725 Df PosterBoard[31712:268952] [com.apple.PosterBoardServices:DataStoreProactive] (BA47C5B1-F304-4F54-82F8-093BC49F1469)_pushPosterDescriptorsToProactiveForReason:'Extensions were updated'; finished
2023-02-02 12:21:36.725 Df runningboardd[31635:268426] [com.apple.runningboard:ttl] Invalidating assertion 31635-31712-106 (target:[osservice<com.apple.PosterBoard>:31712]) from originator [osservice<com.apple.PosterBoard>:31712]
2023-02-02 12:21:36.725 I  runningboardd[31635:268426] [com.apple.runningboard:message] PERF: Received request from [osservice<com.apple.PosterBoard>:31712] (euid 502, auid 502): async_invalidateAssertionWithIdentifier:
2023-02-02 12:21:36.725 A  runningboardd[31635:268426] (RunningBoard) invalidateAssertionWithIdentifier
2023-02-02 12:21:36.725 Df runningboardd[31635:268426] [com.apple.runningboard:ttl] Invalidating assertion 31635-31712-164 (target:[osservice<com.apple.PosterBoard>:31712]) from originator [osservice<com.apple.PosterBoard>:31712]
2023-02-02 12:21:36.725 I  runningboardd[31635:268423] [com.apple.runningboard:message] PERF: Received request from [osservice<com.apple.PosterBoard>:31712] (euid 502, auid 502): async_invalidateAssertionWithIdentifier:
2023-02-02 12:21:36.725 A  runningboardd[31635:268423] (RunningBoard) invalidateAssertionWithIdentifier
2023-02-02 12:21:36.725 Df runningboardd[31635:268423] [com.apple.runningboard:ttl] Invalidating assertion 31635-31712-136 (target:[osservice<com.apple.PosterBoard>:31712]) from originator [osservice<com.apple.PosterBoard>:31712]
2023-02-02 12:21:36.726 I  runningboardd[31635:268423] [com.apple.runningboard:message] PERF: Received request from [osservice<com.apple.PosterBoard>:31712] (euid 502, auid 502): async_invalidateAssertionWithIdentifier:
2023-02-02 12:21:36.726 A  runningboardd[31635:268423] (RunningBoard) invalidateAssertionWithIdentifier
2023-02-02 12:21:36.726 Df runningboardd[31635:268423] [com.apple.runningboard:ttl] Invalidating assertion 31635-31712-165 (target:[osservice<com.apple.PosterBoard>:31712]) from originator [osservice<com.apple.PosterBoard>:31712]
2023-02-02 12:21:36.824 Db apsd[31690:268666] [com.apple.PersistentConnection:timer] <PCDispatchTimer: 0x600003f09d00> in call back event handler
2023-02-02 12:21:36.825 Db apsd[31690:268666] [com.apple.PersistentConnection:timer] <PCDispatchTimer: 0x600003f09d00> is invalidated 
Callstack (
	0   PersistentConnection                0x000000018e613e54 -[PCDispatchTimer invalidate] + 176
	1   PersistentConnection                0x000000018e613738 __58-[PCDispatchTimer initWithQueue:target:selector:fireTime:]_block_invoke + 72
	2   libdispatch.dylib                   0x0000000180135768 _dispatch_client_callout + 16
	3   libdispatch.dylib                   0x0000000180139078 _dispatch_continuation_pop + 644
	4   libdispatch.dylib                   0x000000018014e10c _dispatch_source_invoke + 1568
	5   libdispatch.dylib                   0x000000018013d648 _dispatch_lane_serial_drain + 348
	6   libdispatch.dylib                   0x000000018013e474 _dispatch_lane_invoke + 448
	7   libdispatch.dylib                   0x000000018014a624 _dispatch_workloop_worker_thread + 772
	8   libsystem_pthread.dylib             0x00000001b059a8fc _pthread_wqthread + 284
	9   libsystem_pthread.dylib             0x00000001b05996c0 start_wqthread + 8
)
2023-02-02 12:21:36.825 Db apsd[31690:268666] [com.apple.PersistentConnection:timer] <PCDispatchTimer: 0x600003f09d00> performing call back
2023-02-02 12:21:36.825 Df apsd[31690:268666] [com.apple.PersistentConnection:timer] SimpleTimer <PCSimpleTimer: 0x600001b0c5a0> has fired
2023-02-02 12:21:36.825 Df apsd[31690:268666] [com.apple.PersistentConnection:timer] Invalidating simple timer <PCSimpleTimer: 0x600001b0c5a0>
2023-02-02 12:21:36.825 Db apsd[31690:268666] [com.apple.PersistentConnection:timer] <PCDispatchTimer: 0x600003f0a180> is invalidated 
Callstack (
	0   PersistentConnection                0x000000018e613e54 -[PCDispatchTimer invalidate] + 176
	1   PersistentConnection                0x000000018e611c78 -[PCSimpleTimer _invalidateAllowAsync:] + 208
	2   PersistentConnection                0x000000018e61256c -[PCSimpleTimer _fireTimerFired] + 228
	3   PersistentConnection                0x000000018e613860 -[PCDispatchTimer _callTarget] + 132
	4   PersistentConnection                0x000000018e613740 __58-[PCDispatchTimer initWithQueue:target:selector:fireTime:]_block_invoke + 80
	5   libdispatch.dylib                   0x0000000180135768 _dispatch_client_callout + 16
	6   libdispatch.dylib                   0x0000000180139078 _dispatch_continuation_pop + 644
	7   libdispatch.dylib                   0x000000018014e10c _dispatch_source_invoke + 1568
	8   libdispatch.dylib                   0x000000018013d648 _dispatch_lane_serial_drain + 348
	9   libdispatch.dylib                   0x000000018013e474 _dispa
2023-02-02 12:21:36.825 Db apsd[31690:268666] [com.apple.PersistentConnection:timer] <PCDispatchTimer: 0x600003f0a180> dealloced
2023-02-02 12:21:36.825 Db apsd[31690:268666] [com.apple.PersistentConnection:timer] <PCDispatchTimer: 0x600003f09d00> is invalidated 
Callstack (
	0   PersistentConnection                0x000000018e613e54 -[PCDispatchTimer invalidate] + 176
	1   PersistentConnection                0x000000018e611c8c -[PCSimpleTimer _invalidateAllowAsync:] + 228
	2   PersistentConnection                0x000000018e61256c -[PCSimpleTimer _fireTimerFired] + 228
	3   PersistentConnection                0x000000018e613860 -[PCDispatchTimer _callTarget] + 132
	4   PersistentConnection                0x000000018e613740 __58-[PCDispatchTimer initWithQueue:target:selector:fireTime:]_block_invoke + 80
	5   libdispatch.dylib                   0x0000000180135768 _dispatch_client_callout + 16
	6   libdispatch.dylib                   0x0000000180139078 _dispatch_continuation_pop + 644
	7   libdispatch.dylib                   0x000000018014e10c _dispatch_source_invoke + 1568
	8   libdispatch.dylib                   0x000000018013d648 _dispatch_lane_serial_drain + 348
	9   libdispatch.dylib                   0x000000018013e474 _dispa
2023-02-02 12:21:36.825 Df apsd[31690:268666] [com.apple.PersistentConnection:timer] Not canceling system wake for [2023-02-02 12:21:21 -0300], which is in the past
2023-02-02 12:21:36.826 Db apsd[31690:268666] [com.apple.PersistentConnection:timer] <PCDispatchTimer: 0x600003f09d00> performed call back on target <PCSimpleTimer: 0x600001b0c5a0> selector _fireTimerFired
2023-02-02 12:21:36.826 Db apsd[31690:268666] [com.apple.PersistentConnection:timer] <PCDispatchTimer: 0x600003f09d00> dealloced
2023-02-02 12:21:36.826 Df apsd[31690:268666] [com.apple.PersistentConnection:timer] Disabling power monitoring for <PCSimpleTimer: 0x600001b0c5a0> - 3 timers
2023-02-02 12:21:36.826 Df apsd[31690:2684cf] [com.apple.apsd:daemon] Courier connections delay finished
2023-02-02 12:21:36.826 Df apsd[31690:2684cf] [com.apple.apsd:daemon] Courier connection timer fired. Connecting couriers.
2023-02-02 12:21:36.826 Df apsd[31690:2684cf] [com.apple.apsd:daemon] Enabling all couriers
2023-02-02 12:21:36.826 Df apsd[31690:2684cf] [com.apple.apsd:daemon] <APSDaemon: 0x600000404080>: Enabling all couriers
2023-02-02 12:21:36.837 I  locationd[31652:2686de] [com.apple.locationd.Core:Simulation] {"msg":"Nowhere to go; not preparing next location"}
2023-02-02 12:21:36.837 Db locationd[31652:2686de] [com.apple.locationd.Core:Simulation] {"msg":"Dealing with no more locations", "repeatBehavior":1}
2023-02-02 12:21:36.837 Db locationd[31652:2686de] [com.apple.locationd.Core:Simulation] {"msg":"Adjust next location timestamp", "originalTimestamp_s":"697044097.837146044", "delta_s":"2.495158076"}
2023-02-02 12:21:36.837 Db locationd[31652:2686de] [com.apple.locationd.Core:Simulation] {"msg":"Preparing next location"}
2023-02-02 12:21:36.837 Db locationd[31652:2686de] [com.apple.locationd.Core:Simulation] {"msg":"No more pending locations"}
2023-02-02 12:21:36.837 Db locationd[31652:2686de] [com.apple.locationd.Core:Simulation] {"msg":"Notify location is", "location":'00 00 00 00 FF FF 00 00 DD 0A 61 35 96 E4 42 40 76 E2 72 BC 02 9A 5E C0 00 00 00 00 00 00 14 40 00 00 00 00 00 00 00 00 00 00 00 00 00 00 F0 BF 00 00 00 00 00 00 F0 BF 00 00 00 00 00 00 F0 BF 00 00 00 00 00 00 F0 BF 00 00 00 00 00 00 F0 BF 00 00 00 00 00 00 F0 BF 00 00 00 00 00 00 F0 BF F1 88 2A 42 06 C6 C4 41 00 00 00 00 00 00 00 00 00 00 F0 BF 01 00 00 00 00 00 00 00 00 00 00 00 00 00 00 00 00 00 00 00 00 00 00 00 00 00 F0 BF FF FF FF 7F 00 00 00 00 00 00 00 00 00 00 00 00 00 00 00 00 00 00 00 00 00 00 00 00 00 00 00 00'}
2023-02-02 12:21:36.837 Df locationd[31652:2686de] [com.apple.locationd.Position:GeneralCLX] @ClxSimulated, Fix, 1, ll, 37.7858340, -122.4064170, acc, 5.00, course, -1.0, time, 697044100.3, deltaDistance, 0.0, deltaDistanceAccuracy, 1.9, odometer, 0.0, timestampGps, 697044100.3
2023-02-02 12:21:36.838 Db locationd[31652:2686de] [com.apple.locationd.Core:Simulation] {"msg":"Notification delay", "notificationDelay_s":"1.000000000"}
2023-02-02 12:21:36.838 Db locationd[31652:268688] [com.apple.locationd.Core:Simulation] Sending through simulated location for simulated
2023-02-02 12:21:36.838 A  locationd[31652:268688] CL: notifyClientsWithData (Fallback)
2023-02-02 12:21:36.838 Db locationd[31652:268688] [com.apple.locationd.Core:Notifier] {"msg":"notifyClientsWithData", "event":activity, "name":simulated, "notification":3}
2023-02-02 12:21:36.838 A  locationd[31652:268688] CL: notifyClientsWithData (Fallback)
2023-02-02 12:21:36.838 Db locationd[31652:268688] [com.apple.locationd.Core:Notifier] {"msg":"notifyClientsWithData", "event":activity, "name":simulated, "notification":4}
2023-02-02 12:21:36.838 A  locationd[31652:268688] CL: notifyClientsWithData (Fallback)
2023-02-02 12:21:36.839 Db locationd[31652:268688] [com.apple.locationd.Core:Notifier] {"msg":"notifyClientsWithData", "event":activity, "name":simulated, "notification":40}
2023-02-02 12:21:36.839 A  locationd[31652:268688] CL: notifyClientsWithData (Fallback)
2023-02-02 12:21:36.839 Db locationd[31652:268688] [com.apple.locationd.Core:Notifier] {"msg":"notifyClientsWithData", "event":activity, "name":simulated, "notification":2}
2023-02-02 12:21:36.839 A  locationd[31652:268688] CL: notifyClientsWithData (Fallback)
2023-02-02 12:21:36.839 Db locationd[31652:268688] [com.apple.locationd.Core:Notifier] {"msg":"notifyClientsWithData", "event":activity, "name":simulated, "notification":1}
2023-02-02 12:21:36.839 A  locationd[31652:268688] CL: notifyClientsWithData (Fallback)
2023-02-02 12:21:36.839 Db locationd[31652:268688] [com.apple.locationd.Core:Notifier] {"msg":"notifyClientsWithData", "event":activity, "name":simulated, "notification":5}
2023-02-02 12:21:36.839 A  locationd[31652:268688] CL: notifyClientsWithData (Fallback)
2023-02-02 12:21:36.839 Db locationd[31652:268688] [com.apple.locationd.Core:Notifier] {"msg":"notifyClientsWithData", "event":activity, "name":simulated, "notification":0}
2023-02-02 12:21:37.400 E  fileproviderd[31881:268bcb] [com.apple.FileProvider:default] [ERROR] Launch of com.apple.FileProvider.LocalStorage timed out, cannot get entitlements.
2023-02-02 12:21:37.402 A  fileproviderd[31881:268bcb] (libsystem_containermanager.dylib) container_create_or_lookup_path_for_current_user
2023-02-02 12:21:37.402 A  fileproviderd[31881:268bcb] (libsystem_containermanager.dylib) container_create_or_lookup_path_for_platform
2023-02-02 12:21:37.403 Df fileproviderd[31881:268bcb] [com.apple.containermanager:xpc] Requesting container lookup; class = 7, identifier = (null), group_identifier = group.com.apple.FileProvider.LocalStorage, create = 0, temp = 0, euid = 502, uid = 502
2023-02-02 12:21:37.403 A  fileproviderd[31881:268bcb] (libsystem_containermanager.dylib) container_query_t
2023-02-02 12:21:37.403 Df fileproviderd[31881:268bcb] [com.apple.containermanager:query] Query; euid = 502, uid = 502, query = <dictionary: 0x600002630a80> { count = 8, transaction: 0, voucher = 0x0, contents =
	"ContainerClass" => <uint64: 0xb8cbb7fe9b0040a7>: 7
	"Platform" => <uint64: 0xb8cbb7fe9b00409f>: 0
	"Flags" => <uint64: 0xb8cbb7b69b00408f>: 38654705666
	"Explicit" => <uint64: 0xb8cbb7fe9b0041af>: 38
	"PrivateFlags" => <uint64: 0xb8cbb7fe9b004087>: 3
	"Transient" => <bool: 0x1b313ce10>: false
	"Command" => <uint64: 0xb8cbb7fe9b0041a7>: 39
	"GroupIdentifiers" => <array: 0x600000c4cc60> { count = 1, capacity = 10, contents =
		0: <string: 0x600000c4cde0> { length = 41, contents = "group.com.apple.FileProvider.LocalStorage" }
	}
}
2023-02-02 12:21:37.404 I  containermanagerd[31671:268432] [com.apple.containermanager:unspecified] createOrLookup; identity: <group.com.apple.FileProvider.LocalStorage(7);<502/20/502/2/502>;pf7>, createIfNecessary: 0, platform: 7, transient: 0, privileged: 0, clientBundleIdentifier: com.apple.fileproviderd
2023-02-02 12:21:37.405 Df containermanagerd[31671:268432] [com.apple.containermanager:fs] stat [/Users/ggard/Library/Developer/CoreSimulator/Devices/773105ED-D5BC-4800-A2E6-239ECE9FE9FA/data/Containers/Shared/AppGroup/9FC37C5B-B14B-41F8-BE55-B18A6B83CFB2/.com.apple.mobile_container_manager.metadata.plist]: exists: 1, isDirectory: 0, fsNode: <MCMFSNode: 0x600000748380; inode = 23807241, device = 16777232, ctime = 1675349071>
2023-02-02 12:21:37.405 I  containermanagerd[31671:268432] [com.apple.containermanager:query] Found (group.com.apple.FileProvider.LocalStorage|<MCMContainerPath: 0x6000024482d0; [<MCMContainerClassPath: 0x60000235f300; [/Users/ggard/Library/Developer/CoreSimulator/Devices/773105ED-D5BC-4800-A2E6-239ECE9FE9FA/data/Containers]/[Shared]/[AppGroup]>]/[9FC37C5B-B14B-41F8-BE55-B18A6B83CFB2]/[(null)]>|1|B4F47B36-A478-4192-8B32-75F26A7598BB|<MCMFSNode: 0x600000748380; inode = 23807241, device = 16777232, ctime = 1675349071>|without metadata)
2023-02-02 12:21:37.405 Df containermanagerd[31671:268432] [com.apple.containermanager:query] Query result: count = 1, error = (null)
2023-02-02 12:21:37.405 Df containermanagerd[31671:268432] [com.apple.containermanager:xpc] [502] command=39, client=<com.apple.fileproviderd, u=<502/20/502/2/502>, uid=502, pid=31881, sandboxed=0, platform=7 (1/1/1) [(null)], cached>, error=(null)
2023-02-02 12:21:37.406 Df fileproviderd[31881:268bcb] [com.apple.containermanager:unspecified] container_query_get_single_result: success
2023-02-02 12:21:37.406 A  fileproviderd[31881:268bcb] (libsystem_containermanager.dylib) container_copy_object
2023-02-02 12:21:37.406 Df fileproviderd[31881:268bcb] [com.apple.containermanager:unspecified] container_create_or_lookup_path_for_platform: success
2023-02-02 12:21:37.407 E  fileproviderd[31881:268bcb] [com.apple.FileProvider:default] [ERROR] could not load the domain properties: NSError: Cocoa 260 "The file “Domains.plist” couldn’t be opened because there is no such file." UserInfo={NSFilePath=/Users/ggard/Library/Developer/CoreSimulator/Devices/773105ED-D5BC-4800-A2E6-239ECE9FE9FA/data/Library/Application Support/FileProvider/com.apple.FileProvider.LocalStorage/Domains.plist} Underlying={NSError: POSIX 2 "The operation couldn’t be completed. No such file or directory" }}
2023-02-02 12:21:37.843 I  locationd[31652:268688] [com.apple.locationd.Core:Simulation] {"msg":"Nowhere to go; not preparing next location"}
2023-02-02 12:21:37.843 Db locationd[31652:268688] [com.apple.locationd.Core:Simulation] {"msg":"Dealing with no more locations", "repeatBehavior":1}
2023-02-02 12:21:37.843 Db locationd[31652:268688] [com.apple.locationd.Core:Simulation] {"msg":"Adjust next location timestamp", "originalTimestamp_s":"697044098.843708992", "delta_s":"2.495158076"}
2023-02-02 12:21:37.843 Db locationd[31652:268688] [com.apple.locationd.Core:Simulation] {"msg":"Preparing next location"}
2023-02-02 12:21:37.843 Db locationd[31652:268688] [com.apple.locationd.Core:Simulation] {"msg":"No more pending locations"}
2023-02-02 12:21:37.843 Db locationd[31652:268688] [com.apple.locationd.Core:Simulation] {"msg":"Notify location is", "location":'00 00 00 00 FF FF 00 00 DD 0A 61 35 96 E4 42 40 76 E2 72 BC 02 9A 5E C0 00 00 00 00 00 00 14 40 00 00 00 00 00 00 00 00 00 00 00 00 00 00 F0 BF 00 00 00 00 00 00 F0 BF 00 00 00 00 00 00 F0 BF 00 00 00 00 00 00 F0 BF 00 00 00 00 00 00 F0 BF 00 00 00 00 00 00 F0 BF 00 00 00 00 00 00 F0 BF FF 5F AB 42 06 C6 C4 41 00 00 00 00 00 00 00 00 00 00 F0 BF 01 00 00 00 00 00 00 00 00 00 00 00 00 00 00 00 00 00 00 00 00 00 00 00 00 00 F0 BF FF FF FF 7F 00 00 00 00 00 00 00 00 00 00 00 00 00 00 00 00 00 00 00 00 00 00 00 00 00 00 00 00'}
2023-02-02 12:21:37.843 Df locationd[31652:268688] [com.apple.locationd.Position:GeneralCLX] @ClxSimulated, Fix, 1, ll, 37.7858340, -122.4064170, acc, 5.00, course, -1.0, time, 697044101.3, deltaDistance, 0.0, deltaDistanceAccuracy, 1.9, odometer, 0.0, timestampGps, 697044101.3
2023-02-02 12:21:37.844 Db locationd[31652:268688] [com.apple.locationd.Core:Simulation] {"msg":"Notification delay", "notificationDelay_s":"1.000000000"}
2023-02-02 12:21:37.844 Db locationd[31652:26871e] [com.apple.locationd.Core:Simulation] Sending through simulated location for simulated
2023-02-02 12:21:37.844 A  locationd[31652:26871e] CL: notifyClientsWithData (Fallback)
2023-02-02 12:21:37.844 Db locationd[31652:26871e] [com.apple.locationd.Core:Notifier] {"msg":"notifyClientsWithData", "event":activity, "name":simulated, "notification":3}
2023-02-02 12:21:37.844 A  locationd[31652:26871e] CL: notifyClientsWithData (Fallback)
2023-02-02 12:21:37.844 Db locationd[31652:26871e] [com.apple.locationd.Core:Notifier] {"msg":"notifyClientsWithData", "event":activity, "name":simulated, "notification":4}
2023-02-02 12:21:37.844 A  locationd[31652:26871e] CL: notifyClientsWithData (Fallback)
2023-02-02 12:21:37.844 Db locationd[31652:26871e] [com.apple.locationd.Core:Notifier] {"msg":"notifyClientsWithData", "event":activity, "name":simulated, "notification":40}
2023-02-02 12:21:37.844 A  locationd[31652:26871e] CL: notifyClientsWithData (Fallback)
2023-02-02 12:21:37.844 Db locationd[31652:26871e] [com.apple.locationd.Core:Notifier] {"msg":"notifyClientsWithData", "event":activity, "name":simulated, "notification":2}
2023-02-02 12:21:37.845 A  locationd[31652:26871e] CL: notifyClientsWithData (Fallback)
2023-02-02 12:21:37.845 Db locationd[31652:26871e] [com.apple.locationd.Core:Notifier] {"msg":"notifyClientsWithData", "event":activity, "name":simulated, "notification":1}
2023-02-02 12:21:37.845 A  locationd[31652:26871e] CL: notifyClientsWithData (Fallback)
2023-02-02 12:21:37.845 Db locationd[31652:26871e] [com.apple.locationd.Core:Notifier] {"msg":"notifyClientsWithData", "event":activity, "name":simulated, "notification":5}
2023-02-02 12:21:37.845 A  locationd[31652:26871e] CL: notifyClientsWithData (Fallback)
2023-02-02 12:21:37.845 Db locationd[31652:26871e] [com.apple.locationd.Core:Notifier] {"msg":"notifyClientsWithData", "event":activity, "name":simulated, "notification":0}
2023-02-02 12:21:38.116 Df proactiveeventtrackerd[31963:268d4b] PET daemon has launched
2023-02-02 12:21:38.118 I  proactiveeventtrackerd[31963:268d4b] (ProactiveSupport) _PASEntitlement: Found boolean entitlement: "com.apple.proactive.eventtracker" --> YES
2023-02-02 12:21:38.124 Db cfprefsd[31667:268d4e] [com.apple.containermanager:xpc] connection <0x600003bcc480/0/0; 0x600003bcc480> canceled after timeout; cnt = 3
2023-02-02 12:21:38.124 Db cfprefsd[31667:268d4e] [com.apple.containermanager:xpc] connection <0x600003bcc480/0/0> released (shared; canceler); cnt = 2
2023-02-02 12:21:38.125 Db cfprefsd[31667:268d4e] [com.apple.containermanager:xpc] connection <0x600003bcc480/0/0> released; cnt = 1
2023-02-02 12:21:38.125 I  cfprefsd[31667:268d4e] [com.apple.containermanager:xpc] connection <0x600003bcc480/0/0; 0x0> invalidated
2023-02-02 12:21:38.125 Db cfprefsd[31667:268d4e] [com.apple.containermanager:xpc] connection <0x600003bcc480/0/0> released; cnt = 0
2023-02-02 12:21:38.125 Db cfprefsd[31667:268d4e] [com.apple.containermanager:xpc] connection <0x600003bcc480/0/0> freed; cnt = 0
2023-02-02 12:21:38.125 Db cfprefsd[31667:2683f8] [com.apple.defaults:cfprefsd] Process 31963 (proactiveeventtrackerd) sent a request related to { com.apple.proactiveeventtrackerd, user: mobile, kCFPreferencesCurrentHost, /Library/Managed Preferences/mobile/com.apple.proactiveeventtrackerd.plist, managed: 1 } (0x6000007ccfc0)
2023-02-02 12:21:38.125 E  cfprefsd[31667:2683f8] [com.apple.defaults:cfprefsd] Couldn't open parent path due to [2: No such file or directory]
2023-02-02 12:21:38.125 Db cfprefsd[31667:2683f8] [com.apple.defaults:cfprefsd] Couldn't open /Library/Managed Preferences/mobile/com.apple.proactiveeventtrackerd.plist due to No such file or directory
2023-02-02 12:21:38.125 Db cfprefsd[31667:2683f8] [com.apple.defaults:cfprefsd] Process 31963 (proactiveeventtrackerd) sent a request related to { com.apple.proactiveeventtrackerd, user: kCFPreferencesAnyUser, kCFPreferencesCurrentHost, /Library/Managed Preferences/com.apple.proactiveeventtrackerd.plist, managed: 1 } (0x6000007c14d0)
2023-02-02 12:21:38.125 E  cfprefsd[31667:2683f8] [com.apple.defaults:cfprefsd] Couldn't open parent path due to [2: No such file or directory]
2023-02-02 12:21:38.125 Db cfprefsd[31667:2683f8] [com.apple.defaults:cfprefsd] Couldn't open /Library/Managed Preferences/com.apple.proactiveeventtrackerd.plist due to No such file or directory
2023-02-02 12:21:38.126 Db cfprefsd[31667:2683f8] [com.apple.defaults:cfprefsd] Process 31963 (proactiveeventtrackerd) sent a request related to { com.apple.proactiveeventtrackerd, user: mobile, kCFPreferencesAnyHost, /Users/ggard/Library/Developer/CoreSimulator/Devices/773105ED-D5BC-4800-A2E6-239ECE9FE9FA/data/Library/Preferences/com.apple.proactiveeventtrackerd.plist, managed: 0 } (0x6000004d9220)
2023-02-02 12:21:38.126 Db cfprefsd[31667:2683f8] [com.apple.defaults:cfprefsd] Couldn't open /Users/ggard/Library/Developer/CoreSimulator/Devices/773105ED-D5BC-4800-A2E6-239ECE9FE9FA/data/Library/Preferences/com.apple.proactiveeventtrackerd.plist due to No such file or directory
2023-02-02 12:21:38.126 Db cfprefsd[31667:2683f8] [com.apple.defaults:cfprefsd] Process 31963 (proactiveeventtrackerd) sent a request related to { kCFPreferencesAnyApplication, user: mobile, kCFPreferencesCurrentHost, /Library/Managed Preferences/mobile/.GlobalPreferences.plist, managed: 1 } (0x6000007c41b0)
2023-02-02 12:21:38.126 E  cfprefsd[31667:2683f8] [com.apple.defaults:cfprefsd] Couldn't open parent path due to [2: No such file or directory]
2023-02-02 12:21:38.126 Db cfprefsd[31667:2684a8] [com.apple.defaults:cfprefsd] wrote file /Users/ggard/Library/Developer/CoreSimulator/Devices/773105ED-D5BC-4800-A2E6-239ECE9FE9FA/data/Library/Preferencescom.apple.assetsd.plist
2023-02-02 12:21:38.126 Db cfprefsd[31667:2683f8] [com.apple.defaults:cfprefsd] Couldn't open /Library/Managed Preferences/mobile/.GlobalPreferences.plist due to No such file or directory
2023-02-02 12:21:38.126 Db cfprefsd[31667:2683f8] [com.apple.defaults:cfprefsd] Process 31963 (proactiveeventtrackerd) sent a request related to { com.apple.proactiveeventtrackerd, user: mobile, kCFPreferencesAnyHost, /Users/ggard/Library/Developer/CoreSimulator/Devices/773105ED-D5BC-4800-A2E6-239ECE9FE9FA/data/Library/Preferences/com.apple.proactiveeventtrackerd.plist, managed: 0 } (0x6000004d9220)
2023-02-02 12:21:38.126 Db cfprefsd[31667:2683f8] [com.apple.defaults:cfprefsd] Couldn't open /Users/ggard/Library/Developer/CoreSimulator/Devices/773105ED-D5BC-4800-A2E6-239ECE9FE9FA/data/Library/Preferences/com.apple.proactiveeventtrackerd.plist due to No such file or directory
2023-02-02 12:21:38.126 Db cfprefsd[31667:2683f8] [com.apple.defaults:cfprefsd] Process 31963 (proactiveeventtrackerd) sent a request related to { kCFPreferencesAnyApplication, user: mobile, kCFPreferencesAnyHost, /Users/ggard/Library/Developer/CoreSimulator/Devices/773105ED-D5BC-4800-A2E6-239ECE9FE9FA/data/Library/Preferences/.GlobalPreferences.plist, managed: 0 } (0x6000004c80a0)
2023-02-02 12:21:38.126 Db cfprefsd[31667:2683f8] [com.apple.defaults:cfprefsd] Process 31963 (proactiveeventtrackerd) read data for { kCFPreferencesAnyApplication, mobile, kCFPreferencesAnyHost, /Users/ggard/Library/Developer/CoreSimulator/Devices/773105ED-D5BC-4800-A2E6-239ECE9FE9FA/data/Library/Preferences/.GlobalPreferences.plist, managed: 0 }, backed by /Users/ggard/Library/Developer/CoreSimulator/Devices/773105ED-D5BC-4800-A2E6-239ECE9FE9FA/data/Library/Preferences/.GlobalPreferences.plist
2023-02-02 12:21:38.126 Db cfprefsd[31667:2683f8] [com.apple.defaults:cfprefsd] Process 31963 (proactiveeventtrackerd) sent a request related to { kCFPreferencesAnyApplication, user: mobile, kCFPreferencesAnyHost, /Users/ggard/Library/Developer/CoreSimulator/Devices/773105ED-D5BC-4800-A2E6-239ECE9FE9FA/data/Library/Preferences/.GlobalPreferences.plist, managed: 0 } (0x6000004c80a0)
2023-02-02 12:21:38.126 Db cfprefsd[31667:2683f8] [com.apple.defaults:cfprefsd] Process 31963 (proactiveeventtrackerd) read data for { kCFPreferencesAnyApplication, mobile, kCFPreferencesAnyHost, /Users/ggard/Library/Developer/CoreSimulator/Devices/773105ED-D5BC-4800-A2E6-239ECE9FE9FA/data/Library/Preferences/.GlobalPreferences.plist, managed: 0 }, backed by /Users/ggard/Library/Developer/CoreSimulator/Devices/773105ED-D5BC-4800-A2E6-239ECE9FE9FA/data/Library/Preferences/.GlobalPreferences.plist
2023-02-02 12:21:38.126 Db cfprefsd[31667:2683f8] [com.apple.defaults:cfprefsd] Process 31963 (proactiveeventtrackerd) sent a request related to { com.apple.proactiveeventtrackerd, user: mobile, kCFPreferencesCurrentHost, /Users/ggard/Library/Developer/CoreSimulator/Devices/773105ED-D5BC-4800-A2E6-239ECE9FE9FA/data/Library/Preferences/ByHost/com.apple.proactiveeventtrackerd..plist, managed: 0 } (0x6000004d9220)
2023-02-02 12:21:38.126 E  cfprefsd[31667:2683f8] [com.apple.defaults:cfprefsd] Couldn't open parent path due to [2: No such file or directory]
2023-02-02 12:21:38.126 Db cfprefsd[31667:2683f8] [com.apple.defaults:cfprefsd] Couldn't open /Users/ggard/Library/Developer/CoreSimulator/Devices/773105ED-D5BC-4800-A2E6-239ECE9FE9FA/data/Library/Preferences/ByHost/com.apple.proactiveeventtrackerd..plist due to No such file or directory
2023-02-02 12:21:38.127 Db cfprefsd[31667:2684a8] [com.apple.defaults:cfprefsd] wrote file /Users/ggard/Library/Developer/CoreSimulator/Devices/773105ED-D5BC-4800-A2E6-239ECE9FE9FA/data/Library/Preferencescom.apple.liveactivitiesd.plist
2023-02-02 12:21:38.127 Db proactiveeventtrackerd[31963:268d4b] [com.apple.defaults:User Defaults] CFPrefsManagedSource<0x6000021f0380> (Domain: com.apple.proactiveeventtrackerd, User: kCFPreferencesCurrentUser, ByHost: Yes, Container: (null), Contents Need Refresh: No) loaded: an empty base plist and no additional changes from the base plist
2023-02-02 12:21:38.127 Db cfprefsd[31667:2683f8] [com.apple.defaults:cfprefsd] Process 31963 (proactiveeventtrackerd) sent a request related to { kCFPreferencesAnyApplication, user: mobile, kCFPreferencesCurrentHost, /Users/ggard/Library/Developer/CoreSimulator/Devices/773105ED-D5BC-4800-A2E6-239ECE9FE9FA/data/Library/Preferences/ByHost/.GlobalPreferences..plist, managed: 0 } (0x6000004c0140)
2023-02-02 12:21:38.127 Db proactiveeventtrackerd[31963:268d4b] [com.apple.defaults:User Defaults] CFPrefsManagedSource<0x6000021f0400> (Domain: com.apple.proactiveeventtrackerd, User: kCFPreferencesAnyUser, ByHost: Yes, Container: (null), Contents Need Refresh: No) loaded: an empty base plist and no additional changes from the base plist
2023-02-02 12:21:38.127 E  cfprefsd[31667:2683f8] [com.apple.defaults:cfprefsd] Couldn't open parent path due to [2: No such file or directory]
2023-02-02 12:21:38.127 Db proactiveeventtrackerd[31963:268d4b] [com.apple.defaults:User Defaults] CFPrefsPlistSource<0x6000021f0480> (Domain: com.apple.proactiveeventtrackerd, User: kCFPreferencesCurrentUser, ByHost: No, Container: (null), Contents Need Refresh: No) loaded: an empty base plist and no additional changes from the base plist
2023-02-02 12:21:38.127 Db cfprefsd[31667:2683f8] [com.apple.defaults:cfprefsd] Couldn't open /Users/ggard/Library/Developer/CoreSimulator/Devices/773105ED-D5BC-4800-A2E6-239ECE9FE9FA/data/Library/Preferences/ByHost/.GlobalPreferences..plist due to No such file or directory
2023-02-02 12:21:38.127 Db proactiveeventtrackerd[31963:268d4b] [com.apple.defaults:User Defaults] CFPrefsManagedSource<0x6000021f0600> (Domain: kCFPreferencesAnyApplication, User: kCFPreferencesCurrentUser, ByHost: Yes, Container: (null), Contents Need Refresh: No) loaded: an empty base plist and no additional changes from the base plist
2023-02-02 12:21:38.127 Db proactiveeventtrackerd[31963:268d4b] [com.apple.defaults:User Defaults] CFPrefsPlistSource<0x6000021e8080> (Domain: com.apple.proactiveeventtrackerd, User: kCFPreferencesCurrentUser, ByHost: No, Container: /Users/ggard/Library/Developer/CoreSimulator/Devices/773105ED-D5BC-4800-A2E6-239ECE9FE9FA/data, Contents Need Refresh: No) loaded: an empty base plist and no additional changes from the base plist
2023-02-02 12:21:38.127 Db proactiveeventtrackerd[31963:268d4b] [com.apple.defaults:User Defaults] CFPrefsPlistSource<0x6000021e8100> (Domain: kCFPreferencesAnyApplication, User: kCFPreferencesCurrentUser, ByHost: No, Container: (null), Contents Need Refresh: No) loaded: a new base plist and no additional changes from the base plist
2023-02-02 12:21:38.127 Db proactiveeventtrackerd[31963:268d4b] [com.apple.defaults:User Defaults] CFPrefsPlistSource<0x6000021e8200> (Domain: kCFPreferencesAnyApplication, User: kCFPreferencesCurrentUser, ByHost: No, Container: /Users/ggard/Library/Developer/CoreSimulator/Devices/773105ED-D5BC-4800-A2E6-239ECE9FE9FA/data, Contents Need Refresh: No) loaded: a new base plist and no additional changes from the base plist
2023-02-02 12:21:38.127 Db proactiveeventtrackerd[31963:268d4b] [com.apple.defaults:User Defaults] CFPrefsPlistSource<0x6000021e8280> (Domain: com.apple.proactiveeventtrackerd, User: kCFPreferencesCurrentUser, ByHost: Yes, Container: (null), Contents Need Refresh: No) loaded: an empty base plist and no additional changes from the base plist
2023-02-02 12:21:38.127 Db proactiveeventtrackerd[31963:268d4b] [com.apple.defaults:User Defaults] CFPrefsPlistSource<0x6000021e8400> (Domain: kCFPreferencesAnyApplication, User: kCFPreferencesCurrentUser, ByHost: Yes, Container: (null), Contents Need Refresh: No) loaded: an empty base plist and no additional changes from the base plist
2023-02-02 12:21:38.127 Db proactiveeventtrackerd[31963:268d4b] [com.apple.defaults:User Defaults] found no value for key AppleLanguages in CFPrefsSearchListSource<0x6000021f0280> (Domain: com.apple.proactiveeventtrackerd, Container: (null))
2023-02-02 12:21:38.127 I  proactiveeventtrackerd[31963:268d4b] [com.apple.defaults:User Defaults] using backstop value (
    en
) to avoid returning NULL for key AppleLanguages in kCFPreferencesCurrentApplication
2023-02-02 12:21:38.128 Db proactiveeventtrackerd[31963:268d4b] [com.apple.CFBundle:resources] Language lookup at CFBundle 0x15c604080 </Applications/Xcode.app/Contents/Developer/Platforms/iPhoneOS.platform/Library/Developer/CoreSimulator/Profiles/Runtimes/iOS.simruntime/Contents/Resources/RuntimeRoot/usr/libexec> (executable, loaded)
	Localizations : [en]
	Dev language  : en
	User prefs    : [en]
	Main bundle   : [<null>]
	Allow mixed   : 0
	Result        : [en]
2023-02-02 12:21:38.128 Db proactiveeventtrackerd[31963:268d4b] [com.apple.CFBundle:resources] Language lookup at CFBundle 0x15e004340 </Applications/Xcode.app/Contents/Developer/Platforms/iPhoneOS.platform/Library/Developer/CoreSimulator/Profiles/Runtimes/iOS.simruntime/Contents/Resources/RuntimeRoot/System/Library/PrivateFrameworks/ProactiveEventTracker.framework> (not loaded)
	Localizations : [en]
	Dev language  : en
	User prefs    : [en]
	Main bundle   : [en]
	Allow mixed   : 0
	Result        : [en]
2023-02-02 12:21:38.128 Db proactiveeventtrackerd[31963:268d4b] [com.apple.CFBundle:resources] Using ~iphone resources
2023-02-02 12:21:38.128 Db proactiveeventtrackerd[31963:268d4b] [com.apple.CFBundle:resources] Resource lookup at CFBundle 0x15e004340 </Applications/Xcode.app/Contents/Developer/Platforms/iPhoneOS.platform/Library/Developer/CoreSimulator/Profiles/Runtimes/iOS.simruntime/Contents/Resources/RuntimeRoot/System/Library/PrivateFrameworks/ProactiveEventTracker.framework> (not loaded)
	Request       : pet_config type: bin
	Result        : file:///Applications/Xcode.app/Contents/Developer/Platforms/iPhoneOS.platform/Library/Developer/CoreSimulator/Profiles/Runtimes/iOS.simruntime/Contents/Resources/RuntimeRoot/System/Library/PrivateFrameworks/ProactiveEventTracker.framework/pet_config.bin
2023-02-02 12:21:38.130 Db proactiveeventtrackerd[31963:268d4b] (ProactiveSupport) _PASLazyPlist: Successfully traversed object graph for lazy plist "/Applications/Xcode.app/Contents/Developer/Platforms/iPhoneOS.platform/Library/Developer/CoreSimulator/Profiles/Runtimes/iOS.simruntime/Contents/Resources/RuntimeRoot/System/Library/PrivateFrameworks/ProactiveEventTracker.framework/pet_config.bin".  Object statistics:
2023-02-02 12:21:38.130 Db proactiveeventtrackerd[31963:268d4b] (ProactiveSupport) _PASLazyPlist: Boolean:        52
2023-02-02 12:21:38.130 Db proactiveeventtrackerd[31963:268d4b] (ProactiveSupport) _PASLazyPlist: Tagged integer: 1562
2023-02-02 12:21:38.130 Db proactiveeventtrackerd[31963:268d4b] (ProactiveSupport) _PASLazyPlist: Boxed integer:  0
2023-02-02 12:21:38.130 Db proactiveeventtrackerd[31963:268d4b] (ProactiveSupport) _PASLazyPlist: Tagged real:    173
2023-02-02 12:21:38.130 Db proactiveeventtrackerd[31963:268d4b] (ProactiveSupport) _PASLazyPlist: Boxed real:     117
2023-02-02 12:21:38.130 Db proactiveeventtrackerd[31963:268d4b] (ProactiveSupport) _PASLazyPlist: Date:           0
2023-02-02 12:21:38.130 Db proactiveeventtrackerd[31963:268d4b] (ProactiveSupport) _PASLazyPlist: String:         1068 (356 unique dictionary keys)
2023-02-02 12:21:38.130 Db proactiveeventtrackerd[31963:268d4b] (ProactiveSupport) _PASLazyPlist: Data:           0 (0 total bytes)
2023-02-02 12:21:38.130 Db proactiveeventtrackerd[31963:268d4b] (ProactiveSupport) _PASLazyPlist: Dictionary:     302 (868 total key/value mappings)
2023-02-02 12:21:38.130 Db proactiveeventtrackerd[31963:268d4b] (ProactiveSupport) _PASLazyPlist: Array:          235 (1772 total elements)
2023-02-02 12:21:38.130 Db proactiveeventtrackerd[31963:268d4b] (ProactiveSupport) _PASLazyPlist: Object graph maximum depth: 6
2023-02-02 12:21:38.130 I  proactiveeventtrackerd[31963:268d4b] (ProactiveSupport) _PASLazyPlist: Loaded "/Applications/Xcode.app/Contents/Developer/Platforms/iPhoneOS.platform/Library/Developer/CoreSimulator/Profiles/Runtimes/iOS.simruntime/Contents/Resources/RuntimeRoot/System/Library/PrivateFrameworks/ProactiveEventTracker.framework/pet_config.bin" (mapping 0x1001e0000, size 18684, string table [0x10, 0x1e12), root 0x48f8)
2023-02-02 12:21:38.131 Db proactiveeventtrackerd[31963:268d4b] (ProactiveSupport) _PASLazyPlist: cache hit for object value at 0x1001e1e54
2023-02-02 12:21:38.131 Db proactiveeventtrackerd[31963:268d4b] (ProactiveSupport) _PASLazyPlist: cache hit for object value at 0x1001e1e58
2023-02-02 12:21:38.131 Db proactiveeventtrackerd[31963:268d4b] (ProactiveSupport) _PASLazyPlist: cache hit for object value at 0x1001e1e5c
2023-02-02 12:21:38.131 Db proactiveeventtrackerd[31963:268d4b] (ProactiveSupport) _PASLazyPlist: cache hit for object value at 0x1001e1e60
2023-02-02 12:21:38.131 Db proactiveeventtrackerd[31963:268d4b] (ProactiveSupport) _PASLazyPlist: cache hit for object value at 0x1001e1e64
2023-02-02 12:21:38.131 Db proactiveeventtrackerd[31963:268d4b] (ProactiveSupport) _PASLazyPlist: cache hit for object value at 0x1001e1e68
2023-02-02 12:21:38.131 Db proactiveeventtrackerd[31963:268d4b] (ProactiveSupport) _PASLazyPlist: cache hit for object value at 0x1001e1e6c
2023-02-02 12:21:38.131 Db proactiveeventtrackerd[31963:268d4b] (ProactiveSupport) _PASLazyPlist: cache hit for object value at 0x1001e1ea8
2023-02-02 12:21:38.131 Db proactiveeventtrackerd[31963:268d4b] (ProactiveSupport) _PASLazyPlist: cache hit for object value at 0x1001e1eac
2023-02-02 12:21:38.131 Db proactiveeventtrackerd[31963:268d4b] (ProactiveSupport) _PASLazyPlist: cache hit for object value at 0x1001e1ee0
2023-02-02 12:21:38.131 Db proactiveeventtrackerd[31963:268d4b] (ProactiveSupport) _PASLazyPlist: cache hit for object value at 0x1001e1ee4
2023-02-02 12:21:38.131 Db proactiveeventtrackerd[31963:268d4b] (ProactiveSupport) _PASLazyPlist: cache hit for object value at 0x1001e1f30
2023-02-02 12:21:38.131 Db proactiveeventtrackerd[31963:268d4b] (ProactiveSupport) _PASLazyPlist: cache hit for object value at 0x1001e2090
2023-02-02 12:21:38.131 Db proactiveeventtrackerd[31963:268d4b] (ProactiveSupport) _PASLazyPlist: cache hit for object value at 0x1001e2094
2023-02-02 12:21:38.131 Db proactiveeventtrackerd[31963:268d4b] (ProactiveSupport) _PASLazyPlist: cache hit for object value at 0x1001e2098
2023-02-02 12:21:38.131 Db proactiveeventtrackerd[31963:268d4b] (ProactiveSupport) _PASLazyPlist: cache hit for object value at 0x1001e209c
2023-02-02 12:21:38.131 Db proactiveeventtrackerd[31963:268d4b] (ProactiveSupport) _PASLazyPlist: cache hit for object value at 0x1001e20a0
2023-02-02 12:21:38.131 Db proactiveeventtrackerd[31963:268d4b] (ProactiveSupport) _PASLazyPlist: cache hit for object value at 0x1001e20a4
2023-02-02 12:21:38.131 Db proactiveeventtrackerd[31963:268d4b] (ProactiveSupport) _PASLazyPlist: cache hit for object value at 0x1001e20a8
2023-02-02 12:21:38.131 Db proactiveeventtrackerd[31963:268d4b] (ProactiveSupport) _PASLazyPlist: cache hit for object value at 0x1001e20ac
2023-02-02 12:21:38.131 Db proactiveeventtrackerd[31963:268d4b] (ProactiveSupport) _PASLazyPlist: cache hit for object value at 0x1001e20b0
2023-02-02 12:21:38.131 Db proactiveeventtrackerd[31963:268d4b] (ProactiveSupport) _PASLazyPlist: cache hit for object value at 0x1001e21f8
2023-02-02 12:21:38.131 Db proactiveeventtrackerd[31963:268d4b] (ProactiveSupport) _PASLazyPlist: cache hit for object value at 0x1001e21fc
2023-02-02 12:21:38.131 Db proactiveeventtrackerd[31963:268d4b] (ProactiveSupport) _PASLazyPlist: cache hit for object value at 0x1001e2264
2023-02-02 12:21:38.131 Db proactiveeventtrackerd[31963:268d4b] (ProactiveSupport) _PASLazyPlist: cache hit for object value at 0x1001e2268
2023-02-02 12:21:38.131 Db proactiveeventtrackerd[31963:268d4b] (ProactiveSupport) _PASLazyPlist: cache hit for object value at 0x1001e228c
2023-02-02 12:21:38.132 Db proactiveeventtrackerd[31963:268d4b] (ProactiveSupport) _PASLazyPlist: cache hit for object value at 0x1001e2290
2023-02-02 12:21:38.132 Db proactiveeventtrackerd[31963:268d4b] (ProactiveSupport) _PASLazyPlist: cache hit for object value at 0x1001e22bc
2023-02-02 12:21:38.132 Db proactiveeventtrackerd[31963:268d4b] (ProactiveSupport) _PASLazyPlist: cache hit for object value at 0x1001e22c0
2023-02-02 12:21:38.132 Db proactiveeventtrackerd[31963:268d4b] (ProactiveSupport) _PASLazyPlist: cache hit for object value at 0x1001e22c4
2023-02-02 12:21:38.132 Db proactiveeventtrackerd[31963:268d4b] (ProactiveSupport) _PASLazyPlist: cache hit for object value at 0x1001e22c8
2023-02-02 12:21:38.132 Db proactiveeventtrackerd[31963:268d4b] (ProactiveSupport) _PASLazyPlist: cache hit for object value at 0x1001e23a0
2023-02-02 12:21:38.132 Db proactiveeventtrackerd[31963:268d4b] (ProactiveSupport) _PASLazyPlist: cache hit for object value at 0x1001e241c
2023-02-02 12:21:38.132 Db proactiveeventtrackerd[31963:268d4b] (ProactiveSupport) _PASLazyPlist: cache hit for object value at 0x1001e2420
2023-02-02 12:21:38.132 Db proactiveeventtrackerd[31963:268d4b] (ProactiveSupport) _PASLazyPlist: cache hit for object value at 0x1001e24e0
2023-02-02 12:21:38.132 Db proactiveeventtrackerd[31963:268d4b] (ProactiveSupport) _PASLazyPlist: cache hit for object value at 0x1001e2540
2023-02-02 12:21:38.132 Db proactiveeventtrackerd[31963:268d4b] (ProactiveSupport) _PASLazyPlist: cache hit for object value at 0x1001e2568
2023-02-02 12:21:38.132 Db proactiveeventtrackerd[31963:268d4b] (ProactiveSupport) _PASLazyPlist: cache hit for object value at 0x1001e256c
2023-02-02 12:21:38.132 Db proactiveeventtrackerd[31963:268d4b] (ProactiveSupport) _PASLazyPlist: cache hit for object value at 0x1001e2570
2023-02-02 12:21:38.132 Db proactiveeventtrackerd[31963:268d4b] (ProactiveSupport) _PASLazyPlist: cache hit for object value at 0x1001e2590
2023-02-02 12:21:38.132 Db proactiveeventtrackerd[31963:268d4b] (ProactiveSupport) _PASLazyPlist: cache hit for object value at 0x1001e2610
2023-02-02 12:21:38.132 Db proactiveeventtrackerd[31963:268d4b] (ProactiveSupport) _PASLazyPlist: cache hit for object value at 0x1001e2614
2023-02-02 12:21:38.132 Db proactiveeventtrackerd[31963:268d4b] (ProactiveSupport) _PASLazyPlist: cache hit for object value at 0x1001e2618
2023-02-02 12:21:38.132 Db proactiveeventtrackerd[31963:268d4b] (ProactiveSupport) _PASLazyPlist: cache hit for object value at 0x1001e261c
2023-02-02 12:21:38.132 Db proactiveeventtrackerd[31963:268d4b] (ProactiveSupport) _PASLazyPlist: cache hit for object value at 0x1001e2620
2023-02-02 12:21:38.132 Db proactiveeventtrackerd[31963:268d4b] (ProactiveSupport) _PASLazyPlist: cache hit for object value at 0x1001e2540
2023-02-02 12:21:38.132 Db proactiveeventtrackerd[31963:268d4b] (ProactiveSupport) _PASLazyPlist: cache hit for object value at 0x1001e291c
2023-02-02 12:21:38.132 Db proactiveeventtrackerd[31963:268d4b] (ProactiveSupport) _PASLazyPlist: cache hit for object value at 0x1001e2920
2023-02-02 12:21:38.132 Db proactiveeventtrackerd[31963:268d4b] (ProactiveSupport) _PASLazyPlist: cache hit for object value at 0x1001e2924
2023-02-02 12:21:38.132 Db proactiveeventtrackerd[31963:268d4b] (ProactiveSupport) _PASLazyPlist: cache hit for object value at 0x1001e2928
2023-02-02 12:21:38.132 Db proactiveeventtrackerd[31963:268d4b] (ProactiveSupport) _PASLazyPlist: cache hit for object value at 0x1001e292c
2023-02-02 12:21:38.132 Db proactiveeventtrackerd[31963:268d4b] (ProactiveSupport) _PASLazyPlist: cache hit for object value at 0x1001e2930
2023-02-02 12:21:38.132 Db proactiveeventtrackerd[31963:268d4b] (ProactiveSupport) _PASLazyPlist: cache hit for object value at 0x1001e2934
2023-02-02 12:21:38.132 Db proactiveeventtrackerd[31963:268d4b] (ProactiveSupport) _PASLazyPlist: cache hit for object value at 0x1001e2a20
2023-02-02 12:21:38.132 Db proactiveeventtrackerd[31963:268d4b] (ProactiveSupport) _PASLazyPlist: cache hit for object value at 0x1001e2a24
2023-02-02 12:21:38.132 Db proactiveeventtrackerd[31963:268d4b] (ProactiveSupport) _PASLazyPlist: cache hit for object value at 0x1001e2a4c
2023-02-02 12:21:38.132 Db proactiveeventtrackerd[31963:268d4b] (ProactiveSupport) _PASLazyPlist: cache hit for object value at 0x1001e2a50
2023-02-02 12:21:38.132 Db proactiveeventtrackerd[31963:268d4b] (ProactiveSupport) _PASLazyPlist: cache hit for object value at 0x1001e2a54
2023-02-02 12:21:38.132 Db proactiveeventtrackerd[31963:268d4b] (ProactiveSupport) _PASLazyPlist: cache hit for object value at 0x1001e2a74
2023-02-02 12:21:38.132 Db proactiveeventtrackerd[31963:268d4b] (ProactiveSupport) _PASLazyPlist: cache hit for object value at 0x1001e2a94
2023-02-02 12:21:38.132 Db proactiveeventtrackerd[31963:268d4b] (ProactiveSupport) _PASLazyPlist: cache hit for object value at 0x1001e2e30
2023-02-02 12:21:38.132 Db proactiveeventtrackerd[31963:268d4b] (ProactiveSupport) _PASLazyPlist: cache hit for object value at 0x1001e2e34
2023-02-02 12:21:38.132 Db proactiveeventtrackerd[31963:268d4b] (ProactiveSupport) _PASLazyPlist: cache hit for object value at 0x1001e2e38
2023-02-02 12:21:38.132 Db proactiveeventtrackerd[31963:268d4b] (ProactiveSupport) _PASLazyPlist: cache hit for object value at 0x1001e2e3c
2023-02-02 12:21:38.132 Db proactiveeventtrackerd[31963:268d4b] (ProactiveSupport) _PASLazyPlist: cache hit for object value at 0x1001e2e40
2023-02-02 12:21:38.132 Db proactiveeventtrackerd[31963:268d4b] (ProactiveSupport) _PASLazyPlist: cache hit for object value at 0x1001e2e44
2023-02-02 12:21:38.132 Db proactiveeventtrackerd[31963:268d4b] (ProactiveSupport) _PASLazyPlist: cache hit for object value at 0x1001e2e48
2023-02-02 12:21:38.133 Db proactiveeventtrackerd[31963:268d4b] (ProactiveSupport) _PASLazyPlist: cache hit for object value at 0x1001e2e4c
2023-02-02 12:21:38.133 Db proactiveeventtrackerd[31963:268d4b] (ProactiveSupport) _PASLazyPlist: cache hit for object value at 0x1001e2e50
2023-02-02 12:21:38.133 Db proactiveeventtrackerd[31963:268d4b] (ProactiveSupport) _PASLazyPlist: cache hit for object value at 0x1001e2e54
2023-02-02 12:21:38.133 Db proactiveeventtrackerd[31963:268d4b] (ProactiveSupport) _PASLazyPlist: cache hit for object value at 0x1001e2e58
2023-02-02 12:21:38.133 Db proactiveeventtrackerd[31963:268d4b] (ProactiveSupport) _PASLazyPlist: cache hit for object value at 0x1001e2e5c
2023-02-02 12:21:38.133 Db proactiveeventtrackerd[31963:268d4b] (ProactiveSupport) _PASLazyPlist: cache hit for object value at 0x1001e2e60
2023-02-02 12:21:38.133 Db proactiveeventtrackerd[31963:268d4b] (ProactiveSupport) _PASLazyPlist: cache hit for object value at 0x1001e2e64
2023-02-02 12:21:38.133 Db proactiveeventtrackerd[31963:268d4b] (ProactiveSupport) _PASLazyPlist: cache hit for object value at 0x1001e2e68
2023-02-02 12:21:38.133 Db proactiveeventtrackerd[31963:268d4b] (ProactiveSupport) _PASLazyPlist: cache hit for object value at 0x1001e2e6c
2023-02-02 12:21:38.133 Db proactiveeventtrackerd[31963:268d4b] (ProactiveSupport) _PASLazyPlist: cache hit for object value at 0x1001e2e70
2023-02-02 12:21:38.133 Db proactiveeventtrackerd[31963:268d4b] (ProactiveSupport) _PASLazyPlist: cache hit for object value at 0x1001e2e74
2023-02-02 12:21:38.133 Db proactiveeventtrackerd[31963:268d4b] (ProactiveSupport) _PASLazyPlist: cache hit for object value at 0x1001e2e78
2023-02-02 12:21:38.133 Db proactiveeventtrackerd[31963:268d4b] (ProactiveSupport) _PASLazyPlist: cache hit for object value at 0x1001e2e7c
2023-02-02 12:21:38.133 Db proactiveeventtrackerd[31963:268d4b] (ProactiveSupport) _PASLazyPlist: cache hit for object value at 0x1001e2e80
2023-02-02 12:21:38.133 Db proactiveeventtrackerd[31963:268d4b] (ProactiveSupport) _PASLazyPlist: cache hit for object value at 0x1001e2e84
2023-02-02 12:21:38.133 Db proactiveeventtrackerd[31963:268d4b] (ProactiveSupport) _PASLazyPlist: cache hit for object value at 0x1001e2e88
2023-02-02 12:21:38.133 Db proactiveeventtrackerd[31963:268d4b] (ProactiveSupport) _PASLazyPlist: cache hit for object value at 0x1001e2e8c
2023-02-02 12:21:38.133 Db proactiveeventtrackerd[31963:268d4b] (ProactiveSupport) _PASLazyPlist: cache hit for object value at 0x1001e2e90
2023-02-02 12:21:38.133 Db proactiveeventtrackerd[31963:268d4b] (ProactiveSupport) _PASLazyPlist: cache hit for object value at 0x1001e2e94
2023-02-02 12:21:38.133 Db proactiveeventtrackerd[31963:268d4b] (ProactiveSupport) _PASLazyPlist: cache hit for object value at 0x1001e2e98
2023-02-02 12:21:38.133 Db proactiveeventtrackerd[31963:268d4b] (ProactiveSupport) _PASLazyPlist: cache hit for object value at 0x1001e2e9c
2023-02-02 12:21:38.133 Db proactiveeventtrackerd[31963:268d4b] (ProactiveSupport) _PASLazyPlist: cache hit for object value at 0x1001e2ea0
2023-02-02 12:21:38.133 Db proactiveeventtrackerd[31963:268d4b] (ProactiveSupport) _PASLazyPlist: cache hit for object value at 0x1001e2ea4
2023-02-02 12:21:38.133 Db proactiveeventtrackerd[31963:268d4b] (ProactiveSupport) _PASLazyPlist: cache hit for object value at 0x1001e2ea8
2023-02-02 12:21:38.133 Db proactiveeventtrackerd[31963:268d4b] (ProactiveSupport) _PASLazyPlist: cache hit for object value at 0x1001e2eac
2023-02-02 12:21:38.133 Db proactiveeventtrackerd[31963:268d4b] (ProactiveSupport) _PASLazyPlist: cache hit for object value at 0x1001e2eb0
2023-02-02 12:21:38.133 Db proactiveeventtrackerd[31963:268d4b] (ProactiveSupport) _PASLazyPlist: cache hit for object value at 0x1001e2eb4
2023-02-02 12:21:38.133 Db proactiveeventtrackerd[31963:268d4b] (ProactiveSupport) _PASLazyPlist: cache hit for object value at 0x1001e2eb8
2023-02-02 12:21:38.133 Db proactiveeventtrackerd[31963:268d4b] (ProactiveSupport) _PASLazyPlist: cache hit for object value at 0x1001e2ebc
2023-02-02 12:21:38.133 Db proactiveeventtrackerd[31963:268d4b] (ProactiveSupport) _PASLazyPlist: cache hit for object value at 0x1001e2ec0
2023-02-02 12:21:38.133 Db proactiveeventtrackerd[31963:268d4b] (ProactiveSupport) _PASLazyPlist: cache hit for object value at 0x1001e2ec4
2023-02-02 12:21:38.133 Db proactiveeventtrackerd[31963:268d4b] (ProactiveSupport) _PASLazyPlist: cache hit for object value at 0x1001e2ec8
2023-02-02 12:21:38.133 Db proactiveeventtrackerd[31963:268d4b] (ProactiveSupport) _PASLazyPlist: cache hit for object value at 0x1001e2ecc
2023-02-02 12:21:38.133 Db proactiveeventtrackerd[31963:268d4b] (ProactiveSupport) _PASLazyPlist: cache hit for object value at 0x1001e2ed0
2023-02-02 12:21:38.133 Db proactiveeventtrackerd[31963:268d4b] (ProactiveSupport) _PASLazyPlist: cache hit for object value at 0x1001e2ed4
2023-02-02 12:21:38.133 Db proactiveeventtrackerd[31963:268d4b] (ProactiveSupport) _PASLazyPlist: cache hit for object value at 0x1001e2ed8
2023-02-02 12:21:38.133 Db proactiveeventtrackerd[31963:268d4b] (ProactiveSupport) _PASLazyPlist: cache hit for object value at 0x1001e2edc
2023-02-02 12:21:38.133 Db proactiveeventtrackerd[31963:268d4b] (ProactiveSupport) _PASLazyPlist: cache hit for object value at 0x1001e2ee0
2023-02-02 12:21:38.133 Db proactiveeventtrackerd[31963:268d4b] (ProactiveSupport) _PASLazyPlist: cache hit for object value at 0x1001e2ee4
2023-02-02 12:21:38.133 Db proactiveeventtrackerd[31963:268d4b] (ProactiveSupport) _PASLazyPlist: cache hit for object value at 0x1001e2ee8
2023-02-02 12:21:38.133 Db proactiveeventtrackerd[31963:268d4b] (ProactiveSupport) _PASLazyPlist: cache hit for object value at 0x1001e2eec
2023-02-02 12:21:38.133 Db proactiveeventtrackerd[31963:268d4b] (ProactiveSupport) _PASLazyPlist: cache hit for object value at 0x1001e2ef0
2023-02-02 12:21:38.133 Db proactiveeventtrackerd[31963:268d4b] (ProactiveSupport) _PASLazyPlist: cache hit for object value at 0x1001e2ef4
2023-02-02 12:21:38.133 Db proactiveeventtrackerd[31963:268d4b] (ProactiveSupport) _PASLazyPlist: cache hit for object value at 0x1001e2ef8
2023-02-02 12:21:38.133 Db proactiveeventtrackerd[31963:268d4b] (ProactiveSupport) _PASLazyPlist: cache hit for object value at 0x1001e2efc
2023-02-02 12:21:38.133 Db proactiveeventtrackerd[31963:268d4b] (ProactiveSupport) _PASLazyPlist: cache hit for object value at 0x1001e2f00
2023-02-02 12:21:38.133 Db proactiveeventtrackerd[31963:268d4b] (ProactiveSupport) _PASLazyPlist: cache hit for object value at 0x1001e2f04
2023-02-02 12:21:38.133 Db proactiveeventtrackerd[31963:268d4b] (ProactiveSupport) _PASLazyPlist: cache hit for object value at 0x1001e2f08
2023-02-02 12:21:38.133 Db proactiveeventtrackerd[31963:268d4b] (ProactiveSupport) _PASLazyPlist: cache hit for object value at 0x1001e2f0c
2023-02-02 12:21:38.133 Db proactiveeventtrackerd[31963:268d4b] (ProactiveSupport) _PASLazyPlist: cache hit for object value at 0x1001e2f10
2023-02-02 12:21:38.133 Db proactiveeventtrackerd[31963:268d4b] (ProactiveSupport) _PASLazyPlist: cache hit for object value at 0x1001e2f14
2023-02-02 12:21:38.133 Db proactiveeventtrackerd[31963:268d4b] (ProactiveSupport) _PASLazyPlist: cache hit for object value at 0x1001e2f18
2023-02-02 12:21:38.134 Db proactiveeventtrackerd[31963:268d4b] (ProactiveSupport) _PASLazyPlist: cache hit for object value at 0x1001e2f1c
2023-02-02 12:21:38.134 Db proactiveeventtrackerd[31963:268d4b] (ProactiveSupport) _PASLazyPlist: cache hit for object value at 0x1001e2f20
2023-02-02 12:21:38.134 Db proactiveeventtrackerd[31963:268d4b] (ProactiveSupport) _PASLazyPlist: cache hit for object value at 0x1001e2f24
2023-02-02 12:21:38.134 Db proactiveeventtrackerd[31963:268d4b] (ProactiveSupport) _PASLazyPlist: cache hit for object value at 0x1001e2f28
2023-02-02 12:21:38.134 Db proactiveeventtrackerd[31963:268d4b] (ProactiveSupport) _PASLazyPlist: cache hit for object value at 0x1001e2f2c
2023-02-02 12:21:38.134 Db proactiveeventtrackerd[31963:268d4b] (ProactiveSupport) _PASLazyPlist: cache hit for object value at 0x1001e2f30
2023-02-02 12:21:38.134 Db proactiveeventtrackerd[31963:268d4b] (ProactiveSupport) _PASLazyPlist: cache hit for object value at 0x1001e2f34
2023-02-02 12:21:38.134 Db proactiveeventtrackerd[31963:268d4b] (ProactiveSupport) _PASLazyPlist: cache hit for object value at 0x1001e2f38
2023-02-02 12:21:38.134 Db proactiveeventtrackerd[31963:268d4b] (ProactiveSupport) _PASLazyPlist: cache hit for object value at 0x1001e2f3c
2023-02-02 12:21:38.134 Db proactiveeventtrackerd[31963:268d4b] (ProactiveSupport) _PASLazyPlist: cache hit for object value at 0x1001e2f40
2023-02-02 12:21:38.134 Db proactiveeventtrackerd[31963:268d4b] (ProactiveSupport) _PASLazyPlist: cache hit for object value at 0x1001e2f44
2023-02-02 12:21:38.134 Db proactiveeventtrackerd[31963:268d4b] (ProactiveSupport) _PASLazyPlist: cache hit for object value at 0x1001e2f48
2023-02-02 12:21:38.134 Db proactiveeventtrackerd[31963:268d4b] (ProactiveSupport) _PASLazyPlist: cache hit for object value at 0x1001e2f4c
2023-02-02 12:21:38.134 Db proactiveeventtrackerd[31963:268d4b] (ProactiveSupport) _PASLazyPlist: cache hit for object value at 0x1001e2f50
2023-02-02 12:21:38.134 Db proactiveeventtrackerd[31963:268d4b] (ProactiveSupport) _PASLazyPlist: cache hit for object value at 0x1001e2f54
2023-02-02 12:21:38.134 Db proactiveeventtrackerd[31963:268d4b] (ProactiveSupport) _PASLazyPlist: cache hit for object value at 0x1001e2f58
2023-02-02 12:21:38.134 Db proactiveeventtrackerd[31963:268d4b] (ProactiveSupport) _PASLazyPlist: cache hit for object value at 0x1001e2f5c
2023-02-02 12:21:38.134 Db proactiveeventtrackerd[31963:268d4b] (ProactiveSupport) _PASLazyPlist: cache hit for object value at 0x1001e2f60
2023-02-02 12:21:38.134 Db proactiveeventtrackerd[31963:268d4b] (ProactiveSupport) _PASLazyPlist: cache hit for object value at 0x1001e2f64
2023-02-02 12:21:38.134 Db proactiveeventtrackerd[31963:268d4b] (ProactiveSupport) _PASLazyPlist: cache hit for object value at 0x1001e2f68
2023-02-02 12:21:38.134 Db proactiveeventtrackerd[31963:268d4b] (ProactiveSupport) _PASLazyPlist: cache hit for object value at 0x1001e2f6c
2023-02-02 12:21:38.134 Db proactiveeventtrackerd[31963:268d4b] (ProactiveSupport) _PASLazyPlist: cache hit for object value at 0x1001e2f70
2023-02-02 12:21:38.134 Db proactiveeventtrackerd[31963:268d4b] (ProactiveSupport) _PASLazyPlist: cache hit for object value at 0x1001e2f74
2023-02-02 12:21:38.134 Db proactiveeventtrackerd[31963:268d4b] (ProactiveSupport) _PASLazyPlist: cache hit for object value at 0x1001e2f78
2023-02-02 12:21:38.134 Db proactiveeventtrackerd[31963:268d4b] (ProactiveSupport) _PASLazyPlist: cache hit for object value at 0x1001e2f7c
2023-02-02 12:21:38.134 Db proactiveeventtrackerd[31963:268d4b] (ProactiveSupport) _PASLazyPlist: cache hit for object value at 0x1001e2f80
2023-02-02 12:21:38.134 Db proactiveeventtrackerd[31963:268d4b] (ProactiveSupport) _PASLazyPlist: cache hit for object value at 0x1001e2f84
2023-02-02 12:21:38.134 Db proactiveeventtrackerd[31963:268d4b] (ProactiveSupport) _PASLazyPlist: cache hit for object value at 0x1001e2f88
2023-02-02 12:21:38.134 Db proactiveeventtrackerd[31963:268d4b] (ProactiveSupport) _PASLazyPlist: cache hit for object value at 0x1001e2f8c
2023-02-02 12:21:38.134 Db proactiveeventtrackerd[31963:268d4b] (ProactiveSupport) _PASLazyPlist: cache hit for object value at 0x1001e2f90
2023-02-02 12:21:38.134 Db proactiveeventtrackerd[31963:268d4b] (ProactiveSupport) _PASLazyPlist: cache hit for object value at 0x1001e2f94
2023-02-02 12:21:38.134 Db proactiveeventtrackerd[31963:268d4b] (ProactiveSupport) _PASLazyPlist: cache hit for object value at 0x1001e2f98
2023-02-02 12:21:38.134 Db proactiveeventtrackerd[31963:268d4b] (ProactiveSupport) _PASLazyPlist: cache hit for object value at 0x1001e2f9c
2023-02-02 12:21:38.134 Db proactiveeventtrackerd[31963:268d4b] (ProactiveSupport) _PASLazyPlist: cache hit for object value at 0x1001e2fa0
2023-02-02 12:21:38.134 Db proactiveeventtrackerd[31963:268d4b] (ProactiveSupport) _PASLazyPlist: cache hit for object value at 0x1001e2fa4
2023-02-02 12:21:38.134 Db proactiveeventtrackerd[31963:268d4b] (ProactiveSupport) _PASLazyPlist: cache hit for object value at 0x1001e2fa8
2023-02-02 12:21:38.134 Db proactiveeventtrackerd[31963:268d4b] (ProactiveSupport) _PASLazyPlist: cache hit for object value at 0x1001e2fac
2023-02-02 12:21:38.134 Db proactiveeventtrackerd[31963:268d4b] (ProactiveSupport) _PASLazyPlist: cache hit for object value at 0x1001e2fb0
2023-02-02 12:21:38.134 Db proactiveeventtrackerd[31963:268d4b] (ProactiveSupport) _PASLazyPlist: cache hit for object value at 0x1001e3060
2023-02-02 12:21:38.134 Db proactiveeventtrackerd[31963:268d4b] (ProactiveSupport) _PASLazyPlist: cache hit for object value at 0x1001e3064
2023-02-02 12:21:38.134 Db proactiveeventtrackerd[31963:268d4b] (ProactiveSupport) _PASLazyPlist: cache hit for object value at 0x1001e3068
2023-02-02 12:21:38.134 Db proactiveeventtrackerd[31963:268d4b] (ProactiveSupport) _PASLazyPlist: cache hit for object value at 0x1001e306c
2023-02-02 12:21:38.134 Db proactiveeventtrackerd[31963:268d4b] (ProactiveSupport) _PASLazyPlist: cache hit for object value at 0x1001e3070
2023-02-02 12:21:38.134 Db proactiveeventtrackerd[31963:268d4b] (ProactiveSupport) _PASLazyPlist: cache hit for object value at 0x1001e3074
2023-02-02 12:21:38.134 Db proactiveeventtrackerd[31963:268d4b] (ProactiveSupport) _PASLazyPlist: cache hit for object value at 0x1001e3078
2023-02-02 12:21:38.134 Db proactiveeventtrackerd[31963:268d4b] (ProactiveSupport) _PASLazyPlist: cache hit for object value at 0x1001e307c
2023-02-02 12:21:38.134 Db proactiveeventtrackerd[31963:268d4b] (ProactiveSupport) _PASLazyPlist: cache hit for object value at 0x1001e3080
2023-02-02 12:21:38.134 Db proactiveeventtrackerd[31963:268d4b] (ProactiveSupport) _PASLazyPlist: cache hit for object value at 0x1001e3084
2023-02-02 12:21:38.134 Db proactiveeventtrackerd[31963:268d4b] (ProactiveSupport) _PASLazyPlist: cache hit for object value at 0x1001e3088
2023-02-02 12:21:38.134 Db proactiveeventtrackerd[31963:268d4b] (ProactiveSupport) _PASLazyPlist: cache hit for object value at 0x1001e308c
2023-02-02 12:21:38.134 Db proactiveeventtrackerd[31963:268d4b] (ProactiveSupport) _PASLazyPlist: cache hit for object value at 0x1001e3090
2023-02-02 12:21:38.134 Db proactiveeventtrackerd[31963:268d4b] (ProactiveSupport) _PASLazyPlist: cache hit for object value at 0x1001e3094
2023-02-02 12:21:38.134 Db proactiveeventtrackerd[31963:268d4b] (ProactiveSupport) _PASLazyPlist: cache hit for object value at 0x1001e3098
2023-02-02 12:21:38.134 Db proactiveeventtrackerd[31963:268d4b] (ProactiveSupport) _PASLazyPlist: cache hit for object value at 0x1001e309c
2023-02-02 12:21:38.134 Db proactiveeventtrackerd[31963:268d4b] (ProactiveSupport) _PASLazyPlist: cache hit for object value at 0x1001e30a0
2023-02-02 12:21:38.134 Db proactiveeventtrackerd[31963:268d4b] (ProactiveSupport) _PASLazyPlist: cache hit for object value at 0x1001e30c0
2023-02-02 12:21:38.134 Db proactiveeventtrackerd[31963:268d4b] (ProactiveSupport) _PASLazyPlist: cache hit for object value at 0x1001e31ec
2023-02-02 12:21:38.134 Db proactiveeventtrackerd[31963:268d4b] (ProactiveSupport) _PASLazyPlist: cache hit for object value at 0x1001e31f0
2023-02-02 12:21:38.134 Db proactiveeventtrackerd[31963:268d4b] (ProactiveSupport) _PASLazyPlist: cache hit for object value at 0x1001e34f4
2023-02-02 12:21:38.134 Db proactiveeventtrackerd[31963:268d4b] (ProactiveSupport) _PASLazyPlist: cache hit for object value at 0x1001e36ac
2023-02-02 12:21:38.135 Db proactiveeventtrackerd[31963:268d4b] (ProactiveSupport) _PASLazyPlist: cache hit for object value at 0x1001e36b0
2023-02-02 12:21:38.135 Db proactiveeventtrackerd[31963:268d4b] (ProactiveSupport) _PASLazyPlist: cache hit for object value at 0x1001e36b4
2023-02-02 12:21:38.135 Db proactiveeventtrackerd[31963:268d4b] (ProactiveSupport) _PASLazyPlist: cache hit for object value at 0x1001e36b8
2023-02-02 12:21:38.135 Db proactiveeventtrackerd[31963:268d4b] (ProactiveSupport) _PASLazyPlist: cache hit for object value at 0x1001e371c
2023-02-02 12:21:38.135 Db proactiveeventtrackerd[31963:268d4b] (ProactiveSupport) _PASLazyPlist: cache hit for object value at 0x1001e3720
2023-02-02 12:21:38.135 Db proactiveeventtrackerd[31963:268d4b] (ProactiveSupport) _PASLazyPlist: cache hit for object value at 0x1001e3b38
2023-02-02 12:21:38.135 Db proactiveeventtrackerd[31963:268d4b] (ProactiveSupport) _PASLazyPlist: cache hit for object value at 0x1001e3b3c
2023-02-02 12:21:38.135 Db proactiveeventtrackerd[31963:268d4b] (ProactiveSupport) _PASLazyPlist: cache hit for object value at 0x1001e3b40
2023-02-02 12:21:38.135 Db proactiveeventtrackerd[31963:268d4b] (ProactiveSupport) _PASLazyPlist: cache hit for object value at 0x1001e3b68
2023-02-02 12:21:38.135 Db proactiveeventtrackerd[31963:268d4b] (ProactiveSupport) _PASLazyPlist: cache hit for object value at 0x1001e3bbc
2023-02-02 12:21:38.135 Db proactiveeventtrackerd[31963:268d4b] (ProactiveSupport) _PASLazyPlist: cache hit for object value at 0x1001e3bc0
2023-02-02 12:21:38.135 Db proactiveeventtrackerd[31963:268d4b] (ProactiveSupport) _PASLazyPlist: cache hit for object value at 0x1001e3be8
2023-02-02 12:21:38.135 Db proactiveeventtrackerd[31963:268d4b] (ProactiveSupport) _PASLazyPlist: cache hit for object value at 0x1001e41e8
2023-02-02 12:21:38.136 Db proactiveeventtrackerd[31963:268d4b] (ProactiveSupport) _PASLazyPlist: cache hit for object value at 0x1001e41ec
2023-02-02 12:21:38.136 Db proactiveeventtrackerd[31963:268d4b] (ProactiveSupport) _PASLazyPlist: cache hit for object value at 0x1001e41f0
2023-02-02 12:21:38.136 Db proactiveeventtrackerd[31963:268d4b] (ProactiveSupport) _PASLazyPlist: cache hit for object value at 0x1001e41f4
2023-02-02 12:21:38.136 Db proactiveeventtrackerd[31963:268d4b] (ProactiveSupport) _PASLazyPlist: cache hit for object value at 0x1001e41f8
2023-02-02 12:21:38.136 Db proactiveeventtrackerd[31963:268d4b] (ProactiveSupport) _PASLazyPlist: cache hit for object value at 0x1001e421c
2023-02-02 12:21:38.136 Db proactiveeventtrackerd[31963:268d4b] (ProactiveSupport) _PASLazyPlist: cache hit for object value at 0x1001e4220
2023-02-02 12:21:38.136 Db proactiveeventtrackerd[31963:268d4b] (ProactiveSupport) _PASLazyPlist: cache hit for object value at 0x1001e4448
2023-02-02 12:21:38.136 Db proactiveeventtrackerd[31963:268d4b] (ProactiveSupport) _PASLazyPlist: cache hit for object value at 0x1001e4468
2023-02-02 12:21:38.136 E  proactiveeventtrackerd[31963:268d4b] (ProactiveEventTracker) User passwd entry or home directory is not found
2023-02-02 12:21:38.136 Df proactiveeventtrackerd[31963:268d4b] [com.apple.CoreAnalytics:client] No XPC connection in Simulator
2023-02-02 12:21:38.137 Db proactiveeventtrackerd[31963:268d4b] [com.apple.CoreAnalytics.event:send] com.apple.proactive.pet.error_init {"reason":0}
2023-02-02 12:21:38.137 E  proactiveeventtrackerd[31963:268d4b] (ProactiveEventTracker) Failed to initialize PETEventTracker2.
2023-02-02 12:21:38.137 A  proactiveeventtrackerd[31963:268d4b] (libsystem_trace.dylib) Activity for state dumps
2023-02-02 12:21:38.137 F  proactiveeventtrackerd[31963:268d4b] Failed to initialize the tracker
2023-02-02 12:21:38.137 Db proactiveeventtrackerd[31963:268d4b] [com.apple.CoreAnalytics.event:send] com.apple.proactive.petd.error_init {"reason":"tracker"}
2023-02-02 12:21:38.137 E  proactiveeventtrackerd[31963:268d4b] Failed to initialize PET service. Exiting...
2023-02-02 12:21:38.137 Df proactiveeventtrackerd[31963:268d4b] [com.apple.CoreAnalytics:client] Entering exit handler.
2023-02-02 12:21:38.137 Df proactiveeventtrackerd[31963:268d4b] [com.apple.CoreAnalytics:client] Exiting exit handler.

