Timestamp               Ty Process[PID:TID]
2023-02-02 12:20:50.902 Db locationd[14020:253f05] [com.apple.locationd.Motion:Motion] Ping timer fired, resetting watchdog
2023-02-02 12:20:51.687 Df apsd[14046:253f9c] <APSConnectionHistory: 0x600003b9c000> calculated current connection quality. {Quality:0, Interface: NonCellular}
2023-02-02 12:20:51.690 Df apsd[14046:253f9c] [com.apple.PersistentConnection:com.apple.apsd(sandbox.push.apple.com)-NonCellular] <PCConnectionManager: 0x14da042c0> Setting server stats max keep alive interval for (null) to 0
2023-02-02 12:20:51.691 Df apsd[14046:253f9c] [com.apple.PersistentConnection:com.apple.apsd(sandbox.push.apple.com)-NonCellular] <PCConnectionManager: 0x14da042c0> Setting server stats min keep alive interval for (null) to 0
2023-02-02 12:20:51.691 Df apsd[14046:253f9c] [com.apple.PersistentConnection:com.apple.apsd(sandbox.push.apple.com)-NonCellular] <PCConnectionManager: 0x14da042c0> Setting server stats expected keep alive interval for (null) to 0
2023-02-02 12:20:51.691 Df apsd[14046:253f9c] [com.apple.PersistentConnection:com.apple.apsd(sandbox.push.apple.com)-NonCellular] <PCConnectionManager: 0x14da042c0> Setting usingServerStatsAggressively for (null) to NO
2023-02-02 12:20:51.691 Df apsd[14046:253f9c] [com.apple.PersistentConnection:com.apple.apsd(sandbox.push.apple.com)-NonCellular] Setting keep alive grace period to 35
2023-02-02 12:20:51.691 Df apsd[14046:253f9c] [com.apple.PersistentConnection:persistentTimer.com.apple.apsd(sandbox.push.apple.com)-NonCellular] Invalidating timer <PCPersistentTimer: 0x60000059c930>
2023-02-02 12:20:51.691 Df apsd[14046:253f9c] [com.apple.PersistentConnection:timer] Invalidating simple timer <PCSimpleTimer: 0x600001f9c320>
2023-02-02 12:20:51.693 Db apsd[14046:253f9c] [com.apple.PersistentConnection:timer] <PCDispatchTimer: 0x600003b9c240> is invalidated 
Callstack (
	0   PersistentConnection                0x000000018e613e54 -[PCDispatchTimer invalidate] + 176
	1   PersistentConnection                0x000000018e611c78 -[PCSimpleTimer _invalidateAllowAsync:] + 208
	2   PersistentConnection                0x000000018e601d64 -[PCPersistentTimer invalidate] + 188
	3   PersistentConnection                0x000000018e608b50 -[PCConnectionManager _clearTimersReleasingPowerAssertion:] + 32
	4   PersistentConnection                0x000000018e6048a8 -[PCConnectionManager resumeManagerWithAction:forceGrow:] + 80
	5   apsd                                0x000000010269e298 apsd + 205464
	6   apsd                                0x000000010269dcb8 apsd + 203960
	7   Foundation                          0x0000000180bcfdc0 __NSFireDelayedPerform + 332
	8   CoreFoundation                      0x000000018037383c __CFRUNLOOP_IS_CALLING_OUT_TO_A_TIMER_CALLBACK_FUNCTION__ + 28
	9   CoreFoundation                      0x00000001803734f8 __CFR
2023-02-02 12:20:51.693 Db apsd[14046:253f9c] [com.apple.PersistentConnection:timer] <PCDispatchTimer: 0x600003b9c240> dealloced
2023-02-02 12:20:51.694 Db apsd[14046:253f9c] [com.apple.PersistentConnection:timer] <PCDispatchTimer: 0x600003b9c800> is invalidated 
Callstack (
	0   PersistentConnection                0x000000018e613e54 -[PCDispatchTimer invalidate] + 176
	1   PersistentConnection                0x000000018e611c8c -[PCSimpleTimer _invalidateAllowAsync:] + 228
	2   PersistentConnection                0x000000018e601d64 -[PCPersistentTimer invalidate] + 188
	3   PersistentConnection                0x000000018e608b50 -[PCConnectionManager _clearTimersReleasingPowerAssertion:] + 32
	4   PersistentConnection                0x000000018e6048a8 -[PCConnectionManager resumeManagerWithAction:forceGrow:] + 80
	5   apsd                                0x000000010269e298 apsd + 205464
	6   apsd                                0x000000010269dcb8 apsd + 203960
	7   Foundation                          0x0000000180bcfdc0 __NSFireDelayedPerform + 332
	8   CoreFoundation                      0x000000018037383c __CFRUNLOOP_IS_CALLING_OUT_TO_A_TIMER_CALLBACK_FUNCTION__ + 28
	9   CoreFoundation                      0x00000001803734f8 __CFR
2023-02-02 12:20:51.694 Db apsd[14046:253f9c] [com.apple.PersistentConnection:timer] <PCDispatchTimer: 0x600003b9c800> dealloced
2023-02-02 12:20:51.694 Df apsd[14046:253f9c] [com.apple.PersistentConnection:timer] Canceling system wake for simpletimer [2023-02-02 12:30:58 -0300]
2023-02-02 12:20:51.694 Df apsd[14046:253f9c] [com.apple.PersistentConnection:wakeManager] Request to schedule wake 0 date 2023-02-02 12:30:58 -0300 leeway 0 service identifier com.apple.apsd(sandbox.push.apple.com)-NonCellular unique identifier <PCSimpleTimer: 0x600001f9c320>
2023-02-02 12:20:51.694 Df apsd[14046:267d9b] [com.apple.PersistentConnection:timer] Disabling power monitoring for <PCSimpleTimer: 0x600001f9c320> - 1 timers
2023-02-02 12:20:51.695 Df apsd[14046:253f9c] [com.apple.PersistentConnection:timer] Started simple timer <PCSimpleTimer: 0x600001f80000> with fire date [2023-02-02 12:21:51 -0300]
2023-02-02 12:20:51.695 Db apsd[14046:253f9c] [com.apple.PersistentConnection:timer] <PCDispatchTimer: 0x600003ba8080> initialized with target <PCSimpleTimer: 0x600001f80000> selector _preventSleepFired timerSource <OS_dispatch_source: 0x6000000a9700>
2023-02-02 12:20:51.695 Db apsd[14046:253f9c] [com.apple.PersistentConnection:timer] <PCDispatchTimer: 0x600003ba8100> initialized with target <PCSimpleTimer: 0x600001f80000> selector _fireTimerFired timerSource <OS_dispatch_source: 0x6000000a8a80>
2023-02-02 12:20:51.695 Df apsd[14046:253f9c] [com.apple.PersistentConnection:timer] <PCSimpleTimer: 0x600001f80000> created preventSleepTimer <PCDispatchTimer: 0x600003ba8080> and fireTimer <PCDispatchTimer: 0x600003ba8100> on queue <OS_dispatch_queue_serial: PCSimpleTimer-timerQ>
2023-02-02 12:20:51.695 Db apsd[14046:253f9c] [com.apple.PersistentConnection:timer] <PCDispatchTimer: 0x600003ba8100> start with target <CUTWeakReference: 0x600002eac640> selector _fireTimerFired firetime 18446744073709551615 timerSource <OS_dispatch_source: 0x6000000a8a80>
2023-02-02 12:20:51.695 Db apsd[14046:253f9c] [com.apple.PersistentConnection:timer] <PCDispatchTimer: 0x600003ba8080> start with target <CUTWeakReference: 0x600002eac900> selector _preventSleepFired firetime 18446744073709551615 timerSource <OS_dispatch_source: 0x6000000a9700>
2023-02-02 12:20:51.695 Df apsd[14046:266dd2] [com.apple.PersistentConnection:timer] Enabling power monitoring for <PCSimpleTimer: 0x600001f80000> - 2 timers
2023-02-02 12:20:51.695 Db apsd[14046:253f9c] [com.apple.PersistentConnection:timer] <PCDispatchTimer: 0x600003ba8080> setFireDate Sun Dec 31 21:00:00 4000 and start with target <PCSimpleTimer: 0x600001f80000> selector _preventSleepFired fireTime 18446744073709551615 deltaNanosec 2315-05-15 12:08:08 -0300 timerSource <OS_dispatch_source: 0x6000000a9700>
2023-02-02 12:20:51.695 Db apsd[14046:253f9c] [com.apple.PersistentConnection:timer] <PCDispatchTimer: 0x600003ba8100> setFireDate Thu Feb  2 12:21:51 2023 and start with target <PCSimpleTimer: 0x600001f80000> selector _fireTimerFired fireTime 2994264132086 deltaNanosec 2023-02-02 12:21:51 -0300 timerSource <OS_dispatch_source: 0x6000000a8a80>
2023-02-02 12:20:51.695 Df apsd[14046:253f9c] [com.apple.PersistentConnection:timer] Started simple timer <PCSimpleTimer: 0x600001f80320> with fire date [2023-02-02 12:21:51 -0300]
2023-02-02 12:20:51.695 Db apsd[14046:253f9c] [com.apple.PersistentConnection:timer] <PCDispatchTimer: 0x600003b98240> initialized with target <PCSimpleTimer: 0x600001f80320> selector _preventSleepFired timerSource <OS_dispatch_source: 0x60000009c900>
2023-02-02 12:20:51.696 Db apsd[14046:253f9c] [com.apple.PersistentConnection:timer] <PCDispatchTimer: 0x600003b98180> initialized with target <PCSimpleTimer: 0x600001f80320> selector _fireTimerFired timerSource <OS_dispatch_source: 0x60000009ca00>
2023-02-02 12:20:51.696 Df apsd[14046:253f9c] [com.apple.PersistentConnection:timer] <PCSimpleTimer: 0x600001f80320> created preventSleepTimer <PCDispatchTimer: 0x600003b98240> and fireTimer <PCDispatchTimer: 0x600003b98180> on queue <OS_dispatch_queue_serial: PCSimpleTimer-timerQ>
2023-02-02 12:20:51.696 Db apsd[14046:253f9c] [com.apple.PersistentConnection:timer] <PCDispatchTimer: 0x600003b98180> start with target <CUTWeakReference: 0x600002e988a0> selector _fireTimerFired firetime 18446744073709551615 timerSource <OS_dispatch_source: 0x60000009ca00>
2023-02-02 12:20:51.696 Db apsd[14046:253f9c] [com.apple.PersistentConnection:timer] <PCDispatchTimer: 0x600003b98240> start with target <CUTWeakReference: 0x600002e98540> selector _preventSleepFired firetime 18446744073709551615 timerSource <OS_dispatch_source: 0x60000009c900>
2023-02-02 12:20:51.696 Df apsd[14046:266dd2] [com.apple.PersistentConnection:timer] Enabling power monitoring for <PCSimpleTimer: 0x600001f80320> - 3 timers
2023-02-02 12:20:51.696 Db apsd[14046:253f9c] [com.apple.PersistentConnection:timer] <PCDispatchTimer: 0x600003b98240> setFireDate Sun Dec 31 21:00:00 4000 and start with target <PCSimpleTimer: 0x600001f80320> selector _preventSleepFired fireTime 18446744073709551615 deltaNanosec 2315-05-15 12:08:08 -0300 timerSource <OS_dispatch_source: 0x60000009c900>
2023-02-02 12:20:51.696 Db apsd[14046:253f9c] [com.apple.PersistentConnection:timer] <PCDispatchTimer: 0x600003b98180> setFireDate Thu Feb  2 12:21:51 2023 and start with target <PCSimpleTimer: 0x600001f80320> selector _fireTimerFired fireTime 2994264151597 deltaNanosec 2023-02-02 12:21:51 -0300 timerSource <OS_dispatch_source: 0x60000009ca00>
2023-02-02 12:20:51.696 Df apsd[14046:253f9c] [com.apple.PersistentConnection:com.apple.apsd(sandbox.push.apple.com)-NonCellular] Resuming push keep alive timer in normal mode with action PCActionMaintainPushKeepAliveInterval
2023-02-02 12:20:51.697 Df apsd[14046:253f9c] [com.apple.PersistentConnection:com.apple.apsd(sandbox.push.apple.com)-NonCellular] Last timer interruption was early: [2023-02-02 12:20:51 -0300]. Expected fire time was [2023-02-02 12:30:38 -0300]. {lastKeepAliveWasUntracked: NO}
2023-02-02 12:20:51.697 Df apsd[14046:253f9c] [com.apple.PersistentConnection:multiStateGrowth.com.apple.apsd(sandbox.push.apple.com)-NonCellular-IPv4] WiFi growth algorithm-IPv4: received action PCActionMaintainPushKeepAliveInterval while in stage InitialGrowth
2023-02-02 12:20:51.697 Df apsd[14046:253f9c] [com.apple.PersistentConnection:multiStateGrowth.com.apple.apsd(sandbox.push.apple.com)-NonCellular-IPv4] <PCMultiStageGrowthAlgorithm: 0x60000158c0d0>{keep alive interval = 900, state = InitialGrowth, next recalibration date = (null)}: adjustGrowthAlgorithmMode. {lastMode: Defaults, currentMode: Defaults}
2023-02-02 12:20:51.697 Df apsd[14046:253f9c] [com.apple.PersistentConnection:persistentTimer.com.apple.apsd(sandbox.push.apple.com)-NonCellular] <PCPersistentTimer: 0x600000588850> created <PCSimpleTimer: 0x600001f8c640>
2023-02-02 12:20:51.697 Df apsd[14046:253f9c] [com.apple.PersistentConnection:timer] Started simple timer <PCSimpleTimer: 0x600001f8c640> with fire date [2023-02-02 12:36:26 -0300]
2023-02-02 12:20:51.697 Db apsd[14046:253f9c] [com.apple.PersistentConnection:timer] <PCDispatchTimer: 0x600003b9cf40> initialized with target <PCSimpleTimer: 0x600001f8c640> selector _preventSleepFired timerSource <OS_dispatch_source: 0x600000094a00>
2023-02-02 12:20:51.697 Db apsd[14046:253f9c] [com.apple.PersistentConnection:timer] <PCDispatchTimer: 0x600003b9c140> initialized with target <PCSimpleTimer: 0x600001f8c640> selector _fireTimerFired timerSource <OS_dispatch_source: 0x600000094a80>
2023-02-02 12:20:51.697 Df apsd[14046:253f9c] [com.apple.PersistentConnection:timer] <PCSimpleTimer: 0x600001f8c640> created preventSleepTimer <PCDispatchTimer: 0x600003b9cf40> and fireTimer <PCDispatchTimer: 0x600003b9c140> on queue <OS_dispatch_queue_serial: PCSimpleTimer-timerQ>
2023-02-02 12:20:51.697 Db apsd[14046:253f9c] [com.apple.PersistentConnection:timer] <PCDispatchTimer: 0x600003b9c140> start with target <CUTWeakReference: 0x600002e84e00> selector _fireTimerFired firetime 18446744073709551615 timerSource <OS_dispatch_source: 0x600000094a80>
2023-02-02 12:20:51.698 Db apsd[14046:253f9c] [com.apple.PersistentConnection:timer] <PCDispatchTimer: 0x600003b9cf40> start with target <CUTWeakReference: 0x600002e84c80> selector _preventSleepFired firetime 18446744073709551615 timerSource <OS_dispatch_source: 0x600000094a00>
2023-02-02 12:20:51.698 Df apsd[14046:266dd2] [com.apple.PersistentConnection:timer] Enabling power monitoring for <PCSimpleTimer: 0x600001f8c640> - 4 timers
2023-02-02 12:20:51.698 Db apsd[14046:253f9c] [com.apple.PersistentConnection:timer] <PCDispatchTimer: 0x600003b9cf40> setFireDate Thu Feb  2 12:36:11 2023 and start with target <PCSimpleTimer: 0x600001f8c640> selector _preventSleepFired fireTime 3014904191044 deltaNanosec 2023-02-02 12:36:11 -0300 timerSource <OS_dispatch_source: 0x600000094a00>
2023-02-02 12:20:51.698 Db apsd[14046:253f9c] [com.apple.PersistentConnection:timer] <PCDispatchTimer: 0x600003b9c140> setFireDate Thu Feb  2 12:36:26 2023 and start with target <PCSimpleTimer: 0x600001f8c640> selector _fireTimerFired fireTime 3015264191039 deltaNanosec 2023-02-02 12:36:26 -0300 timerSource <OS_dispatch_source: 0x600000094a80>
2023-02-02 12:20:51.698 Df apsd[14046:253f9c] [com.apple.PersistentConnection:timer] <PCSimpleTimer: 0x600001f8c640> Existing wake at (null) re-scheduling to 2023-02-02 12:36:11 -0300 with leeway of 0
2023-02-02 12:20:51.698 Df apsd[14046:253f9c] [com.apple.PersistentConnection:wakeManager] Request to schedule wake 1 date 2023-02-02 12:36:11 -0300 leeway 0 service identifier com.apple.apsd(sandbox.push.apple.com)-NonCellular unique identifier <PCSimpleTimer: 0x600001f8c640>
2023-02-02 12:20:51.699 Df apsd[14046:253f9c] [com.apple.PersistentConnection:persistentTimer.com.apple.apsd(sandbox.push.apple.com)-NonCellular] <PCPersistentTimer: 0x600000588850> calculating _earlyFireDate. powerStateDetectionSupported = NO = (detectionSupported(NO) && (wwanIsUp(NO) || ! internetReachable(YES)))
2023-02-02 12:20:51.699 Df apsd[14046:253f9c] [com.apple.PersistentConnection:persistentTimer.com.apple.apsd(sandbox.push.apple.com)-NonCellular] Last system wake date (2023-02-02 10:02:37 -0300) was longer than half of the timer duration, so setting minimum fire date to fire date.
2023-02-02 12:20:51.699 Df apsd[14046:253f9c] [com.apple.PersistentConnection:persistentTimer.com.apple.apsd(sandbox.push.apple.com)-NonCellular] <PCPersistentTimer: 0x600000588850> Device is plugged in, overriding earlyFireProportion to be 1.0
2023-02-02 12:20:51.700 Df apsd[14046:253f9c] [com.apple.PersistentConnection:persistentTimer.com.apple.apsd(sandbox.push.apple.com)-NonCellular] <PCPersistentTimer: 0x600000588850> Calculated minimum fire date [2023-02-02 12:36:26 -0300] (100%) with fire date [2023-02-02 12:36:26 -0300], start date [2023-02-02 12:20:51 -0300], minimum early fire proportion 0, power state detection supported: no, in high power state: no, early fire constant interval 0.000000
2023-02-02 12:20:51.700 Df apsd[14046:253f9c] [com.apple.PersistentConnection:timer] updating timer guidance to 2023-02-02 12:36:26 -0300
2023-02-02 12:20:51.700 Df apsd[14046:253f9c] [com.apple.PersistentConnection:timer] Invalidating simple timer <PCSimpleTimer: 0x600001f80000>
2023-02-02 12:20:51.700 Df apsd[14046:267d9b] [com.apple.PersistentConnection:com.apple.apsd(sandbox.push.apple.com)-WWAN] <PCConnectionManager: 0x149d041a0> _adjustPollTimerIfNecessary  rightStyle NO  isRunning NO  isInReconnectMode NO   intervalTimer (null)  firingIsImminent NO - should Adjust? NO
2023-02-02 12:20:51.701 Db apsd[14046:253f9c] [com.apple.PersistentConnection:timer] <PCDispatchTimer: 0x600003ba8080> is invalidated 
Callstack (
	0   PersistentConnection                0x000000018e613e54 -[PCDispatchTimer invalidate] + 176
	1   PersistentConnection                0x000000018e611c78 -[PCSimpleTimer _invalidateAllowAsync:] + 208
	2   PersistentConnection                0x000000018e5ff0dc -[PCPersistentInterfaceManager _adjustWiFiAutoAssociationLocked] + 28
	3   PersistentConnection                0x000000018e5feff8 -[PCPersistentInterfaceManager enableWiFiAutoAssociation:forDelegate:] + 96
	4   PersistentConnection                0x000000018e609300 -[PCConnectionManager _adjustInterfaceAssertions] + 144
	5   PersistentConnection                0x000000018e604f38 -[PCConnectionManager resumeManagerWithAction:forceGrow:] + 1760
	6   apsd                                0x000000010269e298 apsd + 205464
	7   apsd                                0x000000010269dcb8 apsd + 203960
	8   Foundation                          0x0000000180bcfdc0 __NSFireDelayedPerform + 332
	9   CoreFoundation
2023-02-02 12:20:51.701 Db apsd[14046:253f9c] [com.apple.PersistentConnection:timer] <PCDispatchTimer: 0x600003ba8080> dealloced
2023-02-02 12:20:51.701 Db apsd[14046:253f9c] [com.apple.PersistentConnection:timer] <PCDispatchTimer: 0x600003ba8100> is invalidated 
Callstack (
	0   PersistentConnection                0x000000018e613e54 -[PCDispatchTimer invalidate] + 176
	1   PersistentConnection                0x000000018e611c8c -[PCSimpleTimer _invalidateAllowAsync:] + 228
	2   PersistentConnection                0x000000018e5ff0dc -[PCPersistentInterfaceManager _adjustWiFiAutoAssociationLocked] + 28
	3   PersistentConnection                0x000000018e5feff8 -[PCPersistentInterfaceManager enableWiFiAutoAssociation:forDelegate:] + 96
	4   PersistentConnection                0x000000018e609300 -[PCConnectionManager _adjustInterfaceAssertions] + 144
	5   PersistentConnection                0x000000018e604f38 -[PCConnectionManager resumeManagerWithAction:forceGrow:] + 1760
	6   apsd                                0x000000010269e298 apsd + 205464
	7   apsd                                0x000000010269dcb8 apsd + 203960
	8   Foundation                          0x0000000180bcfdc0 __NSFireDelayedPerform + 332
	9   CoreFoundation
2023-02-02 12:20:51.701 Db apsd[14046:253f9c] [com.apple.PersistentConnection:timer] <PCDispatchTimer: 0x600003ba8100> dealloced
2023-02-02 12:20:51.701 Df apsd[14046:267d9b] [com.apple.PersistentConnection:timer] Disabling power monitoring for <PCSimpleTimer: 0x600001f80000> - 3 timers
2023-02-02 12:20:51.701 I  apsd[14046:253f9c] [com.apple.PersistentConnection:com.apple.apsd(sandbox.push.apple.com)-NonCellular] logKeepAlive {identifier: com.apple.apsd(sandbox.push.apple.com)-NonCellular, currentDate: 2023-02-02 12:20:51 -0300, keepAliveInterval: 900}
2023-02-02 12:20:51.701 Df apsd[14046:266dd2] [com.apple.PersistentConnection:com.apple.apsd(sandbox.push.apple.com)-NonCellular] <PCConnectionManager: 0x14da042c0> _adjustPollTimerIfNecessary  rightStyle NO  isRunning YES  isInReconnectMode NO   intervalTimer <PCPersistentTimer: 0x600000588850>  firingIsImminent NO - should Adjust? NO
2023-02-02 12:20:51.701 Df apsd[14046:253f9c] [com.apple.apsd:courier] <APSCourier 0x14da04470 development>: Sending keep alive message via conn: <APSCourierConnection: 0x149d04080> onInterface: NonCellular. Connected on 1 interfaces. Current link quality: wwan is unknown; wifi is good
2023-02-02 12:20:51.702 Df apsd[14046:253f9c] [com.apple.CommonUtilities:Power] Releasing power assertion {identifier: com.apple.apsd-delayed-keepalive-sandbox.push.apple.com-NonCellular}
2023-02-02 12:20:51.702 Db apsd[14046:266dd2] [com.apple.network:connection] nw_endpoint_handler_add_write_request [C2 17.188.168.144:5223 ready parent-flow (satisfied (Path is satisfied), viable, interface: en0[802.11])] connected_child_handles_requests 0
2023-02-02 12:20:51.703 Db apsd[14046:253f9c] [com.apple.CommonUtilities:Power] (
    "2   CommonUtilities                     0x00000001832a3d78 CUTMapObjectProperties + 8848",
    "3   Foundation                          0x0000000180bcfdc0 __NSFireDelayedPerform + 332",
    "4   CoreFoundation                      0x000000018037383c __CFRUNLOOP_IS_CALLING_OUT_TO_A_TIMER_CALLBACK_FUNCTION__ + 28",
    "5   CoreFoundation                      0x00000001803734f8 __CFRunLoopDoTimer + 868",
    "6   CoreFoundation                      0x0000000180372be4 __CFRunLoopDoTimers + 284",
    "7   CoreFoundation                      0x000000018036d2d4 __CFRunLoopRun + 1816",
    "8   CoreFoundation                      0x000000018036c7a4 CFRunLoopRunSpecific + 584",
    "9   Foundation                          0x0000000180bcf02c -[NSRunLoop(NSRunLoop) runMode:beforeDate:] + 208",
    "10  Foundation                          0x0000000180bcf200 -[NSRunLoop(NSRunLoop) run] + 60",
    "11  apsd                                0x00000001026a7738 apsd + 243512",
    "12  dyld
2023-02-02 12:20:51.757 I  locationd[14020:264473] [com.apple.locationd.Core:Simulation] {"msg":"Nowhere to go; not preparing next location"}
2023-02-02 12:20:51.758 Db locationd[14020:264473] [com.apple.locationd.Core:Simulation] {"msg":"Dealing with no more locations", "repeatBehavior":1}
2023-02-02 12:20:51.758 Db locationd[14020:264473] [com.apple.locationd.Core:Simulation] {"msg":"Adjust next location timestamp", "originalTimestamp_s":"697044052.758110046", "delta_s":"0.079818010"}
2023-02-02 12:20:51.758 Db locationd[14020:264473] [com.apple.locationd.Core:Simulation] {"msg":"Preparing next location"}
2023-02-02 12:20:51.758 Db locationd[14020:264473] [com.apple.locationd.Core:Simulation] {"msg":"No more pending locations"}
2023-02-02 12:20:51.758 Db locationd[14020:264473] [com.apple.locationd.Core:Simulation] {"msg":"Notify location is", "location":'00 00 00 00 FF FF 00 00 DD 0A 61 35 96 E4 42 40 76 E2 72 BC 02 9A 5E C0 00 00 00 00 00 00 14 40 00 00 00 00 00 00 00 00 00 00 00 00 00 00 F0 BF 00 00 00 00 00 00 F0 BF 00 00 00 00 00 00 F0 BF 00 00 00 00 00 00 F0 BF 00 00 00 00 00 00 F0 BF 00 00 00 00 00 00 F0 BF 00 00 00 00 00 00 F0 BF 3A 41 6B 2A 06 C6 C4 41 00 00 00 00 00 00 00 00 00 00 F0 BF 01 00 00 00 00 00 00 00 00 00 00 00 00 00 00 00 00 00 00 00 00 00 00 00 00 00 F0 BF FF FF FF 7F 00 00 00 00 00 00 00 00 00 00 00 00 00 00 00 00 00 00 00 00 00 00 00 00 00 00 00 00'}
2023-02-02 12:20:51.758 Df locationd[14020:264473] [com.apple.locationd.Position:GeneralCLX] @ClxSimulated, Fix, 1, ll, 37.7858340, -122.4064170, acc, 5.00, course, -1.0, time, 697044052.8, deltaDistance, 0.0, deltaDistanceAccuracy, 1.9, odometer, 0.0, timestampGps, 697044052.8
2023-02-02 12:20:51.758 Db locationd[14020:264471] [com.apple.locationd.Core:Simulation] Sending through simulated location for simulated
2023-02-02 12:20:51.758 A  locationd[14020:264471] CL: notifyClientsWithData (Fallback)
2023-02-02 12:20:51.758 Db locationd[14020:264471] [com.apple.locationd.Core:Notifier] {"msg":"notifyClientsWithData", "event":activity, "name":simulated, "notification":3}
2023-02-02 12:20:51.758 A  locationd[14020:264471] CL: notifyClientsWithData (Fallback)
2023-02-02 12:20:51.758 Db locationd[14020:264471] [com.apple.locationd.Core:Notifier] {"msg":"notifyClientsWithData", "event":activity, "name":simulated, "notification":4}
2023-02-02 12:20:51.758 Db locationd[14020:264473] [com.apple.locationd.Core:Simulation] {"msg":"Notification delay", "notificationDelay_s":"1.000000000"}
2023-02-02 12:20:51.758 A  locationd[14020:264471] CL: notifyClientsWithData (Fallback)
2023-02-02 12:20:51.758 Db locationd[14020:264471] [com.apple.locationd.Core:Notifier] {"msg":"notifyClientsWithData", "event":activity, "name":simulated, "notification":40}
2023-02-02 12:20:51.758 A  locationd[14020:264471] CL: notifyClientsWithData (Fallback)
2023-02-02 12:20:51.758 Db locationd[14020:264471] [com.apple.locationd.Core:Notifier] {"msg":"notifyClientsWithData", "event":activity, "name":simulated, "notification":2}
2023-02-02 12:20:51.758 A  locationd[14020:264471] CL: notifyClientsWithData (Fallback)
2023-02-02 12:20:51.759 Db locationd[14020:264471] [com.apple.locationd.Core:Notifier] {"msg":"notifyClientsWithData", "event":activity, "name":simulated, "notification":1}
2023-02-02 12:20:51.759 A  locationd[14020:264471] CL: notifyClientsWithData (Fallback)
2023-02-02 12:20:51.759 Db locationd[14020:264471] [com.apple.locationd.Core:Notifier] {"msg":"notifyClientsWithData", "event":activity, "name":simulated, "notification":5}
2023-02-02 12:20:51.759 A  locationd[14020:264471] CL: notifyClientsWithData (Fallback)
2023-02-02 12:20:51.759 Db locationd[14020:264471] [com.apple.locationd.Core:Notifier] {"msg":"notifyClientsWithData", "event":activity, "name":simulated, "notification":0}
2023-02-02 12:20:51.850 Df apsd[14046:253f9c] [com.apple.CommonUtilities:Power] Created power assertion {identifier: APSCourier(tcpStream:dataReceived:)-NonCellular}
2023-02-02 12:20:51.851 Db apsd[14046:253f9c] [com.apple.CommonUtilities:Power] (
    "2   CommonUtilities                     0x00000001832a3c10 CUTMapObjectProperties + 8488",
    "3   apsd                                0x00000001026976d0 apsd + 177872",
    "4   apsd                                0x00000001026dd140 apsd + 463168",
    "5   apsd                                0x00000001026bb794 apsd + 325524",
    "6   apsd                                0x00000001026ba6e4 apsd + 321252",
    "7   CoreFoundation                      0x0000000180396438 _signalEventSync + 212",
    "8   CoreFoundation                      0x0000000180393698 _cfstream_solo_signalEventSync + 284",
    "9   CoreFoundation                      0x000000018039346c _CFStreamSignalEvent + 300",
    "10  CFNetwork                           0x0000000183f09504 _CFStreamErrorFromCFError + 279176",
    "11  libdispatch.dylib                   0x0000000180135768 _dispatch_client_callout + 16",
    "12  libdispatch.dylib                   0x00000001801396a4 _dispatch_block_invoke_direct + 376",
    "13  CFNe
2023-02-02 12:20:51.852 Df apsd[14046:253f9c] [com.apple.apsd:courier] <APSCourier 0x14da04470 development>: Outstanding data received: {length = 2, bytes = 0x1600} (length 2) onInterface: NonCellular. Connected on 1 interfaces.
2023-02-02 12:20:51.852 Df apsd[14046:253f9c] [com.apple.apsd:courier] <APSCourier 0x14da04470 development>: Stream processing: complete yes, invalid no, length parsed 2, parameters {
    APSProtocolCommand = 22;
}
2023-02-02 12:20:51.852 Df apsd[14046:253f9c] [com.apple.apsd:courier] <APSCourier 0x14da04470 development>: Received successful keep-alive ack on interface NonCellular: {
    APSProtocolCommand = 22;
}
2023-02-02 12:20:51.852 Df apsd[14046:253f9c] <APSNetworkMonitor: 0x600001c8c120> updating wifi keepAliveInterval 900.000000  growAttempts 1
2023-02-02 12:20:51.852 Df apsd[14046:253f9c] [com.apple.apsd:courier] <APSCourier 0x14da04470 development>: Stream processing: complete no, invalid no, length parsed 0, parameters (null)
2023-02-02 12:20:52.764 I  locationd[14020:264473] [com.apple.locationd.Core:Simulation] {"msg":"Nowhere to go; not preparing next location"}
2023-02-02 12:20:52.764 Db locationd[14020:264473] [com.apple.locationd.Core:Simulation] {"msg":"Dealing with no more locations", "repeatBehavior":1}
2023-02-02 12:20:52.764 Db locationd[14020:264473] [com.apple.locationd.Core:Simulation] {"msg":"Adjust next location timestamp", "originalTimestamp_s":"697044053.764307976", "delta_s":"0.079818010"}
2023-02-02 12:20:52.764 Db locationd[14020:264473] [com.apple.locationd.Core:Simulation] {"msg":"Preparing next location"}
2023-02-02 12:20:52.764 Db locationd[14020:264473] [com.apple.locationd.Core:Simulation] {"msg":"No more pending locations"}
2023-02-02 12:20:52.764 Db locationd[14020:264473] [com.apple.locationd.Core:Simulation] {"msg":"Notify location is", "location":'00 00 00 00 FF FF 00 00 DD 0A 61 35 96 E4 42 40 76 E2 72 BC 02 9A 5E C0 00 00 00 00 00 00 14 40 00 00 00 00 00 00 00 00 00 00 00 00 00 00 F0 BF 00 00 00 00 00 00 F0 BF 00 00 00 00 00 00 F0 BF 00 00 00 00 00 00 F0 BF 00 00 00 00 00 00 F0 BF 00 00 00 00 00 00 F0 BF 00 00 00 00 00 00 F0 BF 52 0C EC 2A 06 C6 C4 41 00 00 00 00 00 00 00 00 00 00 F0 BF 01 00 00 00 00 00 00 00 00 00 00 00 00 00 00 00 00 00 00 00 00 00 00 00 00 00 F0 BF FF FF FF 7F 00 00 00 00 00 00 00 00 00 00 00 00 00 00 00 00 00 00 00 00 00 00 00 00 00 00 00 00'}
2023-02-02 12:20:52.764 Df locationd[14020:264473] [com.apple.locationd.Position:GeneralCLX] @ClxSimulated, Fix, 1, ll, 37.7858340, -122.4064170, acc, 5.00, course, -1.0, time, 697044053.8, deltaDistance, 0.0, deltaDistanceAccuracy, 1.9, odometer, 0.0, timestampGps, 697044053.8
2023-02-02 12:20:52.764 Db locationd[14020:264473] [com.apple.locationd.Core:Simulation] {"msg":"Notification delay", "notificationDelay_s":"1.000000000"}
2023-02-02 12:20:52.764 Db locationd[14020:264472] [com.apple.locationd.Core:Simulation] Sending through simulated location for simulated
2023-02-02 12:20:52.764 A  locationd[14020:264472] CL: notifyClientsWithData (Fallback)
2023-02-02 12:20:52.764 Db locationd[14020:264472] [com.apple.locationd.Core:Notifier] {"msg":"notifyClientsWithData", "event":activity, "name":simulated, "notification":3}
2023-02-02 12:20:52.764 A  locationd[14020:264472] CL: notifyClientsWithData (Fallback)
2023-02-02 12:20:52.765 Db locationd[14020:264472] [com.apple.locationd.Core:Notifier] {"msg":"notifyClientsWithData", "event":activity, "name":simulated, "notification":4}
2023-02-02 12:20:52.765 A  locationd[14020:264472] CL: notifyClientsWithData (Fallback)
2023-02-02 12:20:52.765 Db locationd[14020:264472] [com.apple.locationd.Core:Notifier] {"msg":"notifyClientsWithData", "event":activity, "name":simulated, "notification":40}
2023-02-02 12:20:52.765 A  locationd[14020:264472] CL: notifyClientsWithData (Fallback)
2023-02-02 12:20:52.765 Db locationd[14020:264472] [com.apple.locationd.Core:Notifier] {"msg":"notifyClientsWithData", "event":activity, "name":simulated, "notification":2}
2023-02-02 12:20:52.765 A  locationd[14020:264472] CL: notifyClientsWithData (Fallback)
2023-02-02 12:20:52.765 Db locationd[14020:264472] [com.apple.locationd.Core:Notifier] {"msg":"notifyClientsWithData", "event":activity, "name":simulated, "notification":1}
2023-02-02 12:20:52.765 A  locationd[14020:264472] CL: notifyClientsWithData (Fallback)
2023-02-02 12:20:52.765 Db locationd[14020:264472] [com.apple.locationd.Core:Notifier] {"msg":"notifyClientsWithData", "event":activity, "name":simulated, "notification":5}
2023-02-02 12:20:52.765 A  locationd[14020:264472] CL: notifyClientsWithData (Fallback)
2023-02-02 12:20:52.765 Db locationd[14020:264472] [com.apple.locationd.Core:Notifier] {"msg":"notifyClientsWithData", "event":activity, "name":simulated, "notification":0}

