Timestamp               Ty Process[PID:TID]
2023-02-02 12:21:33.184 Df log[31905:268c66] (LoggingSupport) Sending stream request to diagnosticd
2023-02-02 12:21:33.654 E  fileproviderd[31881:268bcb] [com.apple.FileProvider:default] [ERROR] Launch of com.apple.mobileslideshow.PhotosFileProvider timed out, cannot get entitlements.
2023-02-02 12:21:33.659 A  fileproviderd[31881:268bcb] (libsystem_containermanager.dylib) container_create_or_lookup_path_for_current_user
2023-02-02 12:21:33.659 A  fileproviderd[31881:268bcb] (libsystem_containermanager.dylib) container_create_or_lookup_path_for_platform
2023-02-02 12:21:33.659 Df fileproviderd[31881:268bcb] [com.apple.containermanager:xpc] Requesting container lookup; class = 7, identifier = (null), group_identifier = group.com.apple.mobileslideshow.PhotosFileProvider, create = 0, temp = 0, euid = 502, uid = 502
2023-02-02 12:21:33.659 A  fileproviderd[31881:268bcb] (libsystem_containermanager.dylib) container_query_t
2023-02-02 12:21:33.659 Df fileproviderd[31881:268bcb] [com.apple.containermanager:query] Query; euid = 502, uid = 502, query = <dictionary: 0x6000026346c0> { count = 8, transaction: 0, voucher = 0x0, contents =
	"ContainerClass" => <uint64: 0xb8cbb7fe9b0040a7>: 7
	"Platform" => <uint64: 0xb8cbb7fe9b00409f>: 0
	"Flags" => <uint64: 0xb8cbb7b69b00408f>: 38654705666
	"Explicit" => <uint64: 0xb8cbb7fe9b0041af>: 38
	"PrivateFlags" => <uint64: 0xb8cbb7fe9b004087>: 3
	"Transient" => <bool: 0x1b313ce10>: false
	"Command" => <uint64: 0xb8cbb7fe9b0041a7>: 39
	"GroupIdentifiers" => <array: 0x600000c086c0> { count = 1, capacity = 10, contents =
		0: <string: 0x600000c08600> { length = 50, contents = "group.com.apple.mobileslideshow.PhotosFileProvider" }
	}
}
2023-02-02 12:21:33.662 I  containermanagerd[31671:268432] [com.apple.containermanager:xpc] Generating new codesign info blob for [com.apple.fileproviderd]
2023-02-02 12:21:33.663 I  containermanagerd[31671:268432] [com.apple.containermanager:xpc] Generating new client identity for [com.apple.fileproviderd/<502/20/502/2/502>]
2023-02-02 12:21:33.664 I  containermanagerd[31671:268432] [com.apple.containermanager:unspecified] createOrLookup; identity: <group.com.apple.mobileslideshow.PhotosFileProvider(7);<502/20/502/2/502>;pf7>, createIfNecessary: 0, platform: 7, transient: 0, privileged: 0, clientBundleIdentifier: com.apple.fileproviderd
2023-02-02 12:21:33.665 Df containermanagerd[31671:268432] [com.apple.containermanager:fs] stat [/Users/ggard/Library/Developer/CoreSimulator/Devices/773105ED-D5BC-4800-A2E6-239ECE9FE9FA/data/Containers/Shared/AppGroup/83667ED2-43A2-4B5B-A49B-599BF6750B97/.com.apple.mobile_container_manager.metadata.plist]: exists: 1, isDirectory: 0, fsNode: <MCMFSNode: 0x600000770ee0; inode = 23807192, device = 16777232, ctime = 1675349071>
2023-02-02 12:21:33.665 I  containermanagerd[31671:268432] [com.apple.containermanager:query] Found (group.com.apple.mobileslideshow.PhotosFileProvider|<MCMContainerPath: 0x600002458f50; [<MCMContainerClassPath: 0x60000235f300; [/Users/ggard/Library/Developer/CoreSimulator/Devices/773105ED-D5BC-4800-A2E6-239ECE9FE9FA/data/Containers]/[Shared]/[AppGroup]>]/[83667ED2-43A2-4B5B-A49B-599BF6750B97]/[(null)]>|1|B6144D36-DD26-4A62-9434-FC9401C19545|<MCMFSNode: 0x600000770ee0; inode = 23807192, device = 16777232, ctime = 1675349071>|without metadata)
2023-02-02 12:21:33.665 Df containermanagerd[31671:268432] [com.apple.containermanager:query] Query result: count = 1, error = (null)
2023-02-02 12:21:33.665 Df containermanagerd[31671:268432] [com.apple.containermanager:xpc] [502] command=39, client=<com.apple.fileproviderd, u=<502/20/502/2/502>, uid=502, pid=31881, sandboxed=0, platform=7 (1/1/1) [(null)]>, error=(null)
2023-02-02 12:21:33.665 Df fileproviderd[31881:268bcb] [com.apple.containermanager:unspecified] container_query_get_single_result: success
2023-02-02 12:21:33.665 A  fileproviderd[31881:268bcb] (libsystem_containermanager.dylib) container_copy_object
2023-02-02 12:21:33.665 Df fileproviderd[31881:268bcb] [com.apple.containermanager:unspecified] container_create_or_lookup_path_for_platform: success
2023-02-02 12:21:33.676 E  fileproviderd[31881:268bcb] [com.apple.FileProvider:default] [ERROR] could not load the domain properties: NSError: Cocoa 260 "The file “Domains.plist” couldn’t be opened because there is no such file." UserInfo={NSFilePath=/Users/ggard/Library/Developer/CoreSimulator/Devices/773105ED-D5BC-4800-A2E6-239ECE9FE9FA/data/Library/Application Support/FileProvider/com.apple.mobileslideshow.PhotosFileProvider/Domains.plist} Underlying={NSError: POSIX 2 "The operation couldn’t be completed. No such file or directory" }}
2023-02-02 12:21:33.769 Df apsd[31690:2684cf] [com.apple.apsd:courier] <APSCourier 0x154504740 development>: __processStoredIncomingMessageForConnection: <APSConnectionServer: 0x600001d00160>
2023-02-02 12:21:33.825 I  locationd[31652:2686de] [com.apple.locationd.Core:Simulation] {"msg":"Nowhere to go; not preparing next location"}
2023-02-02 12:21:33.825 Db locationd[31652:2686de] [com.apple.locationd.Core:Simulation] {"msg":"Dealing with no more locations", "repeatBehavior":1}
2023-02-02 12:21:33.825 Db locationd[31652:2686de] [com.apple.locationd.Core:Simulation] {"msg":"Adjust next location timestamp", "originalTimestamp_s":"697044094.825564027", "delta_s":"2.495158076"}
2023-02-02 12:21:33.825 Db locationd[31652:2686de] [com.apple.locationd.Core:Simulation] {"msg":"Preparing next location"}
2023-02-02 12:21:33.825 Db locationd[31652:2686de] [com.apple.locationd.Core:Simulation] {"msg":"No more pending locations"}
2023-02-02 12:21:33.825 Db locationd[31652:2686de] [com.apple.locationd.Core:Simulation] {"msg":"Notify location is", "location":'00 00 00 00 FF FF 00 00 DD 0A 61 35 96 E4 42 40 76 E2 72 BC 02 9A 5E C0 00 00 00 00 00 00 14 40 00 00 00 00 00 00 00 00 00 00 00 00 00 00 F0 BF 00 00 00 00 00 00 F0 BF 00 00 00 00 00 00 F0 BF 00 00 00 00 00 00 F0 BF 00 00 00 00 00 00 F0 BF 00 00 00 00 00 00 F0 BF 00 00 00 00 00 00 F0 BF 6C 0D A9 40 06 C6 C4 41 00 00 00 00 00 00 00 00 00 00 F0 BF 01 00 00 00 00 00 00 00 00 00 00 00 00 00 00 00 00 00 00 00 00 00 00 00 00 00 F0 BF FF FF FF 7F 00 00 00 00 00 00 00 00 00 00 00 00 00 00 00 00 00 00 00 00 00 00 00 00 00 00 00 00'}
2023-02-02 12:21:33.825 Df locationd[31652:2686de] [com.apple.locationd.Position:GeneralCLX] @ClxSimulated, Fix, 1, ll, 37.7858340, -122.4064170, acc, 5.00, course, -1.0, time, 697044097.3, deltaDistance, 0.0, deltaDistanceAccuracy, 1.9, odometer, 0.0, timestampGps, 697044097.3
2023-02-02 12:21:33.826 Db locationd[31652:2686de] [com.apple.locationd.Core:Simulation] {"msg":"Notification delay", "notificationDelay_s":"1.000000000"}
2023-02-02 12:21:33.826 Db locationd[31652:26871e] [com.apple.locationd.Core:Simulation] Sending through simulated location for simulated
2023-02-02 12:21:33.826 A  locationd[31652:26871e] CL: notifyClientsWithData (Fallback)
2023-02-02 12:21:33.826 Db locationd[31652:26871e] [com.apple.locationd.Core:Notifier] {"msg":"notifyClientsWithData", "event":activity, "name":simulated, "notification":3}
2023-02-02 12:21:33.826 A  locationd[31652:26871e] CL: notifyClientsWithData (Fallback)
2023-02-02 12:21:33.826 Db locationd[31652:26871e] [com.apple.locationd.Core:Notifier] {"msg":"notifyClientsWithData", "event":activity, "name":simulated, "notification":4}
2023-02-02 12:21:33.826 A  locationd[31652:26871e] CL: notifyClientsWithData (Fallback)
2023-02-02 12:21:33.826 Db locationd[31652:26871e] [com.apple.locationd.Core:Notifier] {"msg":"notifyClientsWithData", "event":activity, "name":simulated, "notification":40}
2023-02-02 12:21:33.826 A  locationd[31652:26871e] CL: notifyClientsWithData (Fallback)
2023-02-02 12:21:33.826 Db locationd[31652:26871e] [com.apple.locationd.Core:Notifier] {"msg":"notifyClientsWithData", "event":activity, "name":simulated, "notification":2}
2023-02-02 12:21:33.826 A  locationd[31652:26871e] CL: notifyClientsWithData (Fallback)
2023-02-02 12:21:33.826 Db locationd[31652:26871e] [com.apple.locationd.Core:Notifier] {"msg":"notifyClientsWithData", "event":activity, "name":simulated, "notification":1}
2023-02-02 12:21:33.826 A  locationd[31652:26871e] CL: notifyClientsWithData (Fallback)
2023-02-02 12:21:33.826 Db locationd[31652:26871e] [com.apple.locationd.Core:Notifier] {"msg":"notifyClientsWithData", "event":activity, "name":simulated, "notification":5}
2023-02-02 12:21:33.826 A  locationd[31652:26871e] CL: notifyClientsWithData (Fallback)
2023-02-02 12:21:33.826 Db locationd[31652:26871e] [com.apple.locationd.Core:Notifier] {"msg":"notifyClientsWithData", "event":activity, "name":simulated, "notification":0}
2023-02-02 12:21:34.392 Df chronod[31674:2685a0] [com.apple.chrono:archiving] Reap evaluation began (reason = keybag)
2023-02-02 12:21:34.393 Db chronod[31674:2685a0] [com.apple.launchservices:error] Constructing NSError NSOSStatusErrorDomain/-10813 at _LSCopyLocalDatabase:778
2023-02-02 12:21:34.393 Db chronod[31674:2685a0] [com.apple.launchservices:db] LS DB needs to be mapped into process 31674 for session LSSessionKey(system: 0 uid: 502) (existing DB @ 0x0).
2023-02-02 12:21:34.396 Db lsd[31670:268437] [com.apple.coreservicesstore:default] Creating dispatch_data for XPC coder with length 4440064
2023-02-02 12:21:34.396 I  amsengagementd[31770:268ab2] [com.apple.amsengagementd:service] TransactionStore: [FA11B1E3] Starting transaction: identifierSync
2023-02-02 12:21:34.396 Db chronod[31674:2685a0] [com.apple.coreservicesstore:default] Creating CSStore from XPC coder with length 4440064
2023-02-02 12:21:34.396 Db chronod[31674:2685a0] [com.apple.coreservicesstore:default] Checked CSStore data with lengths 4440064/4429696/4439428
2023-02-02 12:21:34.396 Db chronod[31674:2685a0] [com.apple.launchservices:db] Loaded LS database with sequence number 484
2023-02-02 12:21:34.397 Db chronod[31674:2685a0] [com.apple.launchservices:db] Client database updated - seq#: 484
2023-02-02 12:21:34.397 Db chronod[31674:2685a0] [com.apple.launchservices:default] No extension point parent specified, returning first extension point found id: 184
2023-02-02 12:21:34.397 Db chronod[31674:2685a0] [com.apple.launchservices:default] No extension point parent specified, returning first extension point found id: 184
2023-02-02 12:21:34.397 Db chronod[31674:2685a0] [com.apple.launchservices:default] No extension point parent specified, returning first extension point found id: 184
2023-02-02 12:21:34.397 Db chronod[31674:2685a0] [com.apple.launchservices:default] No extension point parent specified, returning first extension point found id: 184
2023-02-02 12:21:34.397 Db chronod[31674:2685a0] [com.apple.launchservices:default] No extension point parent specified, returning first extension point found id: 184
2023-02-02 12:21:34.398 Db chronod[31674:2685a0] [com.apple.launchservices:default] No extension point parent specified, returning first extension point found id: 184
2023-02-02 12:21:34.398 Db chronod[31674:2685a0] [com.apple.launchservices:default] No extension point parent specified, returning first extension point found id: 184
2023-02-02 12:21:34.398 Db chronod[31674:2685a0] [com.apple.launchservices:default] No extension point parent specified, returning first extension point found id: 184
2023-02-02 12:21:34.398 Df chronod[31674:2685a0] [com.apple.chrono:archiving] Reap evaluation - performing reap.
2023-02-02 12:21:34.398 Db chronod[31674:2688ed] [com.apple.chrono:ClientSnapshots] Prefix to keep: /Users/ggard/Library/Developer/CoreSimulator/Devices/773105ED-D5BC-4800-A2E6-239ECE9FE9FA/data/Library/Caches/com.apple.chrono/snapshot-cache/com.apple.mobileslideshow.PhotosReliveWidget/com.apple.mobileslideshow.PhotosReliveWidget/systemSmall-- (/Users/ggard/Library/Developer/CoreSimulator/Devices/773105ED-D5BC-4800-A2E6-239ECE9FE9FA/data/Library/Caches/com.apple.chrono/snapshot-cache/com.apple.mobileslideshow.PhotosReliveWidget/com.apple.mobileslideshow.PhotosReliveWidget)
2023-02-02 12:21:34.398 Db chronod[31674:2688ed] [com.apple.chrono:ClientSnapshots] Prefix to keep: /Users/ggard/Library/Developer/CoreSimulator/Devices/773105ED-D5BC-4800-A2E6-239ECE9FE9FA/data/Library/Caches/com.apple.chrono/snapshot-cache/com.apple.Maps.GeneralMapsWidget/com.apple.Maps/systemSmall-- (/Users/ggard/Library/Developer/CoreSimulator/Devices/773105ED-D5BC-4800-A2E6-239ECE9FE9FA/data/Library/Caches/com.apple.chrono/snapshot-cache/com.apple.Maps.GeneralMapsWidget/com.apple.Maps)
2023-02-02 12:21:34.398 Db chronod[31674:2688ed] [com.apple.chrono:ClientSnapshots] Prefix to keep: /Users/ggard/Library/Developer/CoreSimulator/Devices/773105ED-D5BC-4800-A2E6-239ECE9FE9FA/data/Library/Caches/com.apple.chrono/snapshot-cache/com.apple.news.widget/today/newsLargeTall--3270473718301326798-- (/Users/ggard/Library/Developer/CoreSimulator/Devices/773105ED-D5BC-4800-A2E6-239ECE9FE9FA/data/Library/Caches/com.apple.chrono/snapshot-cache/com.apple.news.widget/today)
2023-02-02 12:21:34.399 Db chronod[31674:2688ed] [com.apple.chrono:ClientSnapshots] Prefix to keep: /Users/ggard/Library/Developer/CoreSimulator/Devices/773105ED-D5BC-4800-A2E6-239ECE9FE9FA/data/Library/Caches/com.apple.chrono/snapshot-cache/com.apple.Maps.GeneralMapsWidget/com.apple.Maps/systemMedium-- (/Users/ggard/Library/Developer/CoreSimulator/Devices/773105ED-D5BC-4800-A2E6-239ECE9FE9FA/data/Library/Caches/com.apple.chrono/snapshot-cache/com.apple.Maps.GeneralMapsWidget/com.apple.Maps)
2023-02-02 12:21:34.399 Db chronod[31674:2688ed] [com.apple.chrono:ClientSnapshots] Prefix to keep: /Users/ggard/Library/Developer/CoreSimulator/Devices/773105ED-D5BC-4800-A2E6-239ECE9FE9FA/data/Library/Caches/com.apple.chrono/snapshot-cache/com.apple.news.widget/today/systemSmall--3270473718301326798-- (/Users/ggard/Library/Developer/CoreSimulator/Devices/773105ED-D5BC-4800-A2E6-239ECE9FE9FA/data/Library/Caches/com.apple.chrono/snapshot-cache/com.apple.news.widget/today)
2023-02-02 12:21:34.399 Db chronod[31674:2688ed] [com.apple.chrono:ClientSnapshots] Prefix to keep: /Users/ggard/Library/Developer/CoreSimulator/Devices/773105ED-D5BC-4800-A2E6-239ECE9FE9FA/data/Library/Caches/com.apple.chrono/snapshot-cache/com.apple.ScreenTimeWidgetApplication.ScreenTimeWidgetExtension/com.apple.ScreenTimeWidgetApplication/systemLarge--7227504733474769685-- (/Users/ggard/Library/Developer/CoreSimulator/Devices/773105ED-D5BC-4800-A2E6-239ECE9FE9FA/data/Library/Caches/com.apple.chrono/snapshot-cache/com.apple.ScreenTimeWidgetApplication.ScreenTimeWidgetExtension/com.apple.ScreenTimeWidgetApplication)
2023-02-02 12:21:34.399 Db chronod[31674:2688ed] [com.apple.chrono:ClientSnapshots] Prefix to keep: /Users/ggard/Library/Developer/CoreSimulator/Devices/773105ED-D5BC-4800-A2E6-239ECE9FE9FA/data/Library/Caches/com.apple.chrono/snapshot-cache/com.apple.mobilecal.CalendarWidgetExtension/com.apple.CalendarWidget.CalendarUpNextWidget/systemSmall--2474718758988609311-- (/Users/ggard/Library/Developer/CoreSimulator/Devices/773105ED-D5BC-4800-A2E6-239ECE9FE9FA/data/Library/Caches/com.apple.chrono/snapshot-cache/com.apple.mobilecal.CalendarWidgetExtension/com.apple.CalendarWidget.CalendarUpNextWidget)
2023-02-02 12:21:34.399 Db chronod[31674:2688ed] [com.apple.chrono:ClientSnapshots] Existing client snapshot path: /Users/ggard/Library/Developer/CoreSimulator/Devices/773105ED-D5BC-4800-A2E6-239ECE9FE9FA/data/Library/Caches/com.apple.chrono/snapshot-cache/com.apple.Maps.GeneralMapsWidget/com.apple.Maps/systemSmall--158.00w--158.00h--21.60r--0f--0.00t-0.00l-0.00b0.00t--0.light.private.snapshot
2023-02-02 12:21:34.399 Db chronod[31674:2688ed] [com.apple.chrono:ClientSnapshots] Existing client snapshot path: /Users/ggard/Library/Developer/CoreSimulator/Devices/773105ED-D5BC-4800-A2E6-239ECE9FE9FA/data/Library/Caches/com.apple.chrono/snapshot-cache/com.apple.mobilecal.CalendarWidgetExtension/com.apple.CalendarWidget.CalendarUpNextWidget/systemSmall--2474718758988609311--158.00w--158.00h--21.60r--0f--0.00t-0.00l-0.00b0.00t--0.light.private.snapshot
2023-02-02 12:21:34.401 Df chronod[31674:2688ed] [com.apple.chrono:archiving] Reaping session initiated.
2023-02-02 12:21:34.401 Db chronod[31674:2688ed] [com.apple.chrono:archiving] Candidate to remove: file:///Users/ggard/Library/Developer/CoreSimulator/Devices/773105ED-D5BC-4800-A2E6-239ECE9FE9FA/data/Containers/Data/PluginKitPlugin/75BA553C-94AE-4659-A14B-7E5356C55010/SystemData/com.apple.chrono/timelines/
2023-02-02 12:21:34.401 Db chronod[31674:2688ed] [com.apple.chrono:archiving] Candidate to remove: file:///Users/ggard/Library/Developer/CoreSimulator/Devices/773105ED-D5BC-4800-A2E6-239ECE9FE9FA/data/Containers/Data/PluginKitPlugin/19DAD011-8AD3-4D73-B4A4-AE3A43569A2C/SystemData/com.apple.chrono/timelines/
2023-02-02 12:21:34.401 Db chronod[31674:2688ed] [com.apple.chrono:archiving] Candidate to remove: file:///Users/ggard/Library/Developer/CoreSimulator/Devices/773105ED-D5BC-4800-A2E6-239ECE9FE9FA/data/Containers/Data/PluginKitPlugin/CD211F76-5B09-4C0E-98F7-3B62144AF1F3/SystemData/com.apple.chrono/timelines/
2023-02-02 12:21:34.401 Db chronod[31674:2688ed] [com.apple.chrono:archiving] Candidate to remove: file:///Users/ggard/Library/Developer/CoreSimulator/Devices/773105ED-D5BC-4800-A2E6-239ECE9FE9FA/data/Containers/Data/PluginKitPlugin/9C69C15C-FAD4-4E5D-AE52-49A41D6DDBDE/SystemData/com.apple.chrono/timelines/
2023-02-02 12:21:34.401 Db chronod[31674:2688ed] [com.apple.chrono:archiving] Candidate to remove: file:///Users/ggard/Library/Developer/CoreSimulator/Devices/773105ED-D5BC-4800-A2E6-239ECE9FE9FA/data/Containers/Data/PluginKitPlugin/45A2EC42-AEE6-4F39-ADD2-0330417DF37F/SystemData/com.apple.chrono/timelines/
2023-02-02 12:21:34.401 Db chronod[31674:2688ed] [com.apple.chrono:archiving] Candidate to remove: file:///Users/ggard/Library/Developer/CoreSimulator/Devices/773105ED-D5BC-4800-A2E6-239ECE9FE9FA/data/Containers/Data/PluginKitPlugin/279FFFD4-5D92-437B-9478-9990F90EF179/SystemData/com.apple.chrono/timelines/
2023-02-02 12:21:34.401 Db chronod[31674:2688ed] [com.apple.chrono:archiving] Candidate to remove: file:///Users/ggard/Library/Developer/CoreSimulator/Devices/773105ED-D5BC-4800-A2E6-239ECE9FE9FA/data/Containers/Data/PluginKitPlugin/CD88C6E9-B221-4B8F-A74C-98AFC0E797B0/SystemData/com.apple.chrono/timelines/
2023-02-02 12:21:34.401 Db chronod[31674:2688ed] [com.apple.chrono:archiving] Candidate to remove: file:///Users/ggard/Library/Developer/CoreSimulator/Devices/773105ED-D5BC-4800-A2E6-239ECE9FE9FA/data/Containers/Data/PluginKitPlugin/C620BA9D-BD20-4CFF-9027-92B232648CEF/SystemData/com.apple.chrono/timelines/
2023-02-02 12:21:34.401 Db chronod[31674:2688ed] [com.apple.chrono:archiving] Candidate to remove: file:///Users/ggard/Library/Developer/CoreSimulator/Devices/773105ED-D5BC-4800-A2E6-239ECE9FE9FA/data/Containers/Data/PluginKitPlugin/6996CCFD-F41E-4818-8DA0-4677EAE89B22/SystemData/com.apple.chrono/timelines/
2023-02-02 12:21:34.401 Db chronod[31674:2688ed] [com.apple.chrono:archiving] Candidate to remove: file:///Users/ggard/Library/Developer/CoreSimulator/Devices/773105ED-D5BC-4800-A2E6-239ECE9FE9FA/data/Containers/Data/PluginKitPlugin/FA8D789B-7565-46ED-B827-24BB94BF5A19/SystemData/com.apple.chrono/timelines/
2023-02-02 12:21:34.401 Db chronod[31674:2688ed] [com.apple.chrono:archiving] Candidate to remove: file:///Users/ggard/Library/Developer/CoreSimulator/Devices/773105ED-D5BC-4800-A2E6-239ECE9FE9FA/data/Containers/Data/PluginKitPlugin/525A4D2A-FBE7-4479-B9F0-FA6E517BD1F0/SystemData/com.apple.chrono/timelines/
2023-02-02 12:21:34.401 Db chronod[31674:2688ed] [com.apple.chrono:archiving] Candidate to remove: file:///Users/ggard/Library/Developer/CoreSimulator/Devices/773105ED-D5BC-4800-A2E6-239ECE9FE9FA/data/Containers/Data/PluginKitPlugin/E990A09B-A92E-46E3-B5A4-B741FDFEF1AE/SystemData/com.apple.chrono/timelines/
2023-02-02 12:21:34.401 Db chronod[31674:2688ed] [com.apple.chrono:archiving] Candidate to remove: file:///Users/ggard/Library/Developer/CoreSimulator/Devices/773105ED-D5BC-4800-A2E6-239ECE9FE9FA/data/Containers/Data/PluginKitPlugin/E7BFD50D-D848-4B71-8BED-39783A6763A8/SystemData/com.apple.chrono/timelines/
2023-02-02 12:21:34.401 Db chronod[31674:2688ed] [com.apple.chrono:archiving] Candidate to remove: file:///Users/ggard/Library/Developer/CoreSimulator/Devices/773105ED-D5BC-4800-A2E6-239ECE9FE9FA/data/Containers/Data/PluginKitPlugin/E990A09B-A92E-46E3-B5A4-B741FDFEF1AE/SystemData/com.apple.chrono/snapshots/
2023-02-02 12:21:34.401 Db chronod[31674:2688ed] [com.apple.chrono:archiving] Candidate to remove: file:///Users/ggard/Library/Developer/CoreSimulator/Devices/773105ED-D5BC-4800-A2E6-239ECE9FE9FA/data/Containers/Data/PluginKitPlugin/E7BFD50D-D848-4B71-8BED-39783A6763A8/SystemData/com.apple.chrono/snapshots/
2023-02-02 12:21:34.401 Db chronod[31674:2688ed] [com.apple.chrono:archiving] Candidate to remove: file:///Users/ggard/Library/Developer/CoreSimulator/Devices/773105ED-D5BC-4800-A2E6-239ECE9FE9FA/data/Containers/Data/PluginKitPlugin/75BA553C-94AE-4659-A14B-7E5356C55010/SystemData/com.apple.chrono/snapshots/
2023-02-02 12:21:34.401 Db chronod[31674:2688ed] [com.apple.chrono:archiving] Candidate to remove: file:///Users/ggard/Library/Developer/CoreSimulator/Devices/773105ED-D5BC-4800-A2E6-239ECE9FE9FA/data/Containers/Data/PluginKitPlugin/19DAD011-8AD3-4D73-B4A4-AE3A43569A2C/SystemData/com.apple.chrono/snapshots/
2023-02-02 12:21:34.401 Db chronod[31674:2688ed] [com.apple.chrono:archiving] Candidate to remove: file:///Users/ggard/Library/Developer/CoreSimulator/Devices/773105ED-D5BC-4800-A2E6-239ECE9FE9FA/data/Containers/Data/PluginKitPlugin/CD211F76-5B09-4C0E-98F7-3B62144AF1F3/SystemData/com.apple.chrono/snapshots/
2023-02-02 12:21:34.401 Db chronod[31674:2688ed] [com.apple.chrono:archiving] Candidate to remove: file:///Users/ggard/Library/Developer/CoreSimulator/Devices/773105ED-D5BC-4800-A2E6-239ECE9FE9FA/data/Containers/Data/PluginKitPlugin/9C69C15C-FAD4-4E5D-AE52-49A41D6DDBDE/SystemData/com.apple.chrono/snapshots/
2023-02-02 12:21:34.401 Db chronod[31674:2688ed] [com.apple.chrono:archiving] Candidate to remove: file:///Users/ggard/Library/Developer/CoreSimulator/Devices/773105ED-D5BC-4800-A2E6-239ECE9FE9FA/data/Containers/Data/PluginKitPlugin/45A2EC42-AEE6-4F39-ADD2-0330417DF37F/SystemData/com.apple.chrono/snapshots/
2023-02-02 12:21:34.401 Db chronod[31674:2688ed] [com.apple.chrono:archiving] Candidate to remove: file:///Users/ggard/Library/Developer/CoreSimulator/Devices/773105ED-D5BC-4800-A2E6-239ECE9FE9FA/data/Containers/Data/PluginKitPlugin/279FFFD4-5D92-437B-9478-9990F90EF179/SystemData/com.apple.chrono/snapshots/
2023-02-02 12:21:34.401 Db chronod[31674:2688ed] [com.apple.chrono:archiving] Candidate to remove: file:///Users/ggard/Library/Developer/CoreSimulator/Devices/773105ED-D5BC-4800-A2E6-239ECE9FE9FA/data/Containers/Data/PluginKitPlugin/CD88C6E9-B221-4B8F-A74C-98AFC0E797B0/SystemData/com.apple.chrono/snapshots/
2023-02-02 12:21:34.401 Db chronod[31674:2688ed] [com.apple.chrono:archiving] Candidate to remove: file:///Users/ggard/Library/Developer/CoreSimulator/Devices/773105ED-D5BC-4800-A2E6-239ECE9FE9FA/data/Containers/Data/PluginKitPlugin/C620BA9D-BD20-4CFF-9027-92B232648CEF/SystemData/com.apple.chrono/snapshots/
2023-02-02 12:21:34.401 Db chronod[31674:2688ed] [com.apple.chrono:archiving] Candidate to remove: file:///Users/ggard/Library/Developer/CoreSimulator/Devices/773105ED-D5BC-4800-A2E6-239ECE9FE9FA/data/Containers/Data/PluginKitPlugin/525A4D2A-FBE7-4479-B9F0-FA6E517BD1F0/SystemData/com.apple.chrono/snapshots/
2023-02-02 12:21:34.401 Db chronod[31674:2688ed] [com.apple.chrono:archiving] Candidate to remove: file:///Users/ggard/Library/Developer/CoreSimulator/Devices/773105ED-D5BC-4800-A2E6-239ECE9FE9FA/data/Containers/Data/PluginKitPlugin/6996CCFD-F41E-4818-8DA0-4677EAE89B22/SystemData/com.apple.chrono/snapshots/
2023-02-02 12:21:34.401 Db chronod[31674:2688ed] [com.apple.chrono:archiving] Candidate to remove: file:///Users/ggard/Library/Developer/CoreSimulator/Devices/773105ED-D5BC-4800-A2E6-239ECE9FE9FA/data/Containers/Data/PluginKitPlugin/FA8D789B-7565-46ED-B827-24BB94BF5A19/SystemData/com.apple.chrono/snapshots/
2023-02-02 12:21:34.401 Db chronod[31674:2688ed] [com.apple.chrono:archiving] Protecting: file:///Users/ggard/Library/Developer/CoreSimulator/Devices/773105ED-D5BC-4800-A2E6-239ECE9FE9FA/data/Containers/Data/PluginKitPlugin/C620BA9D-BD20-4CFF-9027-92B232648CEF/SystemData/com.apple.chrono/snapshots/today/systemSmall--3270473718301326798----158.00w--158.00h--21.60r--0f--0.00t-0.00l-0.00b0.00t.chrono-timeline
2023-02-02 12:21:34.401 Db chronod[31674:2688ed] [com.apple.chrono:archiving] Protecting: file:///Users/ggard/Library/Developer/CoreSimulator/Devices/773105ED-D5BC-4800-A2E6-239ECE9FE9FA/data/Containers/Data/PluginKitPlugin/C620BA9D-BD20-4CFF-9027-92B232648CEF/SystemData/com.apple.chrono/timelines/today/systemSmall--3270473718301326798----158.00w--158.00h--21.60r--0f--0.00t-0.00l-0.00b0.00t.chrono-timeline
2023-02-02 12:21:34.401 Db chronod[31674:2688ed] [com.apple.chrono:archiving] Protecting: file:///Users/ggard/Library/Developer/CoreSimulator/Devices/773105ED-D5BC-4800-A2E6-239ECE9FE9FA/data/Containers/Data/PluginKitPlugin/E7BFD50D-D848-4B71-8BED-39783A6763A8/SystemData/com.apple.chrono/timelines/com.apple.Maps/systemSmall----158.00w--158.00h--21.60r--0f--0.00t-0.00l-0.00b0.00t.chrono-timeline
2023-02-02 12:21:34.401 Db chronod[31674:2688ed] [com.apple.chrono:archiving] Protecting: file:///Users/ggard/Library/Developer/CoreSimulator/Devices/773105ED-D5BC-4800-A2E6-239ECE9FE9FA/data/Containers/Data/PluginKitPlugin/C620BA9D-BD20-4CFF-9027-92B232648CEF/SystemData/com.apple.chrono/snapshots/today/newsLargeTall--3270473718301326798----338.00w--550.00h--21.60r--0f--0.00t-0.00l-0.00b0.00t.chrono-timeline
2023-02-02 12:21:34.401 Db chronod[31674:2688ed] [com.apple.chrono:archiving] Protecting: file:///Users/ggard/Library/Developer/CoreSimulator/Devices/773105ED-D5BC-4800-A2E6-239ECE9FE9FA/data/Containers/Data/PluginKitPlugin/279FFFD4-5D92-437B-9478-9990F90EF179/SystemData/com.apple.chrono/timelines/com.apple.CalendarWidget.CalendarUpNextWidget/systemSmall--2474718758988609311----158.00w--158.00h--21.60r--0f--0.00t-0.00l-0.00b0.00t.chrono-timeline
2023-02-02 12:21:34.401 Db chronod[31674:2688ed] [com.apple.chrono:archiving] Protecting: file:///Users/ggard/Library/Developer/CoreSimulator/Devices/773105ED-D5BC-4800-A2E6-239ECE9FE9FA/data/Containers/Data/PluginKitPlugin/E7BFD50D-D848-4B71-8BED-39783A6763A8/SystemData/com.apple.chrono/snapshots/com.apple.Maps/systemMedium----338.00w--158.00h--21.60r--0f--0.00t-0.00l-0.00b0.00t.chrono-timeline
2023-02-02 12:21:34.401 Db chronod[31674:2688ed] [com.apple.chrono:archiving] Protecting: file:///Users/ggard/Library/Developer/CoreSimulator/Devices/773105ED-D5BC-4800-A2E6-239ECE9FE9FA/data/Containers/Data/PluginKitPlugin/CD211F76-5B09-4C0E-98F7-3B62144AF1F3/SystemData/com.apple.chrono/timelines/com.apple.mobileslideshow.PhotosReliveWidget/systemSmall----158.00w--158.00h--21.60r--0f--0.00t-0.00l-0.00b0.00t.chrono-timeline
2023-02-02 12:21:34.401 Db chronod[31674:2688ed] [com.apple.chrono:archiving] Protecting: file:///Users/ggard/Library/Developer/CoreSimulator/Devices/773105ED-D5BC-4800-A2E6-239ECE9FE9FA/data/Containers/Data/PluginKitPlugin/CD211F76-5B09-4C0E-98F7-3B62144AF1F3/SystemData/com.apple.chrono/snapshots/com.apple.mobileslideshow.PhotosReliveWidget/systemSmall----158.00w--158.00h--21.60r--0f--0.00t-0.00l-0.00b0.00t.chrono-timeline
2023-02-02 12:21:34.401 Db chronod[31674:2688ed] [com.apple.chrono:archiving] Protecting: file:///Users/ggard/Library/Developer/CoreSimulator/Devices/773105ED-D5BC-4800-A2E6-239ECE9FE9FA/data/Containers/Data/PluginKitPlugin/C620BA9D-BD20-4CFF-9027-92B232648CEF/SystemData/com.apple.chrono/timelines/today/newsLargeTall--3270473718301326798----338.00w--550.00h--21.60r--0f--0.00t-0.00l-0.00b0.00t.chrono-timeline
2023-02-02 12:21:34.402 Db chronod[31674:2688ed] [com.apple.chrono:archiving] Protecting: file:///Users/ggard/Library/Developer/CoreSimulator/Devices/773105ED-D5BC-4800-A2E6-239ECE9FE9FA/data/Containers/Data/PluginKitPlugin/E7BFD50D-D848-4B71-8BED-39783A6763A8/SystemData/com.apple.chrono/timelines/com.apple.Maps/systemMedium----338.00w--158.00h--21.60r--0f--0.00t-0.00l-0.00b0.00t.chrono-timeline
2023-02-02 12:21:34.402 Db chronod[31674:2688ed] [com.apple.chrono:archiving] Protecting: file:///Users/ggard/Library/Developer/CoreSimulator/Devices/773105ED-D5BC-4800-A2E6-239ECE9FE9FA/data/Containers/Data/PluginKitPlugin/6996CCFD-F41E-4818-8DA0-4677EAE89B22/SystemData/com.apple.chrono/timelines/com.apple.ScreenTimeWidgetApplication/systemLarge--7227504733474769685----338.00w--354.00h--21.60r--0f--0.00t-0.00l-0.00b0.00t.chrono-timeline
2023-02-02 12:21:34.402 Db chronod[31674:2688ed] [com.apple.chrono:archiving] Protecting: file:///Users/ggard/Library/Developer/CoreSimulator/Devices/773105ED-D5BC-4800-A2E6-239ECE9FE9FA/data/Containers/Data/PluginKitPlugin/E7BFD50D-D848-4B71-8BED-39783A6763A8/SystemData/com.apple.chrono/snapshots/com.apple.Maps/systemSmall----158.00w--158.00h--21.60r--0f--0.00t-0.00l-0.00b0.00t.chrono-timeline
2023-02-02 12:21:34.402 Db chronod[31674:2688ed] [com.apple.chrono:archiving] Protecting: file:///Users/ggard/Library/Developer/CoreSimulator/Devices/773105ED-D5BC-4800-A2E6-239ECE9FE9FA/data/Containers/Data/PluginKitPlugin/279FFFD4-5D92-437B-9478-9990F90EF179/SystemData/com.apple.chrono/snapshots/com.apple.CalendarWidget.CalendarUpNextWidget/systemSmall--2474718758988609311----158.00w--158.00h--21.60r--0f--0.00t-0.00l-0.00b0.00t.chrono-timeline
2023-02-02 12:21:34.402 Db chronod[31674:2688ed] [com.apple.chrono:archiving] Protecting: file:///Users/ggard/Library/Developer/CoreSimulator/Devices/773105ED-D5BC-4800-A2E6-239ECE9FE9FA/data/Containers/Data/PluginKitPlugin/6996CCFD-F41E-4818-8DA0-4677EAE89B22/SystemData/com.apple.chrono/snapshots/com.apple.ScreenTimeWidgetApplication/systemLarge--7227504733474769685----338.00w--354.00h--21.60r--0f--0.00t-0.00l-0.00b0.00t.chrono-timeline
2023-02-02 12:21:34.403 Db chronod[31674:2688ed] [com.apple.chrono:archiving] Ignoring protected path during reaping: file:///Users/ggard/Library/Developer/CoreSimulator/Devices/773105ED-D5BC-4800-A2E6-239ECE9FE9FA/data/Containers/Data/PluginKitPlugin/CD211F76-5B09-4C0E-98F7-3B62144AF1F3/SystemData/com.apple.chrono/timelines/com.apple.mobileslideshow.PhotosReliveWidget/
2023-02-02 12:21:34.403 Db chronod[31674:2688ed] [com.apple.chrono:archiving] Ignoring protected path during reaping: file:///Users/ggard/Library/Developer/CoreSimulator/Devices/773105ED-D5BC-4800-A2E6-239ECE9FE9FA/data/Containers/Data/PluginKitPlugin/CD211F76-5B09-4C0E-98F7-3B62144AF1F3/SystemData/com.apple.chrono/timelines/com.apple.mobileslideshow.PhotosReliveWidget/systemSmall----158.00w--158.00h--21.60r--0f--0.00t-0.00l-0.00b0.00t.chrono-timeline
2023-02-02 12:21:34.403 Db chronod[31674:2688ed] [com.apple.chrono:archiving] Ignoring protected path during reaping: file:///Users/ggard/Library/Developer/CoreSimulator/Devices/773105ED-D5BC-4800-A2E6-239ECE9FE9FA/data/Containers/Data/PluginKitPlugin/279FFFD4-5D92-437B-9478-9990F90EF179/SystemData/com.apple.chrono/timelines/com.apple.CalendarWidget.CalendarUpNextWidget/
2023-02-02 12:21:34.403 Db chronod[31674:2688ed] [com.apple.chrono:archiving] Ignoring protected path during reaping: file:///Users/ggard/Library/Developer/CoreSimulator/Devices/773105ED-D5BC-4800-A2E6-239ECE9FE9FA/data/Containers/Data/PluginKitPlugin/279FFFD4-5D92-437B-9478-9990F90EF179/SystemData/com.apple.chrono/timelines/com.apple.CalendarWidget.CalendarUpNextWidget/systemSmall--2474718758988609311----158.00w--158.00h--21.60r--0f--0.00t-0.00l-0.00b0.00t.chrono-timeline
2023-02-02 12:21:34.403 Db chronod[31674:2688ed] [com.apple.chrono:archiving] Ignoring protected path during reaping: file:///Users/ggard/Library/Developer/CoreSimulator/Devices/773105ED-D5BC-4800-A2E6-239ECE9FE9FA/data/Containers/Data/PluginKitPlugin/C620BA9D-BD20-4CFF-9027-92B232648CEF/SystemData/com.apple.chrono/timelines/today/
2023-02-02 12:21:34.403 Db chronod[31674:2688ed] [com.apple.chrono:archiving] Ignoring protected path during reaping: file:///Users/ggard/Library/Developer/CoreSimulator/Devices/773105ED-D5BC-4800-A2E6-239ECE9FE9FA/data/Containers/Data/PluginKitPlugin/C620BA9D-BD20-4CFF-9027-92B232648CEF/SystemData/com.apple.chrono/timelines/today/systemSmall--3270473718301326798----158.00w--158.00h--21.60r--0f--0.00t-0.00l-0.00b0.00t.chrono-timeline
2023-02-02 12:21:34.403 Db chronod[31674:2688ed] [com.apple.chrono:archiving] Ignoring protected path during reaping: file:///Users/ggard/Library/Developer/CoreSimulator/Devices/773105ED-D5BC-4800-A2E6-239ECE9FE9FA/data/Containers/Data/PluginKitPlugin/C620BA9D-BD20-4CFF-9027-92B232648CEF/SystemData/com.apple.chrono/timelines/today/newsLargeTall--3270473718301326798----338.00w--550.00h--21.60r--0f--0.00t-0.00l-0.00b0.00t.chrono-timeline
2023-02-02 12:21:34.403 Db chronod[31674:2688ed] [com.apple.chrono:archiving] Ignoring protected path during reaping: file:///Users/ggard/Library/Developer/CoreSimulator/Devices/773105ED-D5BC-4800-A2E6-239ECE9FE9FA/data/Containers/Data/PluginKitPlugin/6996CCFD-F41E-4818-8DA0-4677EAE89B22/SystemData/com.apple.chrono/timelines/com.apple.ScreenTimeWidgetApplication/
2023-02-02 12:21:34.403 Db chronod[31674:2688ed] [com.apple.chrono:archiving] Ignoring protected path during reaping: file:///Users/ggard/Library/Developer/CoreSimulator/Devices/773105ED-D5BC-4800-A2E6-239ECE9FE9FA/data/Containers/Data/PluginKitPlugin/6996CCFD-F41E-4818-8DA0-4677EAE89B22/SystemData/com.apple.chrono/timelines/com.apple.ScreenTimeWidgetApplication/systemLarge--7227504733474769685----338.00w--354.00h--21.60r--0f--0.00t-0.00l-0.00b0.00t.chrono-timeline
2023-02-02 12:21:34.404 Db chronod[31674:2688ed] [com.apple.chrono:archiving] Ignoring protected path during reaping: file:///Users/ggard/Library/Developer/CoreSimulator/Devices/773105ED-D5BC-4800-A2E6-239ECE9FE9FA/data/Containers/Data/PluginKitPlugin/E7BFD50D-D848-4B71-8BED-39783A6763A8/SystemData/com.apple.chrono/timelines/com.apple.Maps/
2023-02-02 12:21:34.404 Db chronod[31674:2688ed] [com.apple.chrono:archiving] Ignoring protected path during reaping: file:///Users/ggard/Library/Developer/CoreSimulator/Devices/773105ED-D5BC-4800-A2E6-239ECE9FE9FA/data/Containers/Data/PluginKitPlugin/E7BFD50D-D848-4B71-8BED-39783A6763A8/SystemData/com.apple.chrono/timelines/com.apple.Maps/systemMedium----338.00w--158.00h--21.60r--0f--0.00t-0.00l-0.00b0.00t.chrono-timeline
2023-02-02 12:21:34.404 Db chronod[31674:2688ed] [com.apple.chrono:archiving] Ignoring protected path during reaping: file:///Users/ggard/Library/Developer/CoreSimulator/Devices/773105ED-D5BC-4800-A2E6-239ECE9FE9FA/data/Containers/Data/PluginKitPlugin/E7BFD50D-D848-4B71-8BED-39783A6763A8/SystemData/com.apple.chrono/timelines/com.apple.Maps/systemSmall----158.00w--158.00h--21.60r--0f--0.00t-0.00l-0.00b0.00t.chrono-timeline
2023-02-02 12:21:34.404 Df chronod[31674:2688ed] [com.apple.chrono:archiving] Reaping completed: 0 items purged.
2023-02-02 12:21:34.820 Df apsd[31690:2684cf] [com.apple.apsd:courier] <APSCourier 0x154504740 development>: __processStoredIncomingMessageForConnection: <APSConnectionServer: 0x600001d0c370>
2023-02-02 12:21:34.829 I  locationd[31652:26871e] [com.apple.locationd.Core:Simulation] {"msg":"Nowhere to go; not preparing next location"}
2023-02-02 12:21:34.829 Db locationd[31652:26871e] [com.apple.locationd.Core:Simulation] {"msg":"Dealing with no more locations", "repeatBehavior":1}
2023-02-02 12:21:34.829 Db locationd[31652:26871e] [com.apple.locationd.Core:Simulation] {"msg":"Adjust next location timestamp", "originalTimestamp_s":"697044095.829882979", "delta_s":"2.495158076"}
2023-02-02 12:21:34.829 Db locationd[31652:26871e] [com.apple.locationd.Core:Simulation] {"msg":"Preparing next location"}
2023-02-02 12:21:34.829 Db locationd[31652:26871e] [com.apple.locationd.Core:Simulation] {"msg":"No more pending locations"}
2023-02-02 12:21:34.830 Db locationd[31652:26871e] [com.apple.locationd.Core:Simulation] {"msg":"Notify location is", "location":'00 00 00 00 FF FF 00 00 DD 0A 61 35 96 E4 42 40 76 E2 72 BC 02 9A 5E C0 00 00 00 00 00 00 14 40 00 00 00 00 00 00 00 00 00 00 00 00 00 00 F0 BF 00 00 00 00 00 00 F0 BF 00 00 00 00 00 00 F0 BF 00 00 00 00 00 00 F0 BF 00 00 00 00 00 00 F0 BF 00 00 00 00 00 00 F0 BF 00 00 00 00 00 00 F0 BF F2 9A 29 41 06 C6 C4 41 00 00 00 00 00 00 00 00 00 00 F0 BF 01 00 00 00 00 00 00 00 00 00 00 00 00 00 00 00 00 00 00 00 00 00 00 00 00 00 F0 BF FF FF FF 7F 00 00 00 00 00 00 00 00 00 00 00 00 00 00 00 00 00 00 00 00 00 00 00 00 00 00 00 00'}
2023-02-02 12:21:34.830 Df locationd[31652:26871e] [com.apple.locationd.Position:GeneralCLX] @ClxSimulated, Fix, 1, ll, 37.7858340, -122.4064170, acc, 5.00, course, -1.0, time, 697044098.3, deltaDistance, 0.0, deltaDistanceAccuracy, 1.9, odometer, 0.0, timestampGps, 697044098.3
2023-02-02 12:21:34.830 Db locationd[31652:26871e] [com.apple.locationd.Core:Simulation] {"msg":"Notification delay", "notificationDelay_s":"1.000000000"}
2023-02-02 12:21:34.831 Db locationd[31652:26871e] [com.apple.locationd.Core:Simulation] Sending through simulated location for simulated
2023-02-02 12:21:34.831 A  locationd[31652:26871e] CL: notifyClientsWithData (Fallback)
2023-02-02 12:21:34.831 Db locationd[31652:26871e] [com.apple.locationd.Core:Notifier] {"msg":"notifyClientsWithData", "event":activity, "name":simulated, "notification":3}
2023-02-02 12:21:34.831 A  locationd[31652:26871e] CL: notifyClientsWithData (Fallback)
2023-02-02 12:21:34.831 Db locationd[31652:26871e] [com.apple.locationd.Core:Notifier] {"msg":"notifyClientsWithData", "event":activity, "name":simulated, "notification":4}
2023-02-02 12:21:34.831 A  locationd[31652:26871e] CL: notifyClientsWithData (Fallback)
2023-02-02 12:21:34.831 Db locationd[31652:26871e] [com.apple.locationd.Core:Notifier] {"msg":"notifyClientsWithData", "event":activity, "name":simulated, "notification":40}
2023-02-02 12:21:34.831 A  locationd[31652:26871e] CL: notifyClientsWithData (Fallback)
2023-02-02 12:21:34.831 Db locationd[31652:26871e] [com.apple.locationd.Core:Notifier] {"msg":"notifyClientsWithData", "event":activity, "name":simulated, "notification":2}
2023-02-02 12:21:34.831 A  locationd[31652:26871e] CL: notifyClientsWithData (Fallback)
2023-02-02 12:21:34.831 Db locationd[31652:26871e] [com.apple.locationd.Core:Notifier] {"msg":"notifyClientsWithData", "event":activity, "name":simulated, "notification":1}
2023-02-02 12:21:34.831 A  locationd[31652:26871e] CL: notifyClientsWithData (Fallback)
2023-02-02 12:21:34.831 Db locationd[31652:26871e] [com.apple.locationd.Core:Notifier] {"msg":"notifyClientsWithData", "event":activity, "name":simulated, "notification":5}
2023-02-02 12:21:34.831 A  locationd[31652:26871e] CL: notifyClientsWithData (Fallback)
2023-02-02 12:21:34.831 Db locationd[31652:26871e] [com.apple.locationd.Core:Notifier] {"msg":"notifyClientsWithData", "event":activity, "name":simulated, "notification":0}
2023-02-02 12:21:34.836 Df apsd[31690:2684cf] [com.apple.apsd:courier] <APSCourier 0x154504740 development>: __processStoredIncomingMessageForConnection: <APSConnectionServer: 0x600001d0c420>
2023-02-02 12:21:34.966 Df apsd[31690:2684cf] [com.apple.apsd:courier] <APSCourier 0x154504740 development>: __processStoredIncomingMessageForConnection: <APSConnectionServer: 0x600001d040b0>
2023-02-02 12:21:35.089 Db SpringBoard[31633:2683c3] [com.apple.locationd.Motion:Motion] Ping timer fired, resetting watchdog
2023-02-02 12:21:35.388 Df apsd[31690:2684cf] [com.apple.apsd:courier] <APSCourier 0x154504740 development>: __processStoredIncomingMessageForConnection: <APSConnectionServer: 0x600001d080b0>
2023-02-02 12:21:35.833 I  locationd[31652:26871e] [com.apple.locationd.Core:Simulation] {"msg":"Nowhere to go; not preparing next location"}
2023-02-02 12:21:35.833 Db locationd[31652:26871e] [com.apple.locationd.Core:Simulation] {"msg":"Dealing with no more locations", "repeatBehavior":1}
2023-02-02 12:21:35.834 Db locationd[31652:26871e] [com.apple.locationd.Core:Simulation] {"msg":"Adjust next location timestamp", "originalTimestamp_s":"697044096.834020019", "delta_s":"2.495158076"}
2023-02-02 12:21:35.834 Db locationd[31652:26871e] [com.apple.locationd.Core:Simulation] {"msg":"Preparing next location"}
2023-02-02 12:21:35.834 Db locationd[31652:26871e] [com.apple.locationd.Core:Simulation] {"msg":"No more pending locations"}
2023-02-02 12:21:35.834 Db locationd[31652:26871e] [com.apple.locationd.Core:Simulation] {"msg":"Notify location is", "location":'00 00 00 00 FF FF 00 00 DD 0A 61 35 96 E4 42 40 76 E2 72 BC 02 9A 5E C0 00 00 00 00 00 00 14 40 00 00 00 00 00 00 00 00 00 00 00 00 00 00 F0 BF 00 00 00 00 00 00 F0 BF 00 00 00 00 00 00 F0 BF 00 00 00 00 00 00 F0 BF 00 00 00 00 00 00 F0 BF 00 00 00 00 00 00 F0 BF 00 00 00 00 00 00 F0 BF 82 22 AA 41 06 C6 C4 41 00 00 00 00 00 00 00 00 00 00 F0 BF 01 00 00 00 00 00 00 00 00 00 00 00 00 00 00 00 00 00 00 00 00 00 00 00 00 00 F0 BF FF FF FF 7F 00 00 00 00 00 00 00 00 00 00 00 00 00 00 00 00 00 00 00 00 00 00 00 00 00 00 00 00'}
2023-02-02 12:21:35.834 Df locationd[31652:26871e] [com.apple.locationd.Position:GeneralCLX] @ClxSimulated, Fix, 1, ll, 37.7858340, -122.4064170, acc, 5.00, course, -1.0, time, 697044099.3, deltaDistance, 0.0, deltaDistanceAccuracy, 1.9, odometer, 0.0, timestampGps, 697044099.3
2023-02-02 12:21:35.834 Db locationd[31652:26871e] [com.apple.locationd.Core:Simulation] {"msg":"Notification delay", "notificationDelay_s":"1.000000000"}
2023-02-02 12:21:35.834 Db locationd[31652:2686de] [com.apple.locationd.Core:Simulation] Sending through simulated location for simulated
2023-02-02 12:21:35.834 A  locationd[31652:2686de] CL: notifyClientsWithData (Fallback)
2023-02-02 12:21:35.834 Db locationd[31652:2686de] [com.apple.locationd.Core:Notifier] {"msg":"notifyClientsWithData", "event":activity, "name":simulated, "notification":3}
2023-02-02 12:21:35.834 A  locationd[31652:2686de] CL: notifyClientsWithData (Fallback)
2023-02-02 12:21:35.834 Db locationd[31652:2686de] [com.apple.locationd.Core:Notifier] {"msg":"notifyClientsWithData", "event":activity, "name":simulated, "notification":4}
2023-02-02 12:21:35.834 A  locationd[31652:2686de] CL: notifyClientsWithData (Fallback)
2023-02-02 12:21:35.834 Db locationd[31652:2686de] [com.apple.locationd.Core:Notifier] {"msg":"notifyClientsWithData", "event":activity, "name":simulated, "notification":40}
2023-02-02 12:21:35.834 A  locationd[31652:2686de] CL: notifyClientsWithData (Fallback)
2023-02-02 12:21:35.835 Db locationd[31652:2686de] [com.apple.locationd.Core:Notifier] {"msg":"notifyClientsWithData", "event":activity, "name":simulated, "notification":2}
2023-02-02 12:21:35.835 A  locationd[31652:2686de] CL: notifyClientsWithData (Fallback)
2023-02-02 12:21:35.835 Db locationd[31652:2686de] [com.apple.locationd.Core:Notifier] {"msg":"notifyClientsWithData", "event":activity, "name":simulated, "notification":1}
2023-02-02 12:21:35.835 A  locationd[31652:2686de] CL: notifyClientsWithData (Fallback)
2023-02-02 12:21:35.835 Db locationd[31652:2686de] [com.apple.locationd.Core:Notifier] {"msg":"notifyClientsWithData", "event":activity, "name":simulated, "notification":5}
2023-02-02 12:21:35.835 A  locationd[31652:2686de] CL: notifyClientsWithData (Fallback)
2023-02-02 12:21:35.835 Db locationd[31652:2686de] [com.apple.locationd.Core:Notifier] {"msg":"notifyClientsWithData", "event":activity, "name":simulated, "notification":0}

